shwaveRepoDir = /home/fnrizzi/ROM/gitrepos/shwave/codes/mycode/python_scripts

Training dirs:
/home/fnrizzi/waveRuns/romAccuracyScenario2/train2/fom_mesh512x2048_nThreads_36_dt_0.1_T_2000_snaps_true_seismo_true_mat_prem_fRank_1_train_0
/home/fnrizzi/waveRuns/romAccuracyScenario2/train2/fom_mesh512x2048_nThreads_36_dt_0.1_T_2000_snaps_true_seismo_true_mat_prem_fRank_1_train_1
/home/fnrizzi/waveRuns/romAccuracyScenario2/train2/fom_mesh512x2048_nThreads_36_dt_0.1_T_2000_snaps_true_seismo_true_mat_prem_fRank_1_train_2

Test dirs:
/home/fnrizzi/waveRuns/romAccuracyScenario2/train2/fom_mesh512x2048_nThreads_36_dt_0.1_T_2000_snaps_true_seismo_true_mat_prem_fRank_1_test_0
/home/fnrizzi/waveRuns/romAccuracyScenario2/train2/fom_mesh512x2048_nThreads_36_dt_0.1_T_2000_snaps_true_seismo_true_mat_prem_fRank_1_test_1
/home/fnrizzi/waveRuns/romAccuracyScenario2/train2/fom_mesh512x2048_nThreads_36_dt_0.1_T_2000_snaps_true_seismo_true_mat_prem_fRank_1_test_2
/home/fnrizzi/waveRuns/romAccuracyScenario2/train2/fom_mesh512x2048_nThreads_36_dt_0.1_T_2000_snaps_true_seismo_true_mat_prem_fRank_1_test_3
/home/fnrizzi/waveRuns/romAccuracyScenario2/train2/fom_mesh512x2048_nThreads_36_dt_0.1_T_2000_snaps_true_seismo_true_mat_prem_fRank_1_test_4
/home/fnrizzi/waveRuns/romAccuracyScenario2/train2/fom_mesh512x2048_nThreads_36_dt_0.1_T_2000_snaps_true_seismo_true_mat_prem_fRank_1_test_5
/home/fnrizzi/waveRuns/romAccuracyScenario2/train2/fom_mesh512x2048_nThreads_36_dt_0.1_T_2000_snaps_true_seismo_true_mat_prem_fRank_1_test_6
/home/fnrizzi/waveRuns/romAccuracyScenario2/train2/fom_mesh512x2048_nThreads_36_dt_0.1_T_2000_snaps_true_seismo_true_mat_prem_fRank_1_test_7
/home/fnrizzi/waveRuns/romAccuracyScenario2/train2/fom_mesh512x2048_nThreads_36_dt_0.1_T_2000_snaps_true_seismo_true_mat_prem_fRank_1_test_8
/home/fnrizzi/waveRuns/romAccuracyScenario2/train2/fom_mesh512x2048_nThreads_36_dt_0.1_T_2000_snaps_true_seismo_true_mat_prem_fRank_1_test_9
/home/fnrizzi/waveRuns/romAccuracyScenario2/train2/fom_mesh512x2048_nThreads_36_dt_0.1_T_2000_snaps_true_seismo_true_mat_prem_fRank_1_test_10
/home/fnrizzi/waveRuns/romAccuracyScenario2/train2/fom_mesh512x2048_nThreads_36_dt_0.1_T_2000_snaps_true_seismo_true_mat_prem_fRank_1_test_11
/home/fnrizzi/waveRuns/romAccuracyScenario2/train2/fom_mesh512x2048_nThreads_36_dt_0.1_T_2000_snaps_true_seismo_true_mat_prem_fRank_1_test_12
/home/fnrizzi/waveRuns/romAccuracyScenario2/train2/fom_mesh512x2048_nThreads_36_dt_0.1_T_2000_snaps_true_seismo_true_mat_prem_fRank_1_test_13

Training points [35.         65.         45.10421777]

Test points [51.78003645 58.80395329 58.83554562 64.08890905 46.17785622 40.08888812
 45.55167583 43.35243551 40.70883774 63.25453819 31.         69.
 35.         65.        ]
Reading /home/fnrizzi/waveRuns/romAccuracyScenario2/train2/fom_mesh512x2048_nThreads_36_dt_0.1_T_2000_snaps_true_seismo_true_mat_prem_fRank_1_train_0/state_timestep_20000_sp
Reading /home/fnrizzi/waveRuns/romAccuracyScenario2/train2/fom_mesh512x2048_nThreads_36_dt_0.1_T_2000_snaps_true_seismo_true_mat_prem_fRank_1_train_1/state_timestep_20000_sp
Reading /home/fnrizzi/waveRuns/romAccuracyScenario2/train2/fom_mesh512x2048_nThreads_36_dt_0.1_T_2000_snaps_true_seismo_true_mat_prem_fRank_1_train_2/state_timestep_20000_sp
2094592

Interpolating
25.0 % done
50.0 % done
75.0 % done
99.99995225800538 % done

Saving interpolation results in /home/fnrizzi/waveRuns/romAccuracyScenario2/train2/interpolation_n3

Reading test data
Reading /home/fnrizzi/waveRuns/romAccuracyScenario2/train2/fom_mesh512x2048_nThreads_36_dt_0.1_T_2000_snaps_true_seismo_true_mat_prem_fRank_1_test_0/state_timestep_20000_sp
Reading /home/fnrizzi/waveRuns/romAccuracyScenario2/train2/fom_mesh512x2048_nThreads_36_dt_0.1_T_2000_snaps_true_seismo_true_mat_prem_fRank_1_test_1/state_timestep_20000_sp
Reading /home/fnrizzi/waveRuns/romAccuracyScenario2/train2/fom_mesh512x2048_nThreads_36_dt_0.1_T_2000_snaps_true_seismo_true_mat_prem_fRank_1_test_2/state_timestep_20000_sp
Reading /home/fnrizzi/waveRuns/romAccuracyScenario2/train2/fom_mesh512x2048_nThreads_36_dt_0.1_T_2000_snaps_true_seismo_true_mat_prem_fRank_1_test_3/state_timestep_20000_sp
Reading /home/fnrizzi/waveRuns/romAccuracyScenario2/train2/fom_mesh512x2048_nThreads_36_dt_0.1_T_2000_snaps_true_seismo_true_mat_prem_fRank_1_test_4/state_timestep_20000_sp
Reading /home/fnrizzi/waveRuns/romAccuracyScenario2/train2/fom_mesh512x2048_nThreads_36_dt_0.1_T_2000_snaps_true_seismo_true_mat_prem_fRank_1_test_5/state_timestep_20000_sp
Reading /home/fnrizzi/waveRuns/romAccuracyScenario2/train2/fom_mesh512x2048_nThreads_36_dt_0.1_T_2000_snaps_true_seismo_true_mat_prem_fRank_1_test_6/state_timestep_20000_sp
Reading /home/fnrizzi/waveRuns/romAccuracyScenario2/train2/fom_mesh512x2048_nThreads_36_dt_0.1_T_2000_snaps_true_seismo_true_mat_prem_fRank_1_test_7/state_timestep_20000_sp
Reading /home/fnrizzi/waveRuns/romAccuracyScenario2/train2/fom_mesh512x2048_nThreads_36_dt_0.1_T_2000_snaps_true_seismo_true_mat_prem_fRank_1_test_8/state_timestep_20000_sp
Reading /home/fnrizzi/waveRuns/romAccuracyScenario2/train2/fom_mesh512x2048_nThreads_36_dt_0.1_T_2000_snaps_true_seismo_true_mat_prem_fRank_1_test_9/state_timestep_20000_sp
Reading /home/fnrizzi/waveRuns/romAccuracyScenario2/train2/fom_mesh512x2048_nThreads_36_dt_0.1_T_2000_snaps_true_seismo_true_mat_prem_fRank_1_test_10/state_timestep_20000_sp
Reading /home/fnrizzi/waveRuns/romAccuracyScenario2/train2/fom_mesh512x2048_nThreads_36_dt_0.1_T_2000_snaps_true_seismo_true_mat_prem_fRank_1_test_11/state_timestep_20000_sp
Reading /home/fnrizzi/waveRuns/romAccuracyScenario2/train2/fom_mesh512x2048_nThreads_36_dt_0.1_T_2000_snaps_true_seismo_true_mat_prem_fRank_1_test_12/state_timestep_20000_sp
Reading /home/fnrizzi/waveRuns/romAccuracyScenario2/train2/fom_mesh512x2048_nThreads_36_dt_0.1_T_2000_snaps_true_seismo_true_mat_prem_fRank_1_test_13/state_timestep_20000_sp


nn_test0_sp_fom_minmax = -0.8303701152900599 0.9035025046754709
nn_test0_sp_rom_minmax = -1.2359740792859173 1.2556837067433315
nn_test0_sp_err_minmax = -0.39963109725890245 0.4056039639958574
nn_test0_sp_err_abs_rel_ltwo_norms = 10.628521727973455 0.3984030646741795
nn_test0_sp_err_abs_rel_linf_norms = 0.4056039639958574 0.44892400618363126
linear_test0_sp_fom_minmax = -0.8303701152900599 0.9035025046754709
linear_test0_sp_rom_minmax = -0.9435933945535289 0.964825707892013
linear_test0_sp_err_minmax = -0.1481511359312274 0.12973347127572205
linear_test0_sp_err_abs_rel_ltwo_norms = 4.163755203319712 0.15607559320217235
linear_test0_sp_err_abs_rel_linf_norms = 0.1481511359312274 0.16397423932371036
quadratic_test0_sp_fom_minmax = -0.8303701152900599 0.9035025046754709
quadratic_test0_sp_rom_minmax = -0.8754591005743875 0.9860644212612253
quadratic_test0_sp_err_minmax = -0.09608625797083957 0.10316260747227302
quadratic_test0_sp_err_abs_rel_ltwo_norms = 3.769786742007673 0.14130794757949036
quadratic_test0_sp_err_abs_rel_linf_norms = 0.10316260747227302 0.1141807653420153


nn_test1_sp_fom_minmax = -0.5333560753871908 0.5913344063462482
nn_test1_sp_rom_minmax = -0.3882001245748058 0.39643063846874643
nn_test1_sp_err_minmax = -0.17023146791243515 0.20317202714840749
nn_test1_sp_err_abs_rel_ltwo_norms = 5.274847778392342 0.23815252241929413
nn_test1_sp_err_abs_rel_linf_norms = 0.20317202714840749 0.3435822860431407
linear_test1_sp_fom_minmax = -0.5333560753871908 0.5913344063462482
linear_test1_sp_rom_minmax = -0.6372431777703573 0.6588014594458627
linear_test1_sp_err_minmax = -0.12760280390295667 0.10849988988467724
linear_test1_sp_err_abs_rel_ltwo_norms = 3.426960241073265 0.1547228014778792
linear_test1_sp_err_abs_rel_linf_norms = 0.12760280390295667 0.2157878901236139
quadratic_test1_sp_fom_minmax = -0.5333560753871908 0.5913344063462482
quadratic_test1_sp_rom_minmax = -0.5849406667995138 0.6797352854831975
quadratic_test1_sp_err_minmax = -0.11209547261408231 0.1274457552871989
quadratic_test1_sp_err_abs_rel_ltwo_norms = 4.325035620680375 0.19526973779938267
quadratic_test1_sp_err_abs_rel_linf_norms = 0.1274457552871989 0.21552230670064323


nn_test2_sp_fom_minmax = -0.5323036033585555 0.5901295879730385
nn_test2_sp_rom_minmax = -0.3882001245748058 0.39643063846874643
nn_test2_sp_err_minmax = -0.1692799056992058 0.20196442687145028
nn_test2_sp_err_abs_rel_ltwo_norms = 5.244504786812113 0.2369654343160495
nn_test2_sp_err_abs_rel_linf_norms = 0.20196442687145028 0.34223741867468865
linear_test2_sp_fom_minmax = -0.5323036033585555 0.5901295879730385
linear_test2_sp_rom_minmax = -0.6358681542671224 0.6574250166004315
linear_test2_sp_err_minmax = -0.12717280947190787 0.10816376730856464
linear_test2_sp_err_abs_rel_ltwo_norms = 3.4149986218431794 0.1543018196205473
linear_test2_sp_err_abs_rel_linf_norms = 0.12717280947190787 0.21549980218534318
quadratic_test2_sp_fom_minmax = -0.5323036033585555 0.5901295879730385
quadratic_test2_sp_rom_minmax = -0.5839087290230601 0.6783002243519537
quadratic_test2_sp_err_minmax = -0.11184835334792897 0.12718657796403002
quadratic_test2_sp_err_abs_rel_ltwo_norms = 4.315383040467354 0.1949843994796025
quadratic_test2_sp_err_abs_rel_linf_norms = 0.12718657796403002 0.21552313348816673


nn_test3_sp_fom_minmax = -0.4049200801282478 0.4145446855028664
nn_test3_sp_rom_minmax = -0.3882001245748058 0.39643063846874643
nn_test3_sp_err_minmax = -0.023312604851592977 0.025796516950724213
nn_test3_sp_err_abs_rel_ltwo_norms = 0.6957704370224826 0.035507526749483986
nn_test3_sp_err_abs_rel_linf_norms = 0.025796516950724213 0.062228555455804635
linear_test3_sp_fom_minmax = -0.4049200801282478 0.4145446855028664
linear_test3_sp_rom_minmax = -0.4179100342804303 0.4285418118511839
linear_test3_sp_err_minmax = -0.02352509042388362 0.0208296729545267
linear_test3_sp_err_abs_rel_ltwo_norms = 0.623635351226179 0.031826228504836365
linear_test3_sp_err_abs_rel_linf_norms = 0.02352509042388362 0.0567492269146964
quadratic_test3_sp_fom_minmax = -0.4049200801282478 0.4145446855028664
quadratic_test3_sp_rom_minmax = -0.40830319325507713 0.43270435440855476
quadratic_test3_sp_err_minmax = -0.02619562572517152 0.02871713871087258
quadratic_test3_sp_err_abs_rel_ltwo_norms = 0.9531570621564835 0.04864283976452896
quadratic_test3_sp_err_abs_rel_linf_norms = 0.02871713871087258 0.06927392803513341


nn_test4_sp_fom_minmax = -1.1636066741885316 1.1986252626742355
nn_test4_sp_rom_minmax = -1.2359740792859173 1.2556837067433315
nn_test4_sp_err_minmax = -0.0759133479579881 0.07242771694457262
nn_test4_sp_err_abs_rel_ltwo_norms = 1.988633517634479 0.06276548030518174
nn_test4_sp_err_abs_rel_linf_norms = 0.0759133479579881 0.06333367927572202
linear_test4_sp_fom_minmax = -1.1636066741885316 1.1986252626742355
linear_test4_sp_rom_minmax = -1.1889519597199776 1.208906473113091
linear_test4_sp_err_minmax = -0.03599811642696035 0.034690033131457715
linear_test4_sp_err_abs_rel_ltwo_norms = 1.082201707771717 0.03415657504162851
linear_test4_sp_err_abs_rel_linf_norms = 0.03599811642696035 0.03003283640680614
quadratic_test4_sp_fom_minmax = -1.1636066741885316 1.1986252626742355
quadratic_test4_sp_rom_minmax = -1.1729949456498103 1.2137696554775335
quadratic_test4_sp_err_minmax = -0.01667103834053159 0.016216930878638666
quadratic_test4_sp_err_abs_rel_ltwo_norms = 0.664970014100477 0.020987860233396417
quadratic_test4_sp_err_abs_rel_linf_norms = 0.01667103834053159 0.013908465689549275


nn_test5_sp_fom_minmax = -1.5911772184743067 1.5017164637347515
nn_test5_sp_rom_minmax = -1.2359740792859173 1.2556837067433315
nn_test5_sp_err_minmax = -0.35645951774055495 0.4056596396416573
nn_test5_sp_err_abs_rel_ltwo_norms = 11.022712910671423 0.2806299385327604
nn_test5_sp_err_abs_rel_linf_norms = 0.4056596396416573 0.2549430917761771
linear_test5_sp_fom_minmax = -1.5911772184743067 1.5017164637347515
linear_test5_sp_rom_minmax = -1.574438236552908 1.467538410435465
linear_test5_sp_err_minmax = -0.09085756359531971 0.09136014024851451
linear_test5_sp_err_abs_rel_ltwo_norms = 3.461617410809476 0.08813016260987097
linear_test5_sp_err_abs_rel_linf_norms = 0.09136014024851451 0.05741669701387177
quadratic_test5_sp_fom_minmax = -1.5911772184743067 1.5017164637347515
quadratic_test5_sp_rom_minmax = -1.554284903905289 1.4589713801827102
quadratic_test5_sp_err_minmax = -0.054955656676952735 0.05607099698116147
quadratic_test5_sp_err_abs_rel_ltwo_norms = 2.1982166723463967 0.0559649348251675
quadratic_test5_sp_err_abs_rel_linf_norms = 0.05607099698116147 0.03523868763966147


nn_test6_sp_fom_minmax = -1.2055459987463144 1.2320072712135786
nn_test6_sp_rom_minmax = -1.2359740792859173 1.2556837067433315
nn_test6_sp_err_minmax = -0.032167260226914074 0.03045965446618948
nn_test6_sp_err_abs_rel_ltwo_norms = 0.8432349863041874 0.026069611470038456
nn_test6_sp_err_abs_rel_linf_norms = 0.032167260226914074 0.02610963504722499
linear_test6_sp_fom_minmax = -1.2055459987463144 1.2320072712135786
linear_test6_sp_rom_minmax = -1.2163767686745173 1.236188456732146
linear_test6_sp_err_minmax = -0.015652204764171895 0.015166539548877533
linear_test6_sp_err_abs_rel_ltwo_norms = 0.4726956515648923 0.014613947689580374
linear_test6_sp_err_abs_rel_linf_norms = 0.015652204764171895 0.012704636676984724
quadratic_test6_sp_fom_minmax = -1.2055459987463144 1.2320072712135786
quadratic_test6_sp_rom_minmax = -1.2095051507967762 1.238282703859539
quadratic_test6_sp_err_minmax = -0.006918688522469456 0.006667202834356886
quadratic_test6_sp_err_abs_rel_ltwo_norms = 0.27481230444707566 0.008496148903310283
quadratic_test6_sp_err_abs_rel_linf_norms = 0.006918688522469456 0.005615785461764572


nn_test7_sp_fom_minmax = -1.358115975068079 1.3459612899400317
nn_test7_sp_rom_minmax = -1.2359740792859173 1.2556837067433315
nn_test7_sp_err_minmax = -0.12237276759145099 0.13283709485410256
nn_test7_sp_err_abs_rel_ltwo_norms = 3.5096481133171373 0.10065324432040831
nn_test7_sp_err_abs_rel_linf_norms = 0.13283709485410256 0.09780983162902841
linear_test7_sp_fom_minmax = -1.358115975068079 1.3459612899400317
linear_test7_sp_rom_minmax = -1.3541947242193915 1.3196975191400004
linear_test7_sp_err_minmax = -0.05079758747756169 0.04936721247099947
linear_test7_sp_err_abs_rel_ltwo_norms = 1.7988839220907107 0.051590215619399755
linear_test7_sp_err_abs_rel_linf_norms = 0.05079758747756169 0.03740298207965291
quadratic_test7_sp_fom_minmax = -1.358115975068079 1.3459612899400317
quadratic_test7_sp_rom_minmax = -1.342641113211766 1.3228808679951602
quadratic_test7_sp_err_minmax = -0.02479111402918513 0.025578658939918564
quadratic_test7_sp_err_abs_rel_ltwo_norms = 1.0046638901004936 0.02881276889454337
quadratic_test7_sp_err_abs_rel_linf_norms = 0.025578658939918564 0.01883392833122103


nn_test8_sp_fom_minmax = -1.5470657008854076 1.472142316594941
nn_test8_sp_rom_minmax = -1.2359740792859173 1.2556837067433315
nn_test8_sp_err_minmax = -0.31208447093869696 0.3517423662361704
nn_test8_sp_err_abs_rel_ltwo_norms = 9.490174050520753 0.2473240603101554
nn_test8_sp_err_abs_rel_linf_norms = 0.3517423662361704 0.22736097506063463
linear_test8_sp_fom_minmax = -1.5470657008854076 1.472142316594941
linear_test8_sp_rom_minmax = -1.53260036360075 1.4345085211421715
linear_test8_sp_err_minmax = -0.08913346478563111 0.08900712731255557
linear_test8_sp_err_abs_rel_ltwo_norms = 3.3400719598699493 0.08704583861639555
linear_test8_sp_err_abs_rel_linf_norms = 0.08913346478563111 0.057614531001895244
quadratic_test8_sp_fom_minmax = -1.5470657008854076 1.472142316594941
quadratic_test8_sp_rom_minmax = -1.5127865251940342 1.4260858073398677
quadratic_test8_sp_err_minmax = -0.05177989565675911 0.05295696174116177
quadratic_test8_sp_err_abs_rel_ltwo_norms = 2.073270607501742 0.05403164389181
quadratic_test8_sp_err_abs_rel_linf_norms = 0.05295696174116177 0.034230583556246995


nn_test9_sp_fom_minmax = -0.42112955016071196 0.43925576279258444
nn_test9_sp_rom_minmax = -0.3882001245748058 0.39643063846874643
nn_test9_sp_err_minmax = -0.04514169742994523 0.05060238405854722
nn_test9_sp_err_abs_rel_ltwo_norms = 1.3557607231646003 0.06791846434845719
nn_test9_sp_err_abs_rel_linf_norms = 0.05060238405854722 0.11520027361016445
linear_test9_sp_fom_minmax = -0.42112955016071196 0.43925576279258444
linear_test9_sp_rom_minmax = -0.445118166076791 0.4648944224057868
linear_test9_sp_err_minmax = -0.043793603244069654 0.03855707437967948
linear_test9_sp_err_abs_rel_ltwo_norms = 1.1624945171773486 0.0582365612686369
linear_test9_sp_err_abs_rel_linf_norms = 0.043793603244069654 0.09969955309328268
quadratic_test9_sp_fom_minmax = -0.42112955016071196 0.43925576279258444
quadratic_test9_sp_rom_minmax = -0.4275223271659381 0.47251851320793226
quadratic_test9_sp_err_minmax = -0.04701711464271184 0.05194189618305406
quadratic_test9_sp_err_abs_rel_ltwo_norms = 1.7278714923539873 0.08655980096416471
quadratic_test9_sp_err_abs_rel_linf_norms = 0.05194189618305406 0.11824977742541515


nn_test10_sp_fom_minmax = -2.0760992946412564 1.8039889154082287
nn_test10_sp_rom_minmax = -1.9181854392302928 1.7386659448612778
nn_test10_sp_err_minmax = -0.45445766802266263 0.4359685747208948
nn_test10_sp_err_abs_rel_ltwo_norms = 16.73097780592372 0.2879347215552763
nn_test10_sp_err_abs_rel_linf_norms = 0.45445766802266263 0.21889977478229986
linear_test10_sp_fom_minmax = -2.0760992946412564 1.8039889154082287
linear_test10_sp_rom_minmax = -2.189948243544211 1.9517793228767348
linear_test10_sp_err_minmax = -0.25043016352208847 0.25137432883766986
linear_test10_sp_err_abs_rel_ltwo_norms = 10.07362519325495 0.17336383436269465
linear_test10_sp_err_abs_rel_linf_norms = 0.25137432883766986 0.12108010897480054
quadratic_test10_sp_fom_minmax = -2.0760992946412564 1.8039889154082287
quadratic_test10_sp_rom_minmax = -2.235357909182954 1.970716572757133
quadratic_test10_sp_err_minmax = -0.20106380311872324 0.21168686864470598
quadratic_test10_sp_err_abs_rel_ltwo_norms = 8.35195162571975 0.1437343886107667
quadratic_test10_sp_err_abs_rel_linf_norms = 0.21168686864470598 0.10196374961019619


nn_test11_sp_fom_minmax = -0.3438349054478519 0.37960949010065237
nn_test11_sp_rom_minmax = -0.3882001245748058 0.39643063846874643
nn_test11_sp_err_minmax = -0.0984391768137362 0.09449855149866698
nn_test11_sp_err_abs_rel_ltwo_norms = 2.7692822309136096 0.15686872218784845
nn_test11_sp_err_abs_rel_linf_norms = 0.0984391768137362 0.2593169543459921
linear_test11_sp_fom_minmax = -0.3438349054478519 0.37960949010065237
linear_test11_sp_rom_minmax = -0.3684677753920106 0.4080598202869566
linear_test11_sp_err_minmax = -0.10763105315809993 0.1177988396290082
linear_test11_sp_err_abs_rel_ltwo_norms = 3.1149214828453378 0.17644779837706243
linear_test11_sp_err_abs_rel_linf_norms = 0.1177988396290082 0.31031584483774144
quadratic_test11_sp_fom_minmax = -0.3438349054478519 0.37960949010065237
quadratic_test11_sp_rom_minmax = -0.36944946273363943 0.40958810698543335
quadratic_test11_sp_err_minmax = -0.1677964399076952 0.15940900590026136
quadratic_test11_sp_err_abs_rel_ltwo_norms = 5.53338207413316 0.3134438829154838
quadratic_test11_sp_err_abs_rel_linf_norms = 0.1677964399076952 0.4420238278637461


nn_test12_sp_fom_minmax = -1.9181854392302928 1.7386659448612778
nn_test12_sp_rom_minmax = -1.9181854392302928 1.7386659448612778
nn_test12_sp_err_minmax = 0.0 0.0
nn_test12_sp_err_abs_rel_ltwo_norms = 0.0 0.0
nn_test12_sp_err_abs_rel_linf_norms = 0.0 0.0
linear_test12_sp_fom_minmax = -1.9181854392302928 1.7386659448612778
linear_test12_sp_rom_minmax = -1.9181854392302928 1.7386659448612778
linear_test12_sp_err_minmax = 0.0 0.0
linear_test12_sp_err_abs_rel_ltwo_norms = 0.0 0.0
linear_test12_sp_err_abs_rel_linf_norms = 0.0 0.0
quadratic_test12_sp_fom_minmax = -1.9181854392302928 1.7386659448612778
quadratic_test12_sp_rom_minmax = -1.9181854392302928 1.7386659448612778
quadratic_test12_sp_err_minmax = 0.0 0.0
quadratic_test12_sp_err_abs_rel_ltwo_norms = 0.0 0.0
quadratic_test12_sp_err_abs_rel_linf_norms = 0.0 0.0


nn_test13_sp_fom_minmax = -0.3882001245748058 0.39643063846874643
nn_test13_sp_rom_minmax = -0.3882001245748058 0.39643063846874643
nn_test13_sp_err_minmax = 0.0 0.0
nn_test13_sp_err_abs_rel_ltwo_norms = 0.0 0.0
nn_test13_sp_err_abs_rel_linf_norms = 0.0 0.0
linear_test13_sp_fom_minmax = -0.3882001245748058 0.39643063846874643
linear_test13_sp_rom_minmax = -0.3882001245748058 0.39643063846874643
linear_test13_sp_err_minmax = -1.6653345369377348e-16 1.6653345369377348e-16
linear_test13_sp_err_abs_rel_ltwo_norms = 1.6133536917865725e-15 8.399323229652813e-17
linear_test13_sp_err_abs_rel_linf_norms = 1.6653345369377348e-16 4.2008219732214905e-16
quadratic_test13_sp_fom_minmax = -0.3882001245748058 0.39643063846874643
quadratic_test13_sp_rom_minmax = -0.3882001245748058 0.39643063846874643
quadratic_test13_sp_err_minmax = 0.0 0.0
quadratic_test13_sp_err_abs_rel_ltwo_norms = 0.0 0.0
quadratic_test13_sp_err_abs_rel_linf_norms = 0.0 0.0
