shwaveRepoDir = /home/fnrizzi/ROM/gitrepos/shwave/codes/mycode/python_scripts

Training dirs:
/home/fnrizzi/waveRuns/romAccuracyScenario1/train3//fom_mesh256x1024_nThreads_36_dt_0.1_T_2000_snaps_true_seismo_true_mat_bilayer_fRank_1_train_0
/home/fnrizzi/waveRuns/romAccuracyScenario1/train3//fom_mesh256x1024_nThreads_36_dt_0.1_T_2000_snaps_true_seismo_true_mat_bilayer_fRank_1_train_1
/home/fnrizzi/waveRuns/romAccuracyScenario1/train3//fom_mesh256x1024_nThreads_36_dt_0.1_T_2000_snaps_true_seismo_true_mat_bilayer_fRank_1_train_2
/home/fnrizzi/waveRuns/romAccuracyScenario1/train3//fom_mesh256x1024_nThreads_36_dt_0.1_T_2000_snaps_true_seismo_true_mat_bilayer_fRank_1_train_3

Test dirs:
/home/fnrizzi/waveRuns/romAccuracyScenario1/train3//fom_mesh256x1024_nThreads_36_dt_0.1_T_2000_snaps_true_seismo_true_mat_bilayer_fRank_1_test_0
/home/fnrizzi/waveRuns/romAccuracyScenario1/train3//fom_mesh256x1024_nThreads_36_dt_0.1_T_2000_snaps_true_seismo_true_mat_bilayer_fRank_1_test_1
/home/fnrizzi/waveRuns/romAccuracyScenario1/train3//fom_mesh256x1024_nThreads_36_dt_0.1_T_2000_snaps_true_seismo_true_mat_bilayer_fRank_1_test_2
/home/fnrizzi/waveRuns/romAccuracyScenario1/train3//fom_mesh256x1024_nThreads_36_dt_0.1_T_2000_snaps_true_seismo_true_mat_bilayer_fRank_1_test_3
/home/fnrizzi/waveRuns/romAccuracyScenario1/train3//fom_mesh256x1024_nThreads_36_dt_0.1_T_2000_snaps_true_seismo_true_mat_bilayer_fRank_1_test_4
/home/fnrizzi/waveRuns/romAccuracyScenario1/train3//fom_mesh256x1024_nThreads_36_dt_0.1_T_2000_snaps_true_seismo_true_mat_bilayer_fRank_1_test_5
/home/fnrizzi/waveRuns/romAccuracyScenario1/train3//fom_mesh256x1024_nThreads_36_dt_0.1_T_2000_snaps_true_seismo_true_mat_bilayer_fRank_1_test_6
/home/fnrizzi/waveRuns/romAccuracyScenario1/train3//fom_mesh256x1024_nThreads_36_dt_0.1_T_2000_snaps_true_seismo_true_mat_bilayer_fRank_1_test_7
/home/fnrizzi/waveRuns/romAccuracyScenario1/train3//fom_mesh256x1024_nThreads_36_dt_0.1_T_2000_snaps_true_seismo_true_mat_bilayer_fRank_1_test_8
/home/fnrizzi/waveRuns/romAccuracyScenario1/train3//fom_mesh256x1024_nThreads_36_dt_0.1_T_2000_snaps_true_seismo_true_mat_bilayer_fRank_1_test_9
/home/fnrizzi/waveRuns/romAccuracyScenario1/train3//fom_mesh256x1024_nThreads_36_dt_0.1_T_2000_snaps_true_seismo_true_mat_bilayer_fRank_1_test_10
/home/fnrizzi/waveRuns/romAccuracyScenario1/train3//fom_mesh256x1024_nThreads_36_dt_0.1_T_2000_snaps_true_seismo_true_mat_bilayer_fRank_1_test_11
/home/fnrizzi/waveRuns/romAccuracyScenario1/train3//fom_mesh256x1024_nThreads_36_dt_0.1_T_2000_snaps_true_seismo_true_mat_bilayer_fRank_1_test_12
/home/fnrizzi/waveRuns/romAccuracyScenario1/train3//fom_mesh256x1024_nThreads_36_dt_0.1_T_2000_snaps_true_seismo_true_mat_bilayer_fRank_1_test_13

Training points [6000.         6200.         6100.         6067.36145182]

Test points [6111.86690969 6158.69302191 6158.90363747 6193.92606032 6074.51904146
 6033.9259208  6070.34450551 6055.68290343 6038.05891825 6188.36358797
 5950.         6250.         6000.         6200.        ]
Reading /home/fnrizzi/waveRuns/romAccuracyScenario1/train3//fom_mesh256x1024_nThreads_36_dt_0.1_T_2000_snaps_true_seismo_true_mat_bilayer_fRank_1_train_0/state_timestep_20000_vp
Reading /home/fnrizzi/waveRuns/romAccuracyScenario1/train3//fom_mesh256x1024_nThreads_36_dt_0.1_T_2000_snaps_true_seismo_true_mat_bilayer_fRank_1_train_1/state_timestep_20000_vp
Reading /home/fnrizzi/waveRuns/romAccuracyScenario1/train3//fom_mesh256x1024_nThreads_36_dt_0.1_T_2000_snaps_true_seismo_true_mat_bilayer_fRank_1_train_2/state_timestep_20000_vp
Reading /home/fnrizzi/waveRuns/romAccuracyScenario1/train3//fom_mesh256x1024_nThreads_36_dt_0.1_T_2000_snaps_true_seismo_true_mat_bilayer_fRank_1_train_3/state_timestep_20000_vp
262144

Interpolating
25.0 % done
50.0 % done
75.0 % done
99.99961853027344 % done

Saving interpolation results in /home/fnrizzi/waveRuns/romAccuracyScenario1/train3//interpolation_n4

Reading test data
Reading /home/fnrizzi/waveRuns/romAccuracyScenario1/train3//fom_mesh256x1024_nThreads_36_dt_0.1_T_2000_snaps_true_seismo_true_mat_bilayer_fRank_1_test_0/state_timestep_20000_vp
Reading /home/fnrizzi/waveRuns/romAccuracyScenario1/train3//fom_mesh256x1024_nThreads_36_dt_0.1_T_2000_snaps_true_seismo_true_mat_bilayer_fRank_1_test_1/state_timestep_20000_vp
Reading /home/fnrizzi/waveRuns/romAccuracyScenario1/train3//fom_mesh256x1024_nThreads_36_dt_0.1_T_2000_snaps_true_seismo_true_mat_bilayer_fRank_1_test_2/state_timestep_20000_vp
Reading /home/fnrizzi/waveRuns/romAccuracyScenario1/train3//fom_mesh256x1024_nThreads_36_dt_0.1_T_2000_snaps_true_seismo_true_mat_bilayer_fRank_1_test_3/state_timestep_20000_vp
Reading /home/fnrizzi/waveRuns/romAccuracyScenario1/train3//fom_mesh256x1024_nThreads_36_dt_0.1_T_2000_snaps_true_seismo_true_mat_bilayer_fRank_1_test_4/state_timestep_20000_vp
Reading /home/fnrizzi/waveRuns/romAccuracyScenario1/train3//fom_mesh256x1024_nThreads_36_dt_0.1_T_2000_snaps_true_seismo_true_mat_bilayer_fRank_1_test_5/state_timestep_20000_vp
Reading /home/fnrizzi/waveRuns/romAccuracyScenario1/train3//fom_mesh256x1024_nThreads_36_dt_0.1_T_2000_snaps_true_seismo_true_mat_bilayer_fRank_1_test_6/state_timestep_20000_vp
Reading /home/fnrizzi/waveRuns/romAccuracyScenario1/train3//fom_mesh256x1024_nThreads_36_dt_0.1_T_2000_snaps_true_seismo_true_mat_bilayer_fRank_1_test_7/state_timestep_20000_vp
Reading /home/fnrizzi/waveRuns/romAccuracyScenario1/train3//fom_mesh256x1024_nThreads_36_dt_0.1_T_2000_snaps_true_seismo_true_mat_bilayer_fRank_1_test_8/state_timestep_20000_vp
Reading /home/fnrizzi/waveRuns/romAccuracyScenario1/train3//fom_mesh256x1024_nThreads_36_dt_0.1_T_2000_snaps_true_seismo_true_mat_bilayer_fRank_1_test_9/state_timestep_20000_vp
Reading /home/fnrizzi/waveRuns/romAccuracyScenario1/train3//fom_mesh256x1024_nThreads_36_dt_0.1_T_2000_snaps_true_seismo_true_mat_bilayer_fRank_1_test_10/state_timestep_20000_vp
Reading /home/fnrizzi/waveRuns/romAccuracyScenario1/train3//fom_mesh256x1024_nThreads_36_dt_0.1_T_2000_snaps_true_seismo_true_mat_bilayer_fRank_1_test_11/state_timestep_20000_vp
Reading /home/fnrizzi/waveRuns/romAccuracyScenario1/train3//fom_mesh256x1024_nThreads_36_dt_0.1_T_2000_snaps_true_seismo_true_mat_bilayer_fRank_1_test_12/state_timestep_20000_vp
Reading /home/fnrizzi/waveRuns/romAccuracyScenario1/train3//fom_mesh256x1024_nThreads_36_dt_0.1_T_2000_snaps_true_seismo_true_mat_bilayer_fRank_1_test_13/state_timestep_20000_vp


nn_test0_vp_fom_minmax = -2.9149490631310344e-10 3.672894543694797e-10
nn_test0_vp_rom_minmax = -2.9842701603547127e-10 3.69101197967144e-10
nn_test0_vp_err_minmax = -3.0669592174473335e-11 3.633132150427803e-11
nn_test0_vp_err_abs_rel_ltwo_norms = 1.7193631418803386e-09 0.12385000018978512
nn_test0_vp_err_abs_rel_linf_norms = 3.633132150427803e-11 0.09891740988492977
linear_test0_vp_fom_minmax = -2.9149490631310344e-10 3.672894543694797e-10
linear_test0_vp_rom_minmax = -2.813354135452043e-10 3.5624425823149887e-10
linear_test0_vp_err_minmax = -1.9060658322767725e-11 2.4978596575541508e-11
linear_test0_vp_err_abs_rel_ltwo_norms = 1.0048269433976278e-09 0.07238018199831721
linear_test0_vp_err_abs_rel_linf_norms = 2.4978596575541508e-11 0.06800793292152069
quadratic_test0_vp_fom_minmax = -2.9149490631310344e-10 3.672894543694797e-10
quadratic_test0_vp_rom_minmax = -2.9171171419052613e-10 3.681563468334285e-10
quadratic_test0_vp_err_minmax = -5.285439886489022e-12 5.372110052256993e-12
quadratic_test0_vp_err_abs_rel_ltwo_norms = 2.8549069419365266e-10 0.020564604223978742
quadratic_test0_vp_err_abs_rel_linf_norms = 5.372110052256993e-12 0.014626366176178986
cubicSpline_test0_vp_fom_minmax = -2.9149490631310344e-10 3.672894543694797e-10
cubicSpline_test0_vp_rom_minmax = -2.9147067469435597e-10 3.6805768300678506e-10
cubicSpline_test0_vp_err_minmax = -4.040899645773909e-12 3.4428865416124804e-12
cubicSpline_test0_vp_err_abs_rel_ltwo_norms = 2.5722717838615775e-10 0.018528712937921465
cubicSpline_test0_vp_err_abs_rel_linf_norms = 4.040899645773909e-12 0.011001948457003375
rbf_test0_vp_fom_minmax = -2.9149490631310344e-10 3.672894543694797e-10
rbf_test0_vp_rom_minmax = -2.8640215279225303e-10 3.6201400679696905e-10
rbf_test0_vp_err_minmax = -5.454923110277363e-12 5.7540081076234804e-12
rbf_test0_vp_err_abs_rel_ltwo_norms = 3.3947667179938786e-10 0.02445334836060359
rbf_test0_vp_err_abs_rel_linf_norms = 5.7540081076234804e-12 0.015666140258508918


nn_test1_vp_fom_minmax = -2.6789588453674096e-10 3.5561590732223824e-10
nn_test1_vp_rom_minmax = -2.5007619759604187e-10 3.4131847806780713e-10
nn_test1_vp_err_minmax = -1.2089338903849147e-10 9.762716772651237e-11
nn_test1_vp_err_abs_rel_ltwo_norms = 5.660541208695418e-09 0.41209710360788565
nn_test1_vp_err_abs_rel_linf_norms = 1.2089338903849147e-10 0.33995495294012534
linear_test1_vp_fom_minmax = -2.6789588453674096e-10 3.5561590732223824e-10
linear_test1_vp_rom_minmax = -2.444432800674804e-10 3.261540606177252e-10
linear_test1_vp_err_minmax = -4.4603143453017694e-11 5.778568807865286e-11
linear_test1_vp_err_abs_rel_ltwo_norms = 2.301050338523518e-09 0.16752040923310066
linear_test1_vp_err_abs_rel_linf_norms = 5.778568807865286e-11 0.16249466598323697
quadratic_test1_vp_fom_minmax = -2.6789588453674096e-10 3.5561590732223824e-10
quadratic_test1_vp_rom_minmax = -2.6738831471745266e-10 3.569527049149722e-10
quadratic_test1_vp_err_minmax = -2.6894765274148995e-11 2.8586159560404487e-11
quadratic_test1_vp_err_abs_rel_ltwo_norms = 1.0947195376985562e-09 0.07969745897362886
quadratic_test1_vp_err_abs_rel_linf_norms = 2.8586159560404487e-11 0.08038492927849088
cubicSpline_test1_vp_fom_minmax = -2.6789588453674096e-10 3.5561590732223824e-10
cubicSpline_test1_vp_rom_minmax = -2.6825820527114115e-10 3.596782347409029e-10
cubicSpline_test1_vp_err_minmax = -2.446609987520762e-11 2.006741652768866e-11
cubicSpline_test1_vp_err_abs_rel_ltwo_norms = 9.201513441200429e-10 0.06698859522659754
cubicSpline_test1_vp_err_abs_rel_linf_norms = 2.446609987520762e-11 0.06879922796321335
rbf_test1_vp_fom_minmax = -2.6789588453674096e-10 3.5561590732223824e-10
rbf_test1_vp_rom_minmax = -2.4598765382058974e-10 3.29849623516875e-10
rbf_test1_vp_err_minmax = -3.030856647983792e-11 3.04336305036944e-11
rbf_test1_vp_err_abs_rel_ltwo_norms = 1.4861654759526282e-09 0.10819539431694425
rbf_test1_vp_err_abs_rel_linf_norms = 3.04336305036944e-11 0.08558005948850098


nn_test2_vp_fom_minmax = -2.6781294098337526e-10 3.5554227693485403e-10
nn_test2_vp_rom_minmax = -2.5007619759604187e-10 3.4131847806780713e-10
nn_test2_vp_err_minmax = -1.2028629516277515e-10 9.713419914671631e-11
nn_test2_vp_err_abs_rel_ltwo_norms = 5.632248029034313e-09 0.4100572881688004
nn_test2_vp_err_abs_rel_linf_norms = 1.2028629516277515e-10 0.3383178400042007
linear_test2_vp_fom_minmax = -2.6781294098337526e-10 3.5554227693485403e-10
linear_test2_vp_rom_minmax = -2.443958616599161e-10 3.2610851520052494e-10
linear_test2_vp_err_minmax = -4.452995172630863e-11 5.7687977497021654e-11
linear_test2_vp_err_abs_rel_ltwo_norms = 2.2973870575376357e-09 0.1672618645044837
linear_test2_vp_err_abs_rel_linf_norms = 5.7687977497021654e-11 0.16225349624903204
quadratic_test2_vp_fom_minmax = -2.6781294098337526e-10 3.5554227693485403e-10
quadratic_test2_vp_rom_minmax = -2.6727498546162497e-10 3.568775987057267e-10
quadratic_test2_vp_err_minmax = -2.6915524494057464e-11 2.8614458539037784e-11
quadratic_test2_vp_err_abs_rel_ltwo_norms = 1.0957550803208246e-09 0.0797767346923077
quadratic_test2_vp_err_abs_rel_linf_norms = 2.8614458539037784e-11 0.08048117030054575
cubicSpline_test2_vp_fom_minmax = -2.6781294098337526e-10 3.5554227693485403e-10
cubicSpline_test2_vp_rom_minmax = -2.6816201440203177e-10 3.596189418887755e-10
cubicSpline_test2_vp_err_minmax = -2.4515720962523692e-11 2.0101410650481463e-11
cubicSpline_test2_vp_err_abs_rel_ltwo_norms = 9.217743521109313e-10 0.06711002235371524
cubicSpline_test2_vp_err_abs_rel_linf_norms = 2.4515720962523692e-11 0.06895304033566647
rbf_test2_vp_fom_minmax = -2.6781294098337526e-10 3.5554227693485403e-10
rbf_test2_vp_rom_minmax = -2.4589140575528287e-10 3.297564680463914e-10
rbf_test2_vp_err_minmax = -3.032719273382066e-11 3.0448087497195644e-11
rbf_test2_vp_err_abs_rel_ltwo_norms = 1.4870416573475854e-09 0.1082644560862031
rbf_test2_vp_err_abs_rel_linf_norms = 3.0448087497195644e-11 0.08563844434954396


nn_test3_vp_fom_minmax = -2.5237124345143444e-10 3.4328387696801826e-10
nn_test3_vp_rom_minmax = -2.5007619759604187e-10 3.4131847806780713e-10
nn_test3_vp_err_minmax = -1.779640295614624e-11 1.4357419284644073e-11
nn_test3_vp_err_abs_rel_ltwo_norms = 8.465270160903674e-10 0.062139580542331645
nn_test3_vp_err_abs_rel_linf_norms = 1.779640295614624e-11 0.05184165103624785
linear_test3_vp_fom_minmax = -2.5237124345143444e-10 3.4328387696801826e-10
linear_test3_vp_rom_minmax = -2.472323966583944e-10 3.3567066192275025e-10
linear_test3_vp_err_minmax = -1.018182837179303e-11 1.313978130208958e-11
linear_test3_vp_err_abs_rel_ltwo_norms = 5.428901297059519e-10 0.039851019872115506
linear_test3_vp_err_abs_rel_linf_norms = 1.313978130208958e-11 0.03827672134836014
quadratic_test3_vp_fom_minmax = -2.5237124345143444e-10 3.4328387696801826e-10
quadratic_test3_vp_rom_minmax = -2.510454100980295e-10 3.428061428397389e-10
quadratic_test3_vp_err_minmax = -8.711971646200461e-12 9.21349098233144e-12
quadratic_test3_vp_err_abs_rel_ltwo_norms = 3.7611734167292004e-10 0.027609011173905795
quadratic_test3_vp_err_abs_rel_linf_norms = 9.21349098233144e-12 0.026839276763323806
cubicSpline_test3_vp_fom_minmax = -2.5237124345143444e-10 3.4328387696801826e-10
cubicSpline_test3_vp_rom_minmax = -2.514212110364601e-10 3.4494077782743764e-10
cubicSpline_test3_vp_err_minmax = -9.54980891961028e-12 7.595983964874951e-12
cubicSpline_test3_vp_err_abs_rel_ltwo_norms = 3.633181629275286e-10 0.02666948345251285
cubicSpline_test3_vp_err_abs_rel_linf_norms = 9.54980891961028e-12 0.02781898469557304
rbf_test3_vp_fom_minmax = -2.5237124345143444e-10 3.4328387696801826e-10
rbf_test3_vp_rom_minmax = -2.470729814757388e-10 3.37230092006949e-10
rbf_test3_vp_err_minmax = -9.544472826680475e-12 8.576300932461777e-12
rbf_test3_vp_err_abs_rel_ltwo_norms = 4.6451510926845315e-10 0.03409787696892085
rbf_test3_vp_err_abs_rel_linf_norms = 9.544472826680475e-12 0.027803440438216902


nn_test4_vp_fom_minmax = -3.1207237740661305e-10 3.716253074700303e-10
nn_test4_vp_rom_minmax = -3.154875009628517e-10 3.710652752869079e-10
nn_test4_vp_err_minmax = -1.929045772172866e-11 2.262864025545357e-11
nn_test4_vp_err_abs_rel_ltwo_norms = 1.0623596918411174e-09 0.07590446816249889
nn_test4_vp_err_abs_rel_linf_norms = 2.262864025545357e-11 0.060891009844044205
linear_test4_vp_fom_minmax = -3.1207237740661305e-10 3.716253074700303e-10
linear_test4_vp_rom_minmax = -3.100842325191392e-10 3.694023100527346e-10
linear_test4_vp_err_minmax = -3.971119947093257e-12 5.079276455118436e-12
linear_test4_vp_err_abs_rel_ltwo_norms = 2.3754605164934945e-10 0.016972412312911796
linear_test4_vp_err_abs_rel_linf_norms = 5.079276455118436e-12 0.013667735627848903
quadratic_test4_vp_fom_minmax = -3.1207237740661305e-10 3.716253074700303e-10
quadratic_test4_vp_rom_minmax = -3.121821939666373e-10 3.7152532198739804e-10
quadratic_test4_vp_err_minmax = -2.282568600503885e-12 2.180044036254492e-12
quadratic_test4_vp_err_abs_rel_ltwo_norms = 1.507191910722186e-10 0.010768725628503766
quadratic_test4_vp_err_abs_rel_linf_norms = 2.282568600503885e-12 0.00614212367839874
cubicSpline_test4_vp_fom_minmax = -3.1207237740661305e-10 3.716253074700303e-10
cubicSpline_test4_vp_rom_minmax = -3.12114423008886e-10 3.7147297256404417e-10
cubicSpline_test4_vp_err_minmax = -2.2548331230902437e-12 2.1931606642917454e-12
cubicSpline_test4_vp_err_abs_rel_ltwo_norms = 1.494166620313094e-10 0.010675661316222601
cubicSpline_test4_vp_err_abs_rel_linf_norms = 2.2548331230902437e-12 0.006067490770315972
rbf_test4_vp_fom_minmax = -3.1207237740661305e-10 3.716253074700303e-10
rbf_test4_vp_rom_minmax = -3.139470387842861e-10 3.7358721092290653e-10
rbf_test4_vp_err_minmax = -2.3687405994406617e-12 2.246296918126234e-12
rbf_test4_vp_err_abs_rel_ltwo_norms = 1.6879733218722942e-10 0.012060389551033992
rbf_test4_vp_err_abs_rel_linf_norms = 2.3687405994406617e-12 0.0063740023938808005


nn_test5_vp_fom_minmax = -3.335238199830344e-10 3.7148689687324867e-10
nn_test5_vp_rom_minmax = -3.154875009628517e-10 3.710652752869079e-10
nn_test5_vp_err_minmax = -1.061118735038348e-10 9.081039499959041e-11
nn_test5_vp_err_abs_rel_ltwo_norms = 4.9264466797935715e-09 0.3490325235463227
nn_test5_vp_err_abs_rel_linf_norms = 1.061118735038348e-10 0.285640959067367
linear_test5_vp_fom_minmax = -3.335238199830344e-10 3.7148689687324867e-10
linear_test5_vp_rom_minmax = -3.179708235997163e-10 3.576096001781663e-10
linear_test5_vp_err_minmax = -2.4684475688927833e-11 3.2023140502315986e-11
linear_test5_vp_err_abs_rel_ltwo_norms = 1.2119969438344751e-09 0.08586845232123841
linear_test5_vp_err_abs_rel_linf_norms = 3.2023140502315986e-11 0.0862026111064754
quadratic_test5_vp_fom_minmax = -3.335238199830344e-10 3.7148689687324867e-10
quadratic_test5_vp_rom_minmax = -3.3211985293216573e-10 3.7073354818317225e-10
quadratic_test5_vp_err_minmax = -1.12782326590055e-11 1.0150683511809498e-11
quadratic_test5_vp_err_abs_rel_ltwo_norms = 4.1980346087507757e-10 0.02974254485361607
quadratic_test5_vp_err_abs_rel_linf_norms = 1.12782326590055e-11 0.030359705157658987
cubicSpline_test5_vp_fom_minmax = -3.335238199830344e-10 3.7148689687324867e-10
cubicSpline_test5_vp_rom_minmax = -3.3381756307745514e-10 3.721450927271243e-10
cubicSpline_test5_vp_err_minmax = -9.436077464644009e-12 7.712470115982001e-12
cubicSpline_test5_vp_err_abs_rel_ltwo_norms = 3.755926100655946e-10 0.026610261926561143
cubicSpline_test5_vp_err_abs_rel_linf_norms = 9.436077464644009e-12 0.025400835249011752
rbf_test5_vp_fom_minmax = -3.335238199830344e-10 3.7148689687324867e-10
rbf_test5_vp_rom_minmax = -3.230815242197675e-10 3.5958646648525745e-10
rbf_test5_vp_err_minmax = -1.4616820494158108e-11 1.6449604258000512e-11
rbf_test5_vp_err_abs_rel_ltwo_norms = 7.188155015861777e-10 0.050927170187773575
rbf_test5_vp_err_abs_rel_linf_norms = 1.6449604258000512e-11 0.04428044271939184


nn_test6_vp_fom_minmax = -3.139035594411086e-10 3.7138037374264543e-10
nn_test6_vp_rom_minmax = -3.154875009628517e-10 3.710652752869079e-10
nn_test6_vp_err_minmax = -8.053429764483459e-12 9.469116935660801e-12
nn_test6_vp_err_abs_rel_ltwo_norms = 4.449662561631962e-10 0.0317641458690214
nn_test6_vp_err_abs_rel_linf_norms = 9.469116935660801e-12 0.025497084943488672
linear_test6_vp_fom_minmax = -3.139035594411086e-10 3.7138037374264543e-10
linear_test6_vp_rom_minmax = -3.1291205941853673e-10 3.703236752333519e-10
linear_test6_vp_err_minmax = -1.9282721010140275e-12 2.461964230949092e-12
linear_test6_vp_err_abs_rel_ltwo_norms = 1.1675977289100638e-10 0.008334956654294035
linear_test6_vp_err_abs_rel_linf_norms = 2.461964230949092e-12 0.006629225465358472
quadratic_test6_vp_fom_minmax = -3.139035594411086e-10 3.7138037374264543e-10
quadratic_test6_vp_rom_minmax = -3.139556842660854e-10 3.713425285656501e-10
quadratic_test6_vp_err_minmax = -1.1914829848859301e-12 1.1098771010672181e-12
quadratic_test6_vp_err_abs_rel_ltwo_norms = 7.502371726749944e-11 0.005355606781218611
quadratic_test6_vp_err_abs_rel_linf_norms = 1.1914829848859301e-12 0.003208255118272861
cubicSpline_test6_vp_fom_minmax = -3.139035594411086e-10 3.7138037374264543e-10
cubicSpline_test6_vp_rom_minmax = -3.139047772129021e-10 3.7130547611196296e-10
cubicSpline_test6_vp_err_minmax = -1.1808165935383798e-12 1.0912230876020252e-12
cubicSpline_test6_vp_err_abs_rel_ltwo_norms = 7.41897718863117e-11 0.0052960751597350975
cubicSpline_test6_vp_err_abs_rel_linf_norms = 1.1808165935383798e-12 0.003179534183884061
rbf_test6_vp_fom_minmax = -3.139035594411086e-10 3.7138037374264543e-10
rbf_test6_vp_rom_minmax = -3.147759739661064e-10 3.7229868584574997e-10
rbf_test6_vp_err_minmax = -1.227342992396418e-12 1.0640098548118384e-12
rbf_test6_vp_err_abs_rel_ltwo_norms = 8.304731151413277e-11 0.005928375197955427
rbf_test6_vp_err_abs_rel_linf_norms = 1.227342992396418e-12 0.003304813822086697


nn_test7_vp_fom_minmax = -3.2233503147477926e-10 3.724589498060381e-10
nn_test7_vp_rom_minmax = -3.154875009628517e-10 3.710652752869079e-10
nn_test7_vp_err_minmax = -3.719763747081311e-11 3.17912703279959e-11
nn_test7_vp_err_abs_rel_ltwo_norms = 1.7339452869546937e-09 0.12339762444416859
nn_test7_vp_err_abs_rel_linf_norms = 3.719763747081311e-11 0.09987043535988105
linear_test7_vp_fom_minmax = -3.2233503147477926e-10 3.724589498060381e-10
linear_test7_vp_rom_minmax = -3.135646117707571e-10 3.6439903431728684e-10
linear_test7_vp_err_minmax = -1.4065452794925552e-11 1.8144705310799593e-11
linear_test7_vp_err_abs_rel_ltwo_norms = 7.048514069735373e-10 0.050161322771274386
linear_test7_vp_err_abs_rel_linf_norms = 1.8144705310799593e-11 0.0487159868765367
quadratic_test7_vp_fom_minmax = -3.2233503147477926e-10 3.724589498060381e-10
quadratic_test7_vp_rom_minmax = -3.219491251838612e-10 3.724686306547061e-10
quadratic_test7_vp_err_minmax = -4.091114519911351e-12 3.554627719645445e-12
quadratic_test7_vp_err_abs_rel_ltwo_norms = 2.406760876867707e-10 0.017127909227876298
quadratic_test7_vp_err_abs_rel_linf_norms = 4.091114519911351e-12 0.010984068236356899
cubicSpline_test7_vp_fom_minmax = -3.2233503147477926e-10 3.724589498060381e-10
cubicSpline_test7_vp_rom_minmax = -3.2236789722493777e-10 3.728239896055773e-10
cubicSpline_test7_vp_err_minmax = -3.72462177910942e-12 3.455206559622418e-12
cubicSpline_test7_vp_err_abs_rel_ltwo_norms = 2.346472896814903e-10 0.016698864921979018
cubicSpline_test7_vp_err_abs_rel_linf_norms = 3.72462177910942e-12 0.010000086670085537
rbf_test7_vp_fom_minmax = -3.2233503147477926e-10 3.724589498060381e-10
rbf_test7_vp_rom_minmax = -3.181383556704326e-10 3.679529241722235e-10
rbf_test7_vp_err_minmax = -4.922321816109947e-12 5.855437749734473e-12
rbf_test7_vp_err_abs_rel_ltwo_norms = 3.039237349943091e-10 0.02162897941051164
rbf_test7_vp_err_abs_rel_linf_norms = 5.855437749734473e-12 0.015721028459065766


nn_test8_vp_fom_minmax = -3.316282419542549e-10 3.710817387922208e-10
nn_test8_vp_rom_minmax = -3.154875009628517e-10 3.710652752869079e-10
nn_test8_vp_err_minmax = -9.315269833876307e-11 7.978047143693464e-11
nn_test8_vp_err_abs_rel_ltwo_norms = 4.322745582457771e-09 0.30651777637270666
nn_test8_vp_err_abs_rel_linf_norms = 9.315269833876307e-11 0.2510301332583814
linear_test8_vp_fom_minmax = -3.316282419542549e-10 3.710817387922208e-10
linear_test8_vp_rom_minmax = -3.165083867910666e-10 3.5747493008172823e-10
linear_test8_vp_err_minmax = -2.429881680086355e-11 3.1443640850218347e-11
linear_test8_vp_err_abs_rel_ltwo_norms = 1.1911860172636013e-09 0.08446476487989484
linear_test8_vp_err_abs_rel_linf_norms = 3.1443640850218347e-11 0.08473508007308475
quadratic_test8_vp_fom_minmax = -3.316282419542549e-10 3.710817387922208e-10
quadratic_test8_vp_rom_minmax = -3.304190677542053e-10 3.7067317241258654e-10
quadratic_test8_vp_err_minmax = -1.0342121687617908e-11 9.261382545017297e-12
quadratic_test8_vp_err_abs_rel_ltwo_norms = 3.9061360680628813e-10 0.027697677759492768
quadratic_test8_vp_err_abs_rel_linf_norms = 1.0342121687617908e-11 0.027870198413101527
cubicSpline_test8_vp_fom_minmax = -3.316282419542549e-10 3.710817387922208e-10
cubicSpline_test8_vp_rom_minmax = -3.3194113110202524e-10 3.7193897972431757e-10
cubicSpline_test8_vp_err_minmax = -8.538276058604083e-12 7.003071454250961e-12
cubicSpline_test8_vp_err_abs_rel_ltwo_norms = 3.5051391850772435e-10 0.024854284120877097
cubicSpline_test8_vp_err_abs_rel_linf_norms = 8.538276058604083e-12 0.02300915180141728
rbf_test8_vp_fom_minmax = -3.316282419542549e-10 3.710817387922208e-10
rbf_test8_vp_rom_minmax = -3.2210569539403104e-10 3.603600746719954e-10
rbf_test8_vp_err_minmax = -1.3216566681049104e-11 1.5021339573141395e-11
rbf_test8_vp_err_abs_rel_ltwo_norms = 6.543144253259406e-10 0.046396207890046934
rbf_test8_vp_err_abs_rel_linf_norms = 1.5021339573141395e-11 0.04047986737917133


nn_test9_vp_fom_minmax = -2.5493725350146407e-10 3.447657973496755e-10
nn_test9_vp_rom_minmax = -2.5007619759604187e-10 3.4131847806780713e-10
nn_test9_vp_err_minmax = -3.4054185354343515e-11 2.7504704751533172e-11
nn_test9_vp_err_abs_rel_ltwo_norms = 1.6137026798258525e-09 0.118298426929562
nn_test9_vp_err_abs_rel_linf_norms = 3.4054185354343515e-11 0.09877483676202478
linear_test9_vp_fom_minmax = -2.5493725350146407e-10 3.447657973496755e-10
linear_test9_vp_rom_minmax = -2.4565531031705435e-10 3.310575710260899e-10
linear_test9_vp_err_minmax = -1.8458362753978106e-11 2.3893126430172915e-11
linear_test9_vp_err_abs_rel_ltwo_norms = 9.718129921705917e-10 0.07124233582849253
linear_test9_vp_err_abs_rel_linf_norms = 2.3893126430172915e-11 0.06930248479938261
quadratic_test9_vp_fom_minmax = -2.5493725350146407e-10 3.447657973496755e-10
quadratic_test9_vp_rom_minmax = -2.5313034698308417e-10 3.446644333813065e-10
quadratic_test9_vp_err_minmax = -1.4991031542825114e-11 1.6008368022774886e-11
quadratic_test9_vp_err_abs_rel_ltwo_norms = 6.353590945214363e-10 0.0465773418839387
quadratic_test9_vp_err_abs_rel_linf_norms = 1.6008368022774886e-11 0.046432587413938124
cubicSpline_test9_vp_fom_minmax = -2.5493725350146407e-10 3.447657973496755e-10
cubicSpline_test9_vp_rom_minmax = -2.5377133158738526e-10 3.47733362294691e-10
cubicSpline_test9_vp_err_minmax = -1.609273105633198e-11 1.282179556117683e-11
cubicSpline_test9_vp_err_abs_rel_ltwo_norms = 6.003072821479999e-10 0.0440077394927131
cubicSpline_test9_vp_err_abs_rel_linf_norms = 1.609273105633198e-11 0.04667728405787909
rbf_test9_vp_fom_minmax = -2.5493725350146407e-10 3.447657973496755e-10
rbf_test9_vp_rom_minmax = -2.4478510041071826e-10 3.337818393773772e-10
rbf_test9_vp_err_minmax = -1.6478119608442507e-11 1.5145185660411747e-11
rbf_test9_vp_err_abs_rel_ltwo_norms = 8.023915998973723e-10 0.05882227577362478
rbf_test9_vp_err_abs_rel_linf_norms = 1.6478119608442507e-11 0.04779511115985129


nn_test10_vp_fom_minmax = -3.6123257051610133e-10 3.53189916651468e-10
nn_test10_vp_rom_minmax = -3.483618281468883e-10 3.6712963356963777e-10
nn_test10_vp_err_minmax = -1.6860080429747743e-10 1.4622993362156595e-10
nn_test10_vp_err_abs_rel_ltwo_norms = 7.615512310086833e-09 0.5310759755368859
nn_test10_vp_err_abs_rel_linf_norms = 1.6860080429747743e-10 0.46673754821331187
linear_test10_vp_fom_minmax = -3.6123257051610133e-10 3.53189916651468e-10
linear_test10_vp_rom_minmax = -4.30870141747051e-10 4.1131918472186416e-10
linear_test10_vp_err_minmax = -1.5908196499332897e-10 1.2081265218499964e-10
linear_test10_vp_err_abs_rel_ltwo_norms = 5.994944944813984e-09 0.4180639601409438
linear_test10_vp_err_abs_rel_linf_norms = 1.5908196499332897e-10 0.4403865486604513
quadratic_test10_vp_fom_minmax = -3.6123257051610133e-10 3.53189916651468e-10
quadratic_test10_vp_rom_minmax = -3.9925800993501147e-10 3.737759969938446e-10
quadratic_test10_vp_err_minmax = -1.195695764183435e-10 1.3211305922199833e-10
quadratic_test10_vp_err_abs_rel_ltwo_norms = 4.826825739400646e-09 0.336603905807293
quadratic_test10_vp_err_abs_rel_linf_norms = 1.3211305922199833e-10 0.3657285361429213
cubicSpline_test10_vp_fom_minmax = -3.6123257051610133e-10 3.53189916651468e-10
cubicSpline_test10_vp_rom_minmax = -3.716097625038646e-10 3.598053872007166e-10
cubicSpline_test10_vp_err_minmax = -1.209048418488342e-10 1.5054804325595442e-10
cubicSpline_test10_vp_err_abs_rel_ltwo_norms = 5.310194704071173e-09 0.37031216258689864
cubicSpline_test10_vp_err_abs_rel_linf_norms = 1.5054804325595442e-10 0.4167620960669824
rbf_test10_vp_fom_minmax = -3.6123257051610133e-10 3.53189916651468e-10
rbf_test10_vp_rom_minmax = -4.0025008664075964e-10 4.211206352055151e-10
rbf_test10_vp_err_minmax = -1.4832510030033344e-10 1.317539852540295e-10
rbf_test10_vp_err_abs_rel_ltwo_norms = 6.331628544908339e-09 0.4415429546047243
rbf_test10_vp_err_abs_rel_linf_norms = 1.4832510030033344e-10 0.41060832385191054


nn_test11_vp_fom_minmax = -2.3192295436893545e-10 3.1914482917700973e-10
nn_test11_vp_rom_minmax = -2.5007619759604187e-10 3.4131847806780713e-10
nn_test11_vp_err_minmax = -1.1301101136576146e-10 1.4188247417702234e-10
nn_test11_vp_err_abs_rel_ltwo_norms = 6.659251325408246e-09 0.49549085996669684
nn_test11_vp_err_abs_rel_linf_norms = 1.4188247417702234e-10 0.4445708067490856
linear_test11_vp_fom_minmax = -2.3192295436893545e-10 3.1914482917700973e-10
linear_test11_vp_rom_minmax = -2.828249934250002e-10 4.1798497594243455e-10
linear_test11_vp_err_minmax = -1.5639267808356995e-10 1.2016536773986907e-10
linear_test11_vp_err_abs_rel_ltwo_norms = 6.436866611984661e-09 0.4789440159577806
linear_test11_vp_err_abs_rel_linf_norms = 1.5639267808356995e-10 0.490036697404327
quadratic_test11_vp_fom_minmax = -2.3192295436893545e-10 3.1914482917700973e-10
quadratic_test11_vp_rom_minmax = -2.659060848743094e-10 3.7423116061121317e-10
quadratic_test11_vp_err_minmax = -1.6278208845509523e-10 1.5523208691092264e-10
quadratic_test11_vp_err_abs_rel_ltwo_norms = 6.376899124864504e-09 0.47448205164509005
quadratic_test11_vp_err_abs_rel_linf_norms = 1.6278208845509523e-10 0.5100571075359963
cubicSpline_test11_vp_fom_minmax = -2.3192295436893545e-10 3.1914482917700973e-10
cubicSpline_test11_vp_rom_minmax = -2.8183741729330427e-10 3.363548934982821e-10
cubicSpline_test11_vp_err_minmax = -1.66666014053058e-10 2.1153977336676412e-10
cubicSpline_test11_vp_err_abs_rel_ltwo_norms = 7.551776024571238e-09 0.5619004019887014
cubicSpline_test11_vp_err_abs_rel_linf_norms = 2.1153977336676412e-10 0.6628331529364563
rbf_test11_vp_fom_minmax = -2.3192295436893545e-10 3.1914482917700973e-10
rbf_test11_vp_rom_minmax = -2.868031711213483e-10 3.799240306007617e-10
rbf_test11_vp_err_minmax = -1.239275457838589e-10 1.3774294313246228e-10
rbf_test11_vp_err_abs_rel_ltwo_norms = 6.183437268509443e-09 0.4600872530570902
rbf_test11_vp_err_abs_rel_linf_norms = 1.3774294313246228e-10 0.43160010922835557


nn_test12_vp_fom_minmax = -3.483618281468883e-10 3.6712963356963777e-10
nn_test12_vp_rom_minmax = -3.483618281468883e-10 3.6712963356963777e-10
nn_test12_vp_err_minmax = 0.0 0.0
nn_test12_vp_err_abs_rel_ltwo_norms = 0.0 0.0
nn_test12_vp_err_abs_rel_linf_norms = 0.0 0.0
linear_test12_vp_fom_minmax = -3.483618281468883e-10 3.6712963356963777e-10
linear_test12_vp_rom_minmax = -3.483618281468883e-10 3.6712963356963777e-10
linear_test12_vp_err_minmax = 0.0 0.0
linear_test12_vp_err_abs_rel_ltwo_norms = 0.0 0.0
linear_test12_vp_err_abs_rel_linf_norms = 0.0 0.0
quadratic_test12_vp_fom_minmax = -3.483618281468883e-10 3.6712963356963777e-10
quadratic_test12_vp_rom_minmax = -3.483618281468883e-10 3.6712963356963777e-10
quadratic_test12_vp_err_minmax = 0.0 0.0
quadratic_test12_vp_err_abs_rel_ltwo_norms = 0.0 0.0
quadratic_test12_vp_err_abs_rel_linf_norms = 0.0 0.0
cubicSpline_test12_vp_fom_minmax = -3.483618281468883e-10 3.6712963356963777e-10
cubicSpline_test12_vp_rom_minmax = -3.483618281468883e-10 3.6712963356963777e-10
cubicSpline_test12_vp_err_minmax = 0.0 0.0
cubicSpline_test12_vp_err_abs_rel_ltwo_norms = 0.0 0.0
cubicSpline_test12_vp_err_abs_rel_linf_norms = 0.0 0.0
rbf_test12_vp_fom_minmax = -3.483618281468883e-10 3.6712963356963777e-10
rbf_test12_vp_rom_minmax = -3.483618281468883e-10 3.6712963356963787e-10
rbf_test12_vp_err_minmax = -2.0679515313825692e-25 1.550963648536927e-25
rbf_test12_vp_err_abs_rel_ltwo_norms = 3.2429677377259887e-24 2.2823053991058164e-16
rbf_test12_vp_err_abs_rel_linf_norms = 2.0679515313825692e-25 5.632755687073451e-16


nn_test13_vp_fom_minmax = -2.5007619759604187e-10 3.4131847806780713e-10
nn_test13_vp_rom_minmax = -2.5007619759604187e-10 3.4131847806780713e-10
nn_test13_vp_err_minmax = 0.0 0.0
nn_test13_vp_err_abs_rel_ltwo_norms = 0.0 0.0
nn_test13_vp_err_abs_rel_linf_norms = 0.0 0.0
linear_test13_vp_fom_minmax = -2.5007619759604187e-10 3.4131847806780713e-10
linear_test13_vp_rom_minmax = -2.5007619759604187e-10 3.4131847806780713e-10
linear_test13_vp_err_minmax = -5.169878828456423e-26 5.169878828456423e-26
linear_test13_vp_err_abs_rel_ltwo_norms = 9.095082483858192e-25 6.685921932878865e-17
linear_test13_vp_err_abs_rel_linf_norms = 5.169878828456423e-26 1.5146788587957324e-16
quadratic_test13_vp_fom_minmax = -2.5007619759604187e-10 3.4131847806780713e-10
quadratic_test13_vp_rom_minmax = -2.5007619759604187e-10 3.4131847806780713e-10
quadratic_test13_vp_err_minmax = 0.0 0.0
quadratic_test13_vp_err_abs_rel_ltwo_norms = 0.0 0.0
quadratic_test13_vp_err_abs_rel_linf_norms = 0.0 0.0
cubicSpline_test13_vp_fom_minmax = -2.5007619759604187e-10 3.4131847806780713e-10
cubicSpline_test13_vp_rom_minmax = -2.5007619759604187e-10 3.4131847806780713e-10
cubicSpline_test13_vp_err_minmax = 0.0 0.0
cubicSpline_test13_vp_err_abs_rel_ltwo_norms = 0.0 0.0
cubicSpline_test13_vp_err_abs_rel_linf_norms = 0.0 0.0
rbf_test13_vp_fom_minmax = -2.5007619759604187e-10 3.4131847806780713e-10
rbf_test13_vp_rom_minmax = -2.5007619759604187e-10 3.413184780678071e-10
rbf_test13_vp_err_minmax = -1.550963648536927e-25 1.9467824963406218e-25
rbf_test13_vp_err_abs_rel_ltwo_norms = 3.05489188208045e-24 2.245693612259683e-16
rbf_test13_vp_err_abs_rel_linf_norms = 1.9467824963406218e-25 5.70371257765268e-16
