shwaveRepoDir = /home/fnrizzi/ROM/gitrepos/shwave/codes/mycode/python_scripts

Training dirs:
/home/fnrizzi/waveRuns/romAccuracyScenario1/train3_v2//fom_mesh256x1024_nThreads_36_dt_0.1_T_2000_snaps_true_seismo_true_mat_bilayer_fRank_1_train_0
/home/fnrizzi/waveRuns/romAccuracyScenario1/train3_v2//fom_mesh256x1024_nThreads_36_dt_0.1_T_2000_snaps_true_seismo_true_mat_bilayer_fRank_1_train_1
/home/fnrizzi/waveRuns/romAccuracyScenario1/train3_v2//fom_mesh256x1024_nThreads_36_dt_0.1_T_2000_snaps_true_seismo_true_mat_bilayer_fRank_1_train_2
/home/fnrizzi/waveRuns/romAccuracyScenario1/train3_v2//fom_mesh256x1024_nThreads_36_dt_0.1_T_2000_snaps_true_seismo_true_mat_bilayer_fRank_1_train_3

Test dirs:
/home/fnrizzi/waveRuns/romAccuracyScenario1/train3_v2//fom_mesh256x1024_nThreads_36_dt_0.1_T_2000_snaps_true_seismo_true_mat_bilayer_fRank_1_test_0
/home/fnrizzi/waveRuns/romAccuracyScenario1/train3_v2//fom_mesh256x1024_nThreads_36_dt_0.1_T_2000_snaps_true_seismo_true_mat_bilayer_fRank_1_test_1
/home/fnrizzi/waveRuns/romAccuracyScenario1/train3_v2//fom_mesh256x1024_nThreads_36_dt_0.1_T_2000_snaps_true_seismo_true_mat_bilayer_fRank_1_test_2
/home/fnrizzi/waveRuns/romAccuracyScenario1/train3_v2//fom_mesh256x1024_nThreads_36_dt_0.1_T_2000_snaps_true_seismo_true_mat_bilayer_fRank_1_test_3
/home/fnrizzi/waveRuns/romAccuracyScenario1/train3_v2//fom_mesh256x1024_nThreads_36_dt_0.1_T_2000_snaps_true_seismo_true_mat_bilayer_fRank_1_test_4
/home/fnrizzi/waveRuns/romAccuracyScenario1/train3_v2//fom_mesh256x1024_nThreads_36_dt_0.1_T_2000_snaps_true_seismo_true_mat_bilayer_fRank_1_test_5
/home/fnrizzi/waveRuns/romAccuracyScenario1/train3_v2//fom_mesh256x1024_nThreads_36_dt_0.1_T_2000_snaps_true_seismo_true_mat_bilayer_fRank_1_test_6
/home/fnrizzi/waveRuns/romAccuracyScenario1/train3_v2//fom_mesh256x1024_nThreads_36_dt_0.1_T_2000_snaps_true_seismo_true_mat_bilayer_fRank_1_test_7
/home/fnrizzi/waveRuns/romAccuracyScenario1/train3_v2//fom_mesh256x1024_nThreads_36_dt_0.1_T_2000_snaps_true_seismo_true_mat_bilayer_fRank_1_test_8
/home/fnrizzi/waveRuns/romAccuracyScenario1/train3_v2//fom_mesh256x1024_nThreads_36_dt_0.1_T_2000_snaps_true_seismo_true_mat_bilayer_fRank_1_test_9
/home/fnrizzi/waveRuns/romAccuracyScenario1/train3_v2//fom_mesh256x1024_nThreads_36_dt_0.1_T_2000_snaps_true_seismo_true_mat_bilayer_fRank_1_test_10
/home/fnrizzi/waveRuns/romAccuracyScenario1/train3_v2//fom_mesh256x1024_nThreads_36_dt_0.1_T_2000_snaps_true_seismo_true_mat_bilayer_fRank_1_test_11
/home/fnrizzi/waveRuns/romAccuracyScenario1/train3_v2//fom_mesh256x1024_nThreads_36_dt_0.1_T_2000_snaps_true_seismo_true_mat_bilayer_fRank_1_test_12
/home/fnrizzi/waveRuns/romAccuracyScenario1/train3_v2//fom_mesh256x1024_nThreads_36_dt_0.1_T_2000_snaps_true_seismo_true_mat_bilayer_fRank_1_test_13
/home/fnrizzi/waveRuns/romAccuracyScenario1/train3_v2//fom_mesh256x1024_nThreads_36_dt_0.1_T_2000_snaps_true_seismo_true_mat_bilayer_fRank_1_test_14

Training points [6000.         6300.         6150.         6101.04217773]

Test points [6167.80036453 6238.03953287 6238.3554562  6290.88909048 6111.7785622
 6050.88888121 6105.51675827 6083.52435514 6057.08837738 6282.54538195
 5950.         6350.         6000.         6300.         6150.        ]
Reading /home/fnrizzi/waveRuns/romAccuracyScenario1/train3_v2//fom_mesh256x1024_nThreads_36_dt_0.1_T_2000_snaps_true_seismo_true_mat_bilayer_fRank_1_train_0/state_timestep_20000_vp
Reading /home/fnrizzi/waveRuns/romAccuracyScenario1/train3_v2//fom_mesh256x1024_nThreads_36_dt_0.1_T_2000_snaps_true_seismo_true_mat_bilayer_fRank_1_train_1/state_timestep_20000_vp
Reading /home/fnrizzi/waveRuns/romAccuracyScenario1/train3_v2//fom_mesh256x1024_nThreads_36_dt_0.1_T_2000_snaps_true_seismo_true_mat_bilayer_fRank_1_train_2/state_timestep_20000_vp
Reading /home/fnrizzi/waveRuns/romAccuracyScenario1/train3_v2//fom_mesh256x1024_nThreads_36_dt_0.1_T_2000_snaps_true_seismo_true_mat_bilayer_fRank_1_train_3/state_timestep_20000_vp
262144

Interpolating
25.0 % done
50.0 % done
75.0 % done
99.99961853027344 % done

Saving interpolation results in /home/fnrizzi/waveRuns/romAccuracyScenario1/train3_v2//interpolation_n4

Reading test data
Reading /home/fnrizzi/waveRuns/romAccuracyScenario1/train3_v2//fom_mesh256x1024_nThreads_36_dt_0.1_T_2000_snaps_true_seismo_true_mat_bilayer_fRank_1_test_0/state_timestep_20000_vp
Reading /home/fnrizzi/waveRuns/romAccuracyScenario1/train3_v2//fom_mesh256x1024_nThreads_36_dt_0.1_T_2000_snaps_true_seismo_true_mat_bilayer_fRank_1_test_1/state_timestep_20000_vp
Reading /home/fnrizzi/waveRuns/romAccuracyScenario1/train3_v2//fom_mesh256x1024_nThreads_36_dt_0.1_T_2000_snaps_true_seismo_true_mat_bilayer_fRank_1_test_2/state_timestep_20000_vp
Reading /home/fnrizzi/waveRuns/romAccuracyScenario1/train3_v2//fom_mesh256x1024_nThreads_36_dt_0.1_T_2000_snaps_true_seismo_true_mat_bilayer_fRank_1_test_3/state_timestep_20000_vp
Reading /home/fnrizzi/waveRuns/romAccuracyScenario1/train3_v2//fom_mesh256x1024_nThreads_36_dt_0.1_T_2000_snaps_true_seismo_true_mat_bilayer_fRank_1_test_4/state_timestep_20000_vp
Reading /home/fnrizzi/waveRuns/romAccuracyScenario1/train3_v2//fom_mesh256x1024_nThreads_36_dt_0.1_T_2000_snaps_true_seismo_true_mat_bilayer_fRank_1_test_5/state_timestep_20000_vp
Reading /home/fnrizzi/waveRuns/romAccuracyScenario1/train3_v2//fom_mesh256x1024_nThreads_36_dt_0.1_T_2000_snaps_true_seismo_true_mat_bilayer_fRank_1_test_6/state_timestep_20000_vp
Reading /home/fnrizzi/waveRuns/romAccuracyScenario1/train3_v2//fom_mesh256x1024_nThreads_36_dt_0.1_T_2000_snaps_true_seismo_true_mat_bilayer_fRank_1_test_7/state_timestep_20000_vp
Reading /home/fnrizzi/waveRuns/romAccuracyScenario1/train3_v2//fom_mesh256x1024_nThreads_36_dt_0.1_T_2000_snaps_true_seismo_true_mat_bilayer_fRank_1_test_8/state_timestep_20000_vp
Reading /home/fnrizzi/waveRuns/romAccuracyScenario1/train3_v2//fom_mesh256x1024_nThreads_36_dt_0.1_T_2000_snaps_true_seismo_true_mat_bilayer_fRank_1_test_9/state_timestep_20000_vp
Reading /home/fnrizzi/waveRuns/romAccuracyScenario1/train3_v2//fom_mesh256x1024_nThreads_36_dt_0.1_T_2000_snaps_true_seismo_true_mat_bilayer_fRank_1_test_10/state_timestep_20000_vp
Reading /home/fnrizzi/waveRuns/romAccuracyScenario1/train3_v2//fom_mesh256x1024_nThreads_36_dt_0.1_T_2000_snaps_true_seismo_true_mat_bilayer_fRank_1_test_11/state_timestep_20000_vp
Reading /home/fnrizzi/waveRuns/romAccuracyScenario1/train3_v2//fom_mesh256x1024_nThreads_36_dt_0.1_T_2000_snaps_true_seismo_true_mat_bilayer_fRank_1_test_12/state_timestep_20000_vp
Reading /home/fnrizzi/waveRuns/romAccuracyScenario1/train3_v2//fom_mesh256x1024_nThreads_36_dt_0.1_T_2000_snaps_true_seismo_true_mat_bilayer_fRank_1_test_13/state_timestep_20000_vp
Reading /home/fnrizzi/waveRuns/romAccuracyScenario1/train3_v2//fom_mesh256x1024_nThreads_36_dt_0.1_T_2000_snaps_true_seismo_true_mat_bilayer_fRank_1_test_14/state_timestep_20000_vp


nn_test0_vp_fom_minmax = -2.6376469243093067e-10 3.5174279155615993e-10
nn_test0_vp_rom_minmax = -2.7194373141975074e-10 3.5796086798660353e-10
nn_test0_vp_err_minmax = -4.3377600469963635e-11 5.2769334737967716e-11
nn_test0_vp_err_abs_rel_ltwo_norms = 2.4985255279543916e-09 0.18228186336423874
nn_test0_vp_err_abs_rel_linf_norms = 5.2769334737967716e-11 0.15002250509387471
linear_test0_vp_fom_minmax = -2.6376469243093067e-10 3.5174279155615993e-10
linear_test0_vp_rom_minmax = -2.4362071376935885e-10 3.319457419712645e-10
linear_test0_vp_err_minmax = -3.580756352937132e-11 4.691556892861695e-11
linear_test0_vp_err_abs_rel_ltwo_norms = 1.9665247707418465e-09 0.14346933643549292
linear_test0_vp_err_abs_rel_linf_norms = 4.691556892861695e-11 0.1333803280546442
quadratic_test0_vp_fom_minmax = -2.6376469243093067e-10 3.5174279155615993e-10
quadratic_test0_vp_rom_minmax = -2.644950258028384e-10 3.55359141421782e-10
quadratic_test0_vp_err_minmax = -1.570861660027788e-11 1.5624504238576882e-11
quadratic_test0_vp_err_abs_rel_ltwo_norms = 6.560869205676482e-10 0.04786532899981612
quadratic_test0_vp_err_abs_rel_linf_norms = 1.570861660027788e-11 0.044659384576953905
cubicSpline_test0_vp_fom_minmax = -2.6376469243093067e-10 3.5174279155615993e-10
cubicSpline_test0_vp_rom_minmax = -2.6488530319534024e-10 3.5511918993307946e-10
cubicSpline_test0_vp_err_minmax = -1.5126596221453004e-11 1.2243150337757112e-11
cubicSpline_test0_vp_err_abs_rel_ltwo_norms = 5.859705937475441e-10 0.04274993811746294
cubicSpline_test0_vp_err_abs_rel_linf_norms = 1.5126596221453004e-11 0.04300470851024636
rbf_test0_vp_fom_minmax = -2.6376469243093067e-10 3.5174279155615993e-10
rbf_test0_vp_rom_minmax = -2.5666304047108026e-10 3.456381030586324e-10
rbf_test0_vp_err_minmax = -1.0190216710785303e-11 1.2151790084824965e-11
rbf_test0_vp_err_abs_rel_ltwo_norms = 5.332403288021865e-10 0.0389029608333048
rbf_test0_vp_err_abs_rel_linf_norms = 1.2151790084824965e-11 0.034547374890225115


nn_test1_vp_fom_minmax = -2.360281908877452e-10 3.2496987045308033e-10
nn_test1_vp_rom_minmax = -2.1753833977711014e-10 3.2981670943535316e-10
nn_test1_vp_err_minmax = -1.6984642465898113e-10 1.355723380253156e-10
nn_test1_vp_err_abs_rel_ltwo_norms = 7.997552352747266e-09 0.593329622024803
nn_test1_vp_err_abs_rel_linf_norms = 1.6984642465898113e-10 0.5226528367758445
linear_test1_vp_fom_minmax = -2.360281908877452e-10 3.2496987045308033e-10
linear_test1_vp_rom_minmax = -1.8579682566099754e-10 2.8575585505068947e-10
linear_test1_vp_err_minmax = -8.420318755689521e-11 1.0945897671171702e-10
linear_test1_vp_err_abs_rel_ltwo_norms = 4.585604389063543e-09 0.34020095135528905
linear_test1_vp_err_abs_rel_linf_norms = 1.0945897671171702e-10 0.33682807750486793
quadratic_test1_vp_fom_minmax = -2.360281908877452e-10 3.2496987045308033e-10
quadratic_test1_vp_rom_minmax = -2.245360082571776e-10 3.311526438227947e-10
quadratic_test1_vp_err_minmax = -7.845154527809518e-11 8.100830275782798e-11
quadratic_test1_vp_err_abs_rel_ltwo_norms = 3.2502309812703688e-09 0.24113106542503612
quadratic_test1_vp_err_abs_rel_linf_norms = 8.100830275782798e-11 0.24927942595073316
cubicSpline_test1_vp_fom_minmax = -2.360281908877452e-10 3.2496987045308033e-10
cubicSpline_test1_vp_rom_minmax = -2.2992116527981358e-10 3.4808404808477253e-10
cubicSpline_test1_vp_err_minmax = -9.348702383406374e-11 7.481957197193205e-11
cubicSpline_test1_vp_err_abs_rel_ltwo_norms = 3.4347995042105727e-09 0.25482400135388555
cubicSpline_test1_vp_err_abs_rel_linf_norms = 9.348702383406374e-11 0.2876790506877515
rbf_test1_vp_fom_minmax = -2.360281908877452e-10 3.2496987045308033e-10
rbf_test1_vp_rom_minmax = -1.9800601452350522e-10 2.8958409768395034e-10
rbf_test1_vp_err_minmax = -5.89261529686528e-11 7.101134559519509e-11
rbf_test1_vp_err_abs_rel_ltwo_norms = 2.9330110970705543e-09 0.21759687075029005
rbf_test1_vp_err_abs_rel_linf_norms = 7.101134559519509e-11 0.21851670586011393


nn_test2_vp_fom_minmax = -2.3594209813578896e-10 3.2485424311721286e-10
nn_test2_vp_rom_minmax = -2.1753833977711014e-10 3.2981670943535316e-10
nn_test2_vp_err_minmax = -1.690166967006035e-10 1.3488179252870526e-10
nn_test2_vp_err_abs_rel_ltwo_norms = 7.958774009862679e-09 0.5904982096604424
nn_test2_vp_err_abs_rel_linf_norms = 1.690166967006035e-10 0.5202847131647883
linear_test2_vp_fom_minmax = -2.3594209813578896e-10 3.2485424311721286e-10
linear_test2_vp_rom_minmax = -1.8583725417300297e-10 2.859805120399274e-10
linear_test2_vp_err_minmax = -8.404668322421903e-11 1.0926597298619492e-10
linear_test2_vp_err_abs_rel_ltwo_norms = 4.577983125916684e-09 0.33966171628438535
linear_test2_vp_err_abs_rel_linf_norms = 1.0926597298619492e-10 0.3363538426886729
quadratic_test2_vp_fom_minmax = -2.3594209813578896e-10 3.2485424311721286e-10
quadratic_test2_vp_rom_minmax = -2.2434687480878758e-10 3.3092019253988583e-10
quadratic_test2_vp_err_minmax = -7.850836058469726e-11 8.106363111714538e-11
quadratic_test2_vp_err_abs_rel_ltwo_norms = 3.2525910772354525e-09 0.24132475749216598
quadratic_test2_vp_err_abs_rel_linf_norms = 8.106363111714538e-11 0.24953847097480042
cubicSpline_test2_vp_fom_minmax = -2.3594209813578896e-10 3.2485424311721286e-10
cubicSpline_test2_vp_rom_minmax = -2.2973851222441544e-10 3.480253263938825e-10
cubicSpline_test2_vp_err_minmax = -9.362390699556901e-11 7.495124544030984e-11
cubicSpline_test2_vp_err_abs_rel_ltwo_norms = 3.4404568959319764e-09 0.2552633904347798
cubicSpline_test2_vp_err_abs_rel_linf_norms = 9.362390699556901e-11 0.2882028139672103
rbf_test2_vp_fom_minmax = -2.3594209813578896e-10 3.2485424311721286e-10
rbf_test2_vp_rom_minmax = -1.9792691452637038e-10 2.8944299520002415e-10
rbf_test2_vp_err_minmax = -5.894765508863763e-11 7.102899293847911e-11
rbf_test2_vp_err_abs_rel_ltwo_norms = 2.934108207539463e-09 0.21769504214531113
rbf_test2_vp_err_abs_rel_linf_norms = 7.102899293847911e-11 0.21864880771420508


nn_test3_vp_fom_minmax = -2.19983787037272e-10 3.251192024404941e-10
nn_test3_vp_rom_minmax = -2.1753833977711014e-10 3.2981670943535316e-10
nn_test3_vp_err_minmax = -2.50195090390235e-11 1.9914963865739547e-11
nn_test3_vp_err_abs_rel_ltwo_norms = 1.2094461349298402e-09 0.09090650043821728
nn_test3_vp_err_abs_rel_linf_norms = 2.50195090390235e-11 0.07695487947563716
linear_test3_vp_fom_minmax = -2.19983787037272e-10 3.251192024404941e-10
linear_test3_vp_rom_minmax = -2.1114240903775148e-10 3.2333782900859797e-10
linear_test3_vp_err_minmax = -1.8596495666086314e-11 2.4260150644009684e-11
linear_test3_vp_err_abs_rel_ltwo_norms = 1.0445758047226918e-09 0.07851422904028965
linear_test3_vp_err_abs_rel_linf_norms = 2.4260150644009684e-11 0.07461924876138305
quadratic_test3_vp_fom_minmax = -2.19983787037272e-10 3.251192024404941e-10
quadratic_test3_vp_rom_minmax = -2.1357442123099177e-10 3.237404418823646e-10
quadratic_test3_vp_err_minmax = -2.402652258308838e-11 2.512447978973887e-11
quadratic_test3_vp_err_abs_rel_ltwo_norms = 1.0322332353872718e-09 0.07758651531059621
quadratic_test3_vp_err_abs_rel_linf_norms = 2.512447978973887e-11 0.07727774798025765
cubicSpline_test3_vp_fom_minmax = -2.19983787037272e-10 3.251192024404941e-10
cubicSpline_test3_vp_rom_minmax = -2.1348176347722768e-10 3.240831992142611e-10
cubicSpline_test3_vp_err_minmax = -3.385162217481811e-11 2.6845981880419782e-11
cubicSpline_test3_vp_err_abs_rel_ltwo_norms = 1.262469861790748e-09 0.09489196230369891
cubicSpline_test3_vp_err_abs_rel_linf_norms = 3.385162217481811e-11 0.10412064842898323
rbf_test3_vp_fom_minmax = -2.19983787037272e-10 3.251192024404941e-10
rbf_test3_vp_rom_minmax = -2.1260120720371639e-10 3.222635086685737e-10
rbf_test3_vp_err_minmax = -1.6148227463992316e-11 1.9042525094992746e-11
rbf_test3_vp_err_abs_rel_ltwo_norms = 8.387482763613183e-10 0.06304346125924598
rbf_test3_vp_err_abs_rel_linf_norms = 1.9042525094992746e-11 0.058570902463006815


nn_test4_vp_fom_minmax = -2.915331540457937e-10 3.6731199196009454e-10
nn_test4_vp_rom_minmax = -2.978774346065285e-10 3.690532157408428e-10
nn_test4_vp_err_minmax = -2.7745226899042217e-11 3.287165043020102e-11
nn_test4_vp_err_abs_rel_ltwo_norms = 1.5569977102075889e-09 0.11215221380833687
nn_test4_vp_err_abs_rel_linf_norms = 3.287165043020102e-11 0.08949245096732986
linear_test4_vp_fom_minmax = -2.915331540457937e-10 3.6731199196009454e-10
linear_test4_vp_rom_minmax = -2.87132545021285e-10 3.6241139731594576e-10
linear_test4_vp_err_minmax = -8.416275887293647e-12 1.073789843627953e-11
linear_test4_vp_err_abs_rel_ltwo_norms = 4.4768080145286256e-10 0.032246927939113636
linear_test4_vp_err_abs_rel_linf_norms = 1.073789843627953e-11 0.02923372683526792
quadratic_test4_vp_fom_minmax = -2.915331540457937e-10 3.6731199196009454e-10
quadratic_test4_vp_rom_minmax = -2.9113993683256406e-10 3.668179395835828e-10
quadratic_test4_vp_err_minmax = -4.272847697233534e-12 5.222692818317875e-12
quadratic_test4_vp_err_abs_rel_ltwo_norms = 2.5146874528609707e-10 0.018113563239396408
quadratic_test4_vp_err_abs_rel_linf_norms = 5.222692818317875e-12 0.014218683115810928
cubicSpline_test4_vp_fom_minmax = -2.915331540457937e-10 3.6731199196009454e-10
cubicSpline_test4_vp_rom_minmax = -2.909476322635832e-10 3.665708131171113e-10
cubicSpline_test4_vp_err_minmax = -4.133195251764703e-12 5.083658627333003e-12
cubicSpline_test4_vp_err_abs_rel_ltwo_norms = 2.481170558743515e-10 0.017872137458831122
cubicSpline_test4_vp_err_abs_rel_linf_norms = 5.083658627333003e-12 0.013840165141913746
rbf_test4_vp_fom_minmax = -2.915331540457937e-10 3.6731199196009454e-10
rbf_test4_vp_rom_minmax = -2.935966193822781e-10 3.6968999926859635e-10
rbf_test4_vp_err_minmax = -3.0626921595332487e-12 2.9352566918929614e-12
rbf_test4_vp_err_abs_rel_ltwo_norms = 2.158190260697272e-10 0.015545675755972668
rbf_test4_vp_err_abs_rel_linf_norms = 3.0626921595332487e-12 0.008338121887035982


nn_test5_vp_fom_minmax = -3.2456747360796656e-10 3.7239022130469186e-10
nn_test5_vp_rom_minmax = -2.978774346065285e-10 3.690532157408428e-10
nn_test5_vp_err_minmax = -1.5307201343428886e-10 1.3030799933978297e-10
nn_test5_vp_err_abs_rel_ltwo_norms = 7.195746707505701e-09 0.5115816462164405
nn_test5_vp_err_abs_rel_linf_norms = 1.5307201343428886e-10 0.41105272017614136
linear_test5_vp_fom_minmax = -3.2456747360796656e-10 3.7239022130469186e-10
linear_test5_vp_rom_minmax = -2.923491586377933e-10 3.4248813960479943e-10
linear_test5_vp_err_minmax = -5.184629170913529e-11 6.763189835050892e-11
linear_test5_vp_err_abs_rel_ltwo_norms = 2.5844671968140876e-09 0.18374270758577735
linear_test5_vp_err_abs_rel_linf_norms = 6.763189835050892e-11 0.18161566679585847
quadratic_test5_vp_fom_minmax = -3.2456747360796656e-10 3.7239022130469186e-10
quadratic_test5_vp_rom_minmax = -3.2081814245787395e-10 3.7006669784262707e-10
quadratic_test5_vp_err_minmax = -3.5724531495714884e-11 3.163086361279601e-11
quadratic_test5_vp_err_abs_rel_ltwo_norms = 1.302316050090885e-09 0.09258816574305599
quadratic_test5_vp_err_abs_rel_linf_norms = 3.5724531495714884e-11 0.09593305476860216
cubicSpline_test5_vp_fom_minmax = -3.2456747360796656e-10 3.7239022130469186e-10
cubicSpline_test5_vp_rom_minmax = -3.26409055828392e-10 3.7495861622654274e-10
cubicSpline_test5_vp_err_minmax = -3.6326665535436336e-11 2.847964666094549e-11
cubicSpline_test5_vp_err_abs_rel_ltwo_norms = 1.3045777939560752e-09 0.09274896443385303
cubicSpline_test5_vp_err_abs_rel_linf_norms = 3.6326665535436336e-11 0.09754999851543805
rbf_test5_vp_fom_minmax = -3.2456747360796656e-10 3.7239022130469186e-10
rbf_test5_vp_rom_minmax = -3.1033202243899064e-10 3.552899333813954e-10
rbf_test5_vp_err_minmax = -2.4130666540387758e-11 3.3706044621581327e-11
rbf_test5_vp_err_abs_rel_ltwo_norms = 1.2557584455534724e-09 0.08927815262818362
rbf_test5_vp_err_abs_rel_linf_norms = 3.3706044621581327e-11 0.09051270063829857


nn_test6_vp_fom_minmax = -2.9530628690412415e-10 3.686647024980612e-10
nn_test6_vp_rom_minmax = -2.978774346065285e-10 3.690532157408428e-10
nn_test6_vp_err_minmax = -1.1608783208676189e-11 1.3744535843823399e-11
nn_test6_vp_err_abs_rel_ltwo_norms = 6.544185126894786e-10 0.0470731580947375
nn_test6_vp_err_abs_rel_linf_norms = 1.3744535843823399e-11 0.037281941424527024
linear_test6_vp_fom_minmax = -2.9530628690412415e-10 3.686647024980612e-10
linear_test6_vp_rom_minmax = -2.9320095090947947e-10 3.6628511894089517e-10
linear_test6_vp_err_minmax = -4.069033824177064e-12 5.201921009309513e-12
linear_test6_vp_err_abs_rel_ltwo_norms = 2.256366060490949e-10 0.01623032879198042
linear_test6_vp_err_abs_rel_linf_norms = 5.201921009309513e-12 0.014110168329274404
quadratic_test6_vp_fom_minmax = -2.9530628690412415e-10 3.686647024980612e-10
quadratic_test6_vp_rom_minmax = -2.9515771432716095e-10 3.684895013644902e-10
quadratic_test6_vp_err_minmax = -2.1010240629065954e-12 2.5453970379390063e-12
quadratic_test6_vp_err_abs_rel_ltwo_norms = 1.3565227144228468e-10 0.009757640860845983
quadratic_test6_vp_err_abs_rel_linf_norms = 2.5453970379390063e-12 0.006904368714149933
cubicSpline_test6_vp_fom_minmax = -2.9530628690412415e-10 3.686647024980612e-10
cubicSpline_test6_vp_rom_minmax = -2.9502454108732596e-10 3.683292154884345e-10
cubicSpline_test6_vp_err_minmax = -1.9658359565348485e-12 2.4023502928451098e-12
cubicSpline_test6_vp_err_abs_rel_ltwo_norms = 1.3347224953286154e-10 0.009600829105062172
cubicSpline_test6_vp_err_abs_rel_linf_norms = 2.4023502928451098e-12 0.006516355584266285
rbf_test6_vp_fom_minmax = -2.9530628690412415e-10 3.686647024980612e-10
rbf_test6_vp_rom_minmax = -2.9624595173272044e-10 3.698347609535706e-10
rbf_test6_vp_err_minmax = -1.8928588644345434e-12 1.8396729079597927e-12
rbf_test6_vp_err_abs_rel_ltwo_norms = 1.2119336340118015e-10 0.008717593168278425
rbf_test6_vp_err_abs_rel_linf_norms = 1.8928588644345434e-12 0.005134364238313534


nn_test7_vp_fom_minmax = -3.0716946780546993e-10 3.71225311503799e-10
nn_test7_vp_rom_minmax = -2.978774346065285e-10 3.690532157408428e-10
nn_test7_vp_err_minmax = -5.4074656948883147e-11 4.585718701209799e-11
nn_test7_vp_err_abs_rel_ltwo_norms = 2.545157470561813e-09 0.18220025977573306
nn_test7_vp_err_abs_rel_linf_norms = 5.4074656948883147e-11 0.14566532850314481
linear_test7_vp_fom_minmax = -3.0716946780546993e-10 3.71225311503799e-10
linear_test7_vp_rom_minmax = -2.8975140116029947e-10 3.5278741795682787e-10
linear_test7_vp_err_minmax = -2.9333251424155406e-11 3.7979139946355685e-11
linear_test7_vp_err_abs_rel_ltwo_norms = 1.4643381651250256e-09 0.1048276176115761
linear_test7_vp_err_abs_rel_linf_norms = 3.7979139946355685e-11 0.10230751721240597
quadratic_test7_vp_fom_minmax = -3.0716946780546993e-10 3.71225311503799e-10
quadratic_test7_vp_rom_minmax = -3.071977052667815e-10 3.711857379499084e-10
quadratic_test7_vp_err_minmax = -1.3297749480288705e-11 1.0995127793875606e-11
quadratic_test7_vp_err_abs_rel_ltwo_norms = 5.028796242560108e-10 0.0359996578738773
quadratic_test7_vp_err_abs_rel_linf_norms = 1.3297749480288705e-11 0.035821235966967784
cubicSpline_test7_vp_fom_minmax = -3.0716946780546993e-10 3.71225311503799e-10
cubicSpline_test7_vp_rom_minmax = -3.0863148723322216e-10 3.7259039875786095e-10
cubicSpline_test7_vp_err_minmax = -1.2192005735676652e-11 9.720498540374847e-12
cubicSpline_test7_vp_err_abs_rel_ltwo_norms = 4.859895800271807e-10 0.0347905498003257
cubicSpline_test7_vp_err_abs_rel_linf_norms = 1.2192005735676652e-11 0.03284260355601286
rbf_test7_vp_fom_minmax = -3.0716946780546993e-10 3.71225311503799e-10
rbf_test7_vp_rom_minmax = -3.0236213372582947e-10 3.6496967941519587e-10
rbf_test7_vp_err_minmax = -7.526150341638233e-12 1.0520836339908932e-11
rbf_test7_vp_err_abs_rel_ltwo_norms = 4.2890749142978743e-10 0.03070421271066393
rbf_test7_vp_err_abs_rel_linf_norms = 1.0520836339908932e-11 0.02834083779818248


nn_test8_vp_fom_minmax = -3.2162516863651766e-10 3.723770933164741e-10
nn_test8_vp_rom_minmax = -2.978774346065285e-10 3.690532157408428e-10
nn_test8_vp_err_minmax = -1.3439809373561206e-10 1.1454756204863354e-10
nn_test8_vp_err_abs_rel_ltwo_norms = 6.3280422551143625e-09 0.45047224165105415
nn_test8_vp_err_abs_rel_linf_norms = 1.3439809373561206e-10 0.3609193372734945
linear_test8_vp_fom_minmax = -3.2162516863651766e-10 3.723770933164741e-10
linear_test8_vp_rom_minmax = -2.899635642960193e-10 3.42522705025572e-10
linear_test8_vp_err_minmax = -5.101158492213461e-11 6.627859252201992e-11
linear_test8_vp_err_abs_rel_ltwo_norms = 2.5369007300016667e-09 0.18059350943278324
linear_test8_vp_err_abs_rel_linf_norms = 6.627859252201992e-11 0.17798783467513504
quadratic_test8_vp_fom_minmax = -3.2162516863651766e-10 3.723770933164741e-10
quadratic_test8_vp_rom_minmax = -3.1894991449940136e-10 3.703033533966821e-10
quadratic_test8_vp_err_minmax = -3.2812113442681356e-11 2.886893269035592e-11
quadratic_test8_vp_err_abs_rel_ltwo_norms = 1.1944041383675545e-09 0.08502565058140629
quadratic_test8_vp_err_abs_rel_linf_norms = 3.2812113442681356e-11 0.08811528429541489
cubicSpline_test8_vp_fom_minmax = -3.2162516863651766e-10 3.723770933164741e-10
cubicSpline_test8_vp_rom_minmax = -3.23796770341953e-10 3.747890234899996e-10
cubicSpline_test8_vp_err_minmax = -3.2819120806668154e-11 2.5675938274759986e-11
cubicSpline_test8_vp_err_abs_rel_ltwo_norms = 1.1836911077043507e-09 0.0842630256267721
cubicSpline_test8_vp_err_abs_rel_linf_norms = 3.2819120806668154e-11 0.08813410221980543
rbf_test8_vp_fom_minmax = -3.2162516863651766e-10 3.723770933164741e-10
rbf_test8_vp_rom_minmax = -3.0794521368607766e-10 3.566623666307268e-10
rbf_test8_vp_err_minmax = -2.1599848442959778e-11 3.023956773651847e-11
rbf_test8_vp_err_abs_rel_ltwo_norms = 1.1303270894654056e-09 0.0804642189895097
rbf_test8_vp_err_abs_rel_linf_norms = 3.023956773651847e-11 0.08120684187955302


nn_test9_vp_fom_minmax = -2.2241950298866584e-10 3.204729129877815e-10
nn_test9_vp_rom_minmax = -2.1753833977711014e-10 3.2981670943535316e-10
nn_test9_vp_err_minmax = -4.8089180451561435e-11 3.8217775402063945e-11
nn_test9_vp_err_abs_rel_ltwo_norms = 2.3029186315027254e-09 0.17273662275701265
nn_test9_vp_err_abs_rel_linf_norms = 4.8089180451561435e-11 0.15005692681863225
linear_test9_vp_fom_minmax = -2.2241950298866584e-10 3.204729129877815e-10
linear_test9_vp_rom_minmax = -2.0548513511569514e-10 3.17404514693925e-10
linear_test9_vp_err_minmax = -3.398054819152494e-11 4.43976261300655e-11
linear_test9_vp_err_abs_rel_ltwo_norms = 1.8865684064554436e-09 0.14150715126159108
linear_test9_vp_err_abs_rel_linf_norms = 4.43976261300655e-11 0.13853784307742173
quadratic_test9_vp_fom_minmax = -2.2241950298866584e-10 3.204729129877815e-10
quadratic_test9_vp_rom_minmax = -2.112666971045077e-10 3.181301585276283e-10
quadratic_test9_vp_err_minmax = -4.199898999488185e-11 4.377429231999282e-11
quadratic_test9_vp_err_abs_rel_ltwo_norms = 1.7823063198954588e-09 0.13368669227202656
quadratic_test9_vp_err_abs_rel_linf_norms = 4.377429231999282e-11 0.13659279940973287
cubicSpline_test9_vp_fom_minmax = -2.2241950298866584e-10 3.204729129877815e-10
cubicSpline_test9_vp_rom_minmax = -2.1222951944110889e-10 3.1871729769850243e-10
cubicSpline_test9_vp_err_minmax = -5.758044259113596e-11 4.5759785511593015e-11
cubicSpline_test9_vp_err_abs_rel_ltwo_norms = 2.135788937820629e-09 0.16020060934596947
cubicSpline_test9_vp_err_abs_rel_linf_norms = 5.758044259113596e-11 0.17967335227901554
rbf_test9_vp_fom_minmax = -2.2241950298866584e-10 3.204729129877815e-10
rbf_test9_vp_rom_minmax = -2.0823908751450158e-10 3.1556358756262254e-10
rbf_test9_vp_err_minmax = -2.885371974257299e-11 3.41653370647141e-11
rbf_test9_vp_err_abs_rel_ltwo_norms = 1.4758428934827135e-09 0.11069957646475352
rbf_test9_vp_err_abs_rel_linf_norms = 3.41653370647141e-11 0.10660912570173038


nn_test10_vp_fom_minmax = -3.6123257051610133e-10 3.53189916651468e-10
nn_test10_vp_rom_minmax = -3.483618281468883e-10 3.6712963356963777e-10
nn_test10_vp_err_minmax = -1.6860080429747743e-10 1.4622993362156595e-10
nn_test10_vp_err_abs_rel_ltwo_norms = 7.615512310086833e-09 0.5310759755368859
nn_test10_vp_err_abs_rel_linf_norms = 1.6860080429747743e-10 0.46673754821331187
linear_test10_vp_fom_minmax = -3.6123257051610133e-10 3.53189916651468e-10
linear_test10_vp_rom_minmax = -4.421208127763748e-10 4.2381038715061315e-10
linear_test10_vp_err_minmax = -1.8811473464549395e-10 1.4134662572124157e-10
linear_test10_vp_err_abs_rel_ltwo_norms = 7.2009452535500914e-09 0.5021656941256022
linear_test10_vp_err_abs_rel_linf_norms = 1.8811473464549395e-10 0.5207579548453509
quadratic_test10_vp_fom_minmax = -3.6123257051610133e-10 3.53189916651468e-10
quadratic_test10_vp_rom_minmax = -4.250524392998754e-10 4.122507679195834e-10
quadratic_test10_vp_err_minmax = -1.8450634377685916e-10 2.0239492395782316e-10
quadratic_test10_vp_err_abs_rel_ltwo_norms = 7.566724213269303e-09 0.527673684915198
quadratic_test10_vp_err_abs_rel_linf_norms = 2.0239492395782316e-10 0.5602897979787838
cubicSpline_test10_vp_fom_minmax = -3.6123257051610133e-10 3.53189916651468e-10
cubicSpline_test10_vp_rom_minmax = -4.1736594049331106e-10 4.4091756996833464e-10
cubicSpline_test10_vp_err_minmax = -2.0018841843364175e-10 2.608339962006765e-10
cubicSpline_test10_vp_err_abs_rel_ltwo_norms = 9.449022282761307e-09 0.6589377736335136
cubicSpline_test10_vp_err_abs_rel_linf_norms = 2.608339962006765e-10 0.7220666614530826
rbf_test10_vp_fom_minmax = -3.6123257051610133e-10 3.53189916651468e-10
rbf_test10_vp_rom_minmax = -3.9329041496099847e-10 3.996815144255691e-10
rbf_test10_vp_err_minmax = -1.5885849859707963e-10 1.206162475707573e-10
rbf_test10_vp_err_abs_rel_ltwo_norms = 6.1799904968416044e-09 0.4309683115568908
rbf_test10_vp_err_abs_rel_linf_norms = 1.5885849859707963e-10 0.43976792671301707


nn_test11_vp_fom_minmax = -2.336509731008229e-10 3.559504912376944e-10
nn_test11_vp_rom_minmax = -2.1753833977711014e-10 3.2981670943535316e-10
nn_test11_vp_err_minmax = -1.0457977182306002e-10 1.330213611477194e-10
nn_test11_vp_err_abs_rel_ltwo_norms = 6.3632525241808855e-09 0.4853944289776618
nn_test11_vp_err_abs_rel_linf_norms = 1.330213611477194e-10 0.3737074801756383
linear_test11_vp_fom_minmax = -2.336509731008229e-10 3.559504912376944e-10
linear_test11_vp_rom_minmax = -2.574453426943033e-10 3.9128603463604257e-10
linear_test11_vp_err_minmax = -1.639855253754283e-10 1.287869749393412e-10
linear_test11_vp_err_abs_rel_ltwo_norms = 7.298356250431477e-09 0.5567249533460495
linear_test11_vp_err_abs_rel_linf_norms = 1.639855253754283e-10 0.46069756725219146
quadratic_test11_vp_fom_minmax = -2.336509731008229e-10 3.559504912376944e-10
quadratic_test11_vp_rom_minmax = -2.8286326632155556e-10 3.946491987440975e-10
quadratic_test11_vp_err_minmax = -2.2672065069376527e-10 2.1762358380896928e-10
quadratic_test11_vp_err_abs_rel_ltwo_norms = 9.48037748323451e-09 0.7231714280519863
quadratic_test11_vp_err_abs_rel_linf_norms = 2.2672065069376527e-10 0.6369443399429591
cubicSpline_test11_vp_fom_minmax = -2.336509731008229e-10 3.559504912376944e-10
cubicSpline_test11_vp_rom_minmax = -4.168631774889514e-10 4.535608542537518e-10
cubicSpline_test11_vp_err_minmax = -2.8316678380090545e-10 3.6027197370151234e-10
cubicSpline_test11_vp_err_abs_rel_ltwo_norms = 1.3613355898187507e-08 1.0384386110027921
cubicSpline_test11_vp_err_abs_rel_linf_norms = 3.6027197370151234e-10 1.0121406840844396
rbf_test11_vp_fom_minmax = -2.336509731008229e-10 3.559504912376944e-10
rbf_test11_vp_rom_minmax = -2.4691054548431903e-10 3.7708271110560245e-10
rbf_test11_vp_err_minmax = -1.3214179279968572e-10 1.1870020930594844e-10
rbf_test11_vp_err_abs_rel_ltwo_norms = 6.222676141596649e-09 0.4746711404246895
rbf_test11_vp_err_abs_rel_linf_norms = 1.3214179279968572e-10 0.3712364389221896


nn_test12_vp_fom_minmax = -3.483618281468883e-10 3.6712963356963777e-10
nn_test12_vp_rom_minmax = -3.483618281468883e-10 3.6712963356963777e-10
nn_test12_vp_err_minmax = 0.0 0.0
nn_test12_vp_err_abs_rel_ltwo_norms = 0.0 0.0
nn_test12_vp_err_abs_rel_linf_norms = 0.0 0.0
linear_test12_vp_fom_minmax = -3.483618281468883e-10 3.6712963356963777e-10
linear_test12_vp_rom_minmax = -3.483618281468883e-10 3.6712963356963777e-10
linear_test12_vp_err_minmax = 0.0 0.0
linear_test12_vp_err_abs_rel_ltwo_norms = 0.0 0.0
linear_test12_vp_err_abs_rel_linf_norms = 0.0 0.0
quadratic_test12_vp_fom_minmax = -3.483618281468883e-10 3.6712963356963777e-10
quadratic_test12_vp_rom_minmax = -3.483618281468883e-10 3.6712963356963777e-10
quadratic_test12_vp_err_minmax = 0.0 0.0
quadratic_test12_vp_err_abs_rel_ltwo_norms = 0.0 0.0
quadratic_test12_vp_err_abs_rel_linf_norms = 0.0 0.0
cubicSpline_test12_vp_fom_minmax = -3.483618281468883e-10 3.6712963356963777e-10
cubicSpline_test12_vp_rom_minmax = -3.483618281468883e-10 3.6712963356963777e-10
cubicSpline_test12_vp_err_minmax = 0.0 0.0
cubicSpline_test12_vp_err_abs_rel_ltwo_norms = 0.0 0.0
cubicSpline_test12_vp_err_abs_rel_linf_norms = 0.0 0.0
rbf_test12_vp_fom_minmax = -3.483618281468883e-10 3.6712963356963777e-10
rbf_test12_vp_rom_minmax = -3.483618281468884e-10 3.671296335696377e-10
rbf_test12_vp_err_minmax = -3.2311742677852644e-25 3.2311742677852644e-25
rbf_test12_vp_err_abs_rel_ltwo_norms = 6.257490327554714e-24 4.403837815989167e-16
rbf_test12_vp_err_abs_rel_linf_norms = 3.2311742677852644e-25 8.801180761052267e-16


nn_test13_vp_fom_minmax = -2.1753833977711014e-10 3.2981670943535316e-10
nn_test13_vp_rom_minmax = -2.1753833977711014e-10 3.2981670943535316e-10
nn_test13_vp_err_minmax = 0.0 0.0
nn_test13_vp_err_abs_rel_ltwo_norms = 0.0 0.0
nn_test13_vp_err_abs_rel_linf_norms = 0.0 0.0
linear_test13_vp_fom_minmax = -2.1753833977711014e-10 3.2981670943535316e-10
linear_test13_vp_rom_minmax = -2.1753833977711014e-10 3.2981670943535316e-10
linear_test13_vp_err_minmax = -7.754818242684634e-26 7.754818242684634e-26
linear_test13_vp_err_abs_rel_ltwo_norms = 1.2255568633812187e-24 9.232713408305958e-17
linear_test13_vp_err_abs_rel_linf_norms = 7.754818242684634e-26 2.3512508677807437e-16
quadratic_test13_vp_fom_minmax = -2.1753833977711014e-10 3.2981670943535316e-10
quadratic_test13_vp_rom_minmax = -2.1753833977711014e-10 3.2981670943535316e-10
quadratic_test13_vp_err_minmax = 0.0 0.0
quadratic_test13_vp_err_abs_rel_ltwo_norms = 0.0 0.0
quadratic_test13_vp_err_abs_rel_linf_norms = 0.0 0.0
cubicSpline_test13_vp_fom_minmax = -2.1753833977711014e-10 3.2981670943535316e-10
cubicSpline_test13_vp_rom_minmax = -2.1753833977711014e-10 3.2981670943535316e-10
cubicSpline_test13_vp_err_minmax = 0.0 0.0
cubicSpline_test13_vp_err_abs_rel_ltwo_norms = 0.0 0.0
cubicSpline_test13_vp_err_abs_rel_linf_norms = 0.0 0.0
rbf_test13_vp_fom_minmax = -2.1753833977711014e-10 3.2981670943535316e-10
rbf_test13_vp_rom_minmax = -2.1753833977711004e-10 3.298167094353532e-10
rbf_test13_vp_err_minmax = -3.101927297073854e-25 3.0373038117181485e-25
rbf_test13_vp_err_abs_rel_ltwo_norms = 6.311634373151077e-24 4.75485985566957e-16
rbf_test13_vp_err_abs_rel_linf_norms = 3.101927297073854e-25 9.405003471122975e-16


nn_test14_vp_fom_minmax = -2.7194373141975074e-10 3.5796086798660353e-10
nn_test14_vp_rom_minmax = -2.7194373141975074e-10 3.5796086798660353e-10
nn_test14_vp_err_minmax = 0.0 0.0
nn_test14_vp_err_abs_rel_ltwo_norms = 0.0 0.0
nn_test14_vp_err_abs_rel_linf_norms = 0.0 0.0
linear_test14_vp_fom_minmax = -2.7194373141975074e-10 3.5796086798660353e-10
linear_test14_vp_rom_minmax = -2.7194373141975074e-10 3.5796086798660353e-10
linear_test14_vp_err_minmax = -2.5849394142282115e-26 2.5849394142282115e-26
linear_test14_vp_err_abs_rel_ltwo_norms = 4.59636802487413e-25 3.339535752281144e-17
linear_test14_vp_err_abs_rel_linf_norms = 2.5849394142282115e-26 7.221290496828695e-17
quadratic_test14_vp_fom_minmax = -2.7194373141975074e-10 3.5796086798660353e-10
quadratic_test14_vp_rom_minmax = -2.7194373141975074e-10 3.5796086798660353e-10
quadratic_test14_vp_err_minmax = -1.0339757656912846e-25 1.0339757656912846e-25
quadratic_test14_vp_err_abs_rel_ltwo_norms = 1.576655326403464e-24 1.1455342137650201e-16
quadratic_test14_vp_err_abs_rel_linf_norms = 1.0339757656912846e-25 2.888516198731478e-16
cubicSpline_test14_vp_fom_minmax = -2.7194373141975074e-10 3.5796086798660353e-10
cubicSpline_test14_vp_rom_minmax = -2.7194373141975074e-10 3.5796086798660353e-10
cubicSpline_test14_vp_err_minmax = -1.0339757656912846e-25 1.0339757656912846e-25
cubicSpline_test14_vp_err_abs_rel_ltwo_norms = 1.8429581203029236e-24 1.3390190905953422e-16
cubicSpline_test14_vp_err_abs_rel_linf_norms = 1.0339757656912846e-25 2.888516198731478e-16
rbf_test14_vp_fom_minmax = -2.7194373141975074e-10 3.5796086798660353e-10
rbf_test14_vp_rom_minmax = -2.7194373141975085e-10 3.579608679866035e-10
rbf_test14_vp_err_minmax = -2.8434333556510326e-25 3.0373038117181485e-25
rbf_test14_vp_err_abs_rel_ltwo_norms = 6.489757002346822e-24 4.715195871102514e-16
rbf_test14_vp_err_abs_rel_linf_norms = 3.0373038117181485e-25 8.485016333773718e-16
