shwaveRepoDir = /home/fnrizzi/ROM/gitrepos/shwave/codes/mycode/python_scripts

Training dirs:
/home/fnrizzi/waveRuns/romAccuracyScenario2/train2/fom_mesh512x2048_nThreads_36_dt_0.1_T_2000_snaps_true_seismo_true_mat_prem_fRank_1_train_0
/home/fnrizzi/waveRuns/romAccuracyScenario2/train2/fom_mesh512x2048_nThreads_36_dt_0.1_T_2000_snaps_true_seismo_true_mat_prem_fRank_1_train_1

Test dirs:
/home/fnrizzi/waveRuns/romAccuracyScenario2/train2/fom_mesh512x2048_nThreads_36_dt_0.1_T_2000_snaps_true_seismo_true_mat_prem_fRank_1_test_0
/home/fnrizzi/waveRuns/romAccuracyScenario2/train2/fom_mesh512x2048_nThreads_36_dt_0.1_T_2000_snaps_true_seismo_true_mat_prem_fRank_1_test_1
/home/fnrizzi/waveRuns/romAccuracyScenario2/train2/fom_mesh512x2048_nThreads_36_dt_0.1_T_2000_snaps_true_seismo_true_mat_prem_fRank_1_test_2
/home/fnrizzi/waveRuns/romAccuracyScenario2/train2/fom_mesh512x2048_nThreads_36_dt_0.1_T_2000_snaps_true_seismo_true_mat_prem_fRank_1_test_3
/home/fnrizzi/waveRuns/romAccuracyScenario2/train2/fom_mesh512x2048_nThreads_36_dt_0.1_T_2000_snaps_true_seismo_true_mat_prem_fRank_1_test_4
/home/fnrizzi/waveRuns/romAccuracyScenario2/train2/fom_mesh512x2048_nThreads_36_dt_0.1_T_2000_snaps_true_seismo_true_mat_prem_fRank_1_test_5
/home/fnrizzi/waveRuns/romAccuracyScenario2/train2/fom_mesh512x2048_nThreads_36_dt_0.1_T_2000_snaps_true_seismo_true_mat_prem_fRank_1_test_6
/home/fnrizzi/waveRuns/romAccuracyScenario2/train2/fom_mesh512x2048_nThreads_36_dt_0.1_T_2000_snaps_true_seismo_true_mat_prem_fRank_1_test_7
/home/fnrizzi/waveRuns/romAccuracyScenario2/train2/fom_mesh512x2048_nThreads_36_dt_0.1_T_2000_snaps_true_seismo_true_mat_prem_fRank_1_test_8
/home/fnrizzi/waveRuns/romAccuracyScenario2/train2/fom_mesh512x2048_nThreads_36_dt_0.1_T_2000_snaps_true_seismo_true_mat_prem_fRank_1_test_9
/home/fnrizzi/waveRuns/romAccuracyScenario2/train2/fom_mesh512x2048_nThreads_36_dt_0.1_T_2000_snaps_true_seismo_true_mat_prem_fRank_1_test_10
/home/fnrizzi/waveRuns/romAccuracyScenario2/train2/fom_mesh512x2048_nThreads_36_dt_0.1_T_2000_snaps_true_seismo_true_mat_prem_fRank_1_test_11
/home/fnrizzi/waveRuns/romAccuracyScenario2/train2/fom_mesh512x2048_nThreads_36_dt_0.1_T_2000_snaps_true_seismo_true_mat_prem_fRank_1_test_12
/home/fnrizzi/waveRuns/romAccuracyScenario2/train2/fom_mesh512x2048_nThreads_36_dt_0.1_T_2000_snaps_true_seismo_true_mat_prem_fRank_1_test_13

Training points [35. 65.]

Test points [51.78003645 58.80395329 58.83554562 64.08890905 46.17785622 40.08888812
 45.55167583 43.35243551 40.70883774 63.25453819 31.         69.
 35.         65.        ]
Reading /home/fnrizzi/waveRuns/romAccuracyScenario2/train2/fom_mesh512x2048_nThreads_36_dt_0.1_T_2000_snaps_true_seismo_true_mat_prem_fRank_1_train_0/state_timestep_20000_sp
Reading /home/fnrizzi/waveRuns/romAccuracyScenario2/train2/fom_mesh512x2048_nThreads_36_dt_0.1_T_2000_snaps_true_seismo_true_mat_prem_fRank_1_train_1/state_timestep_20000_sp
2094592

Interpolating
25.0 % done
50.0 % done
75.0 % done
99.99995225800538 % done

Saving interpolation results in /home/fnrizzi/waveRuns/romAccuracyScenario2/train2/interpolation_n2

Reading test data
Reading /home/fnrizzi/waveRuns/romAccuracyScenario2/train2/fom_mesh512x2048_nThreads_36_dt_0.1_T_2000_snaps_true_seismo_true_mat_prem_fRank_1_test_0/state_timestep_20000_sp
Reading /home/fnrizzi/waveRuns/romAccuracyScenario2/train2/fom_mesh512x2048_nThreads_36_dt_0.1_T_2000_snaps_true_seismo_true_mat_prem_fRank_1_test_1/state_timestep_20000_sp
Reading /home/fnrizzi/waveRuns/romAccuracyScenario2/train2/fom_mesh512x2048_nThreads_36_dt_0.1_T_2000_snaps_true_seismo_true_mat_prem_fRank_1_test_2/state_timestep_20000_sp
Reading /home/fnrizzi/waveRuns/romAccuracyScenario2/train2/fom_mesh512x2048_nThreads_36_dt_0.1_T_2000_snaps_true_seismo_true_mat_prem_fRank_1_test_3/state_timestep_20000_sp
Reading /home/fnrizzi/waveRuns/romAccuracyScenario2/train2/fom_mesh512x2048_nThreads_36_dt_0.1_T_2000_snaps_true_seismo_true_mat_prem_fRank_1_test_4/state_timestep_20000_sp
Reading /home/fnrizzi/waveRuns/romAccuracyScenario2/train2/fom_mesh512x2048_nThreads_36_dt_0.1_T_2000_snaps_true_seismo_true_mat_prem_fRank_1_test_5/state_timestep_20000_sp
Reading /home/fnrizzi/waveRuns/romAccuracyScenario2/train2/fom_mesh512x2048_nThreads_36_dt_0.1_T_2000_snaps_true_seismo_true_mat_prem_fRank_1_test_6/state_timestep_20000_sp
Reading /home/fnrizzi/waveRuns/romAccuracyScenario2/train2/fom_mesh512x2048_nThreads_36_dt_0.1_T_2000_snaps_true_seismo_true_mat_prem_fRank_1_test_7/state_timestep_20000_sp
Reading /home/fnrizzi/waveRuns/romAccuracyScenario2/train2/fom_mesh512x2048_nThreads_36_dt_0.1_T_2000_snaps_true_seismo_true_mat_prem_fRank_1_test_8/state_timestep_20000_sp
Reading /home/fnrizzi/waveRuns/romAccuracyScenario2/train2/fom_mesh512x2048_nThreads_36_dt_0.1_T_2000_snaps_true_seismo_true_mat_prem_fRank_1_test_9/state_timestep_20000_sp
Reading /home/fnrizzi/waveRuns/romAccuracyScenario2/train2/fom_mesh512x2048_nThreads_36_dt_0.1_T_2000_snaps_true_seismo_true_mat_prem_fRank_1_test_10/state_timestep_20000_sp
Reading /home/fnrizzi/waveRuns/romAccuracyScenario2/train2/fom_mesh512x2048_nThreads_36_dt_0.1_T_2000_snaps_true_seismo_true_mat_prem_fRank_1_test_11/state_timestep_20000_sp
Reading /home/fnrizzi/waveRuns/romAccuracyScenario2/train2/fom_mesh512x2048_nThreads_36_dt_0.1_T_2000_snaps_true_seismo_true_mat_prem_fRank_1_test_12/state_timestep_20000_sp
Reading /home/fnrizzi/waveRuns/romAccuracyScenario2/train2/fom_mesh512x2048_nThreads_36_dt_0.1_T_2000_snaps_true_seismo_true_mat_prem_fRank_1_test_13/state_timestep_20000_sp


nn_test0_sp_fom_minmax = -0.8303701152900599 0.9035025046754709
nn_test0_sp_rom_minmax = -0.3882001245748058 0.39643063846874643
nn_test0_sp_err_minmax = -0.4658370306302291 0.5149499463029323
nn_test0_sp_err_abs_rel_ltwo_norms = 13.049262236409351 0.4891429118538193
nn_test0_sp_err_abs_rel_linf_norms = 0.5149499463029323 0.5699485542520961
linear_test0_sp_fom_minmax = -0.8303701152900599 0.9035025046754709
linear_test0_sp_rom_minmax = -1.0490703150870075 0.9567162754756903
linear_test0_sp_err_minmax = -0.38077899581610786 0.3999784268314671
linear_test0_sp_err_abs_rel_ltwo_norms = 12.749972789343735 0.4779242460800309
linear_test0_sp_err_abs_rel_linf_norms = 0.3999784268314671 0.4426976403071903


nn_test1_sp_fom_minmax = -0.5333560753871908 0.5913344063462482
nn_test1_sp_rom_minmax = -0.3882001245748058 0.39643063846874643
nn_test1_sp_err_minmax = -0.17023146791243515 0.20317202714840749
nn_test1_sp_err_abs_rel_ltwo_norms = 5.274847778392342 0.23815252241929413
nn_test1_sp_err_abs_rel_linf_norms = 0.20317202714840749 0.3435822860431407
linear_test1_sp_fom_minmax = -0.5333560753871908 0.5913344063462482
linear_test1_sp_rom_minmax = -0.6854028968593142 0.6452815353804631
linear_test1_sp_err_minmax = -0.22708673071708216 0.22358623050154822
linear_test1_sp_err_abs_rel_ltwo_norms = 7.0985998923088705 0.32049256035857204
linear_test1_sp_err_abs_rel_linf_norms = 0.22708673071708216 0.38402421418400345


nn_test2_sp_fom_minmax = -0.5323036033585555 0.5901295879730385
nn_test2_sp_rom_minmax = -0.3882001245748058 0.39643063846874643
nn_test2_sp_err_minmax = -0.1692799056992058 0.20196442687145028
nn_test2_sp_err_abs_rel_ltwo_norms = 5.244504786812113 0.2369654343160495
nn_test2_sp_err_abs_rel_linf_norms = 0.20196442687145028 0.34223741867468865
linear_test2_sp_fom_minmax = -0.5323036033585555 0.5901295879730385
linear_test2_sp_rom_minmax = -0.6837671852499316 0.6439692627719869
linear_test2_sp_err_minmax = -0.22614340279549322 0.22256128512338275
linear_test2_sp_err_abs_rel_ltwo_norms = 7.0663595143940094 0.31928332977641616
linear_test2_sp_err_abs_rel_linf_norms = 0.22614340279549322 0.38320973461480656


nn_test3_sp_fom_minmax = -0.4049200801282478 0.4145446855028664
nn_test3_sp_rom_minmax = -0.3882001245748058 0.39643063846874643
nn_test3_sp_err_minmax = -0.023312604851592977 0.025796516950724213
nn_test3_sp_err_abs_rel_ltwo_norms = 0.6957704370224826 0.035507526749483986
nn_test3_sp_err_abs_rel_linf_norms = 0.025796516950724213 0.062228555455804635
linear_test3_sp_fom_minmax = -0.4049200801282478 0.4145446855028664
linear_test3_sp_rom_minmax = -0.4230230810203639 0.42632638280467083
linear_test3_sp_err_minmax = -0.0380498881879678 0.03501010838540061
linear_test3_sp_err_abs_rel_ltwo_norms = 1.12657671752072 0.057493033339989744
linear_test3_sp_err_abs_rel_linf_norms = 0.0380498881879678 0.09178718125842358


nn_test4_sp_fom_minmax = -1.1636066741885316 1.1986252626742355
nn_test4_sp_rom_minmax = -1.9181854392302928 1.7386659448612778
nn_test4_sp_err_minmax = -0.9331765490730444 0.856297827038148
nn_test4_sp_err_abs_rel_ltwo_norms = 27.555995011195016 0.8697254908094887
nn_test4_sp_err_abs_rel_linf_norms = 0.9331765490730444 0.778539029780707
linear_test4_sp_fom_minmax = -1.1636066741885316 1.1986252626742355
linear_test4_sp_rom_minmax = -1.3391264860528471 1.2177778645631006
linear_test4_sp_err_minmax = -0.42969726424877464 0.4450232760337349
linear_test4_sp_err_abs_rel_ltwo_norms = 14.062245040698134 0.443834198871634
linear_test4_sp_err_abs_rel_linf_norms = 0.4450232760337349 0.37127807154744086


nn_test5_sp_fom_minmax = -1.5911772184743067 1.5017164637347515
nn_test5_sp_rom_minmax = -1.9181854392302928 1.7386659448612778
nn_test5_sp_err_minmax = -0.45366213072827666 0.46677323490395306
nn_test5_sp_err_abs_rel_ltwo_norms = 15.352673578002898 0.3908674640648017
nn_test5_sp_err_abs_rel_linf_norms = 0.46677323490395306 0.2933508785096336
linear_test5_sp_fom_minmax = -1.5911772184743067 1.5017164637347515
linear_test5_sp_rom_minmax = -1.654386384587447 1.5015237673409156
linear_test5_sp_err_minmax = -0.3029760439473319 0.2975619132288451
linear_test5_sp_err_abs_rel_ltwo_norms = 10.060078712652098 0.2561219995154826
linear_test5_sp_err_abs_rel_linf_norms = 0.3029760439473319 0.1904099935755988


nn_test6_sp_fom_minmax = -1.2055459987463144 1.2320072712135786
nn_test6_sp_rom_minmax = -1.9181854392302928 1.7386659448612778
nn_test6_sp_err_minmax = -0.8895893416824382 0.8246344190642618
nn_test6_sp_err_abs_rel_ltwo_norms = 26.540191178132055 0.8205215433327058
nn_test6_sp_err_abs_rel_linf_norms = 0.8895893416824382 0.7220650092480019
linear_test6_sp_fom_minmax = -1.2055459987463144 1.2320072712135786
linear_test6_sp_rom_minmax = -1.371547343541262 1.2469578697576766
linear_test6_sp_err_minmax = -0.4273874963060401 0.44056750235035713
linear_test6_sp_err_abs_rel_ltwo_norms = 13.955822740066194 0.4314608412689938
linear_test6_sp_err_abs_rel_linf_norms = 0.44056750235035713 0.35760138161877875


nn_test7_sp_fom_minmax = -1.358115975068079 1.3459612899400317
nn_test7_sp_rom_minmax = -1.9181854392302928 1.7386659448612778
nn_test7_sp_err_minmax = -0.7258909400475615 0.6994760953728139
nn_test7_sp_err_abs_rel_ltwo_norms = 22.57254357877874 0.6473582736533959
nn_test7_sp_err_abs_rel_linf_norms = 0.7258909400475615 0.5344837652846064
linear_test7_sp_fom_minmax = -1.358115975068079 1.3459612899400317
linear_test7_sp_rom_minmax = -1.4854143020716526 1.3494424645156862
linear_test7_sp_err_minmax = -0.40118868015176906 0.4062750495194555
linear_test7_sp_err_abs_rel_ltwo_norms = 13.076190676131393 0.37501224407962974
linear_test7_sp_err_abs_rel_linf_norms = 0.4062750495194555 0.2991460648263783


nn_test8_sp_fom_minmax = -1.5470657008854076 1.472142316594941
nn_test8_sp_rom_minmax = -1.9181854392302928 1.7386659448612778
nn_test8_sp_err_minmax = -0.5075563015437801 0.5154856378715625
nn_test8_sp_err_abs_rel_ltwo_norms = 16.861401462380012 0.4394261106271896
nn_test8_sp_err_abs_rel_linf_norms = 0.5154856378715625 0.33320216302161104
linear_test8_sp_fom_minmax = -1.5470657008854076 1.472142316594941
linear_test8_sp_rom_minmax = -1.6222881291344007 1.4726341162516001
linear_test8_sp_err_minmax = -0.32749762340178545 0.32365872776837723
linear_test8_sp_err_abs_rel_ltwo_norms = 10.811002214037064 0.28174625137154424
linear_test8_sp_err_abs_rel_linf_norms = 0.32749762340178545 0.21168953795197834


nn_test9_sp_fom_minmax = -0.42112955016071196 0.43925576279258444
nn_test9_sp_rom_minmax = -0.3882001245748058 0.39643063846874643
nn_test9_sp_err_minmax = -0.04514169742994523 0.05060238405854722
nn_test9_sp_err_abs_rel_ltwo_norms = 1.3557607231646003 0.06791846434845719
nn_test9_sp_err_abs_rel_linf_norms = 0.05060238405854722 0.11520027361016445
linear_test9_sp_fom_minmax = -0.42112955016071196 0.43925576279258444
linear_test9_sp_rom_minmax = -0.45727939388164685 0.4606501186141041
linear_test9_sp_err_minmax = -0.07164932917446708 0.0666005778417857
linear_test9_sp_err_abs_rel_ltwo_norms = 2.136732526058549 0.10704218628973902
linear_test9_sp_err_abs_rel_linf_norms = 0.07164932917446708 0.16311528554333327


nn_test10_sp_fom_minmax = -2.0760992946412564 1.8039889154082287
nn_test10_sp_rom_minmax = -1.9181854392302928 1.7386659448612778
nn_test10_sp_err_minmax = -0.45445766802266263 0.4359685747208948
nn_test10_sp_err_abs_rel_ltwo_norms = 16.73097780592372 0.2879347215552763
nn_test10_sp_err_abs_rel_linf_norms = 0.45445766802266263 0.21889977478229986
linear_test10_sp_fom_minmax = -2.0760992946412564 1.8039889154082287
linear_test10_sp_rom_minmax = -2.125892169461691 1.9250659378694908
linear_test10_sp_err_minmax = -0.35465677487861824 0.3441452997807148
linear_test10_sp_err_abs_rel_ltwo_norms = 14.055038540585965 0.24188267150766593
linear_test10_sp_err_abs_rel_linf_norms = 0.35465677487861824 0.17082842607482407


nn_test11_sp_fom_minmax = -0.3438349054478519 0.37960949010065237
nn_test11_sp_rom_minmax = -0.3882001245748058 0.39643063846874643
nn_test11_sp_err_minmax = -0.0984391768137362 0.09449855149866698
nn_test11_sp_err_abs_rel_ltwo_norms = 2.7692822309136096 0.15686872218784845
nn_test11_sp_err_abs_rel_linf_norms = 0.0984391768137362 0.2593169543459921
linear_test11_sp_fom_minmax = -0.3438349054478519 0.37960949010065237
linear_test11_sp_rom_minmax = -0.383549260798957 0.43045429154559084
linear_test11_sp_err_minmax = -0.15771188829816432 0.18120133124565813
linear_test11_sp_err_abs_rel_ltwo_norms = 5.188492702353234 0.2939072844267708
linear_test11_sp_err_abs_rel_linf_norms = 0.18120133124565813 0.4773361466743445


nn_test12_sp_fom_minmax = -1.9181854392302928 1.7386659448612778
nn_test12_sp_rom_minmax = -1.9181854392302928 1.7386659448612778
nn_test12_sp_err_minmax = 0.0 0.0
nn_test12_sp_err_abs_rel_ltwo_norms = 0.0 0.0
nn_test12_sp_err_abs_rel_linf_norms = 0.0 0.0
linear_test12_sp_fom_minmax = -1.9181854392302928 1.7386659448612778
linear_test12_sp_rom_minmax = -1.9181854392302928 1.7386659448612778
linear_test12_sp_err_minmax = 0.0 0.0
linear_test12_sp_err_abs_rel_ltwo_norms = 0.0 0.0
linear_test12_sp_err_abs_rel_linf_norms = 0.0 0.0


nn_test13_sp_fom_minmax = -0.3882001245748058 0.39643063846874643
nn_test13_sp_rom_minmax = -0.3882001245748058 0.39643063846874643
nn_test13_sp_err_minmax = 0.0 0.0
nn_test13_sp_err_abs_rel_ltwo_norms = 0.0 0.0
nn_test13_sp_err_abs_rel_linf_norms = 0.0 0.0
linear_test13_sp_fom_minmax = -0.3882001245748058 0.39643063846874643
linear_test13_sp_rom_minmax = -0.3882001245748057 0.39643063846874643
linear_test13_sp_err_minmax = -1.6653345369377348e-16 1.5265566588595902e-16
linear_test13_sp_err_abs_rel_ltwo_norms = 2.3662838433056936e-15 1.231917276057462e-16
linear_test13_sp_err_abs_rel_linf_norms = 1.6653345369377348e-16 4.2008219732214905e-16
