*** Parsing input ***

meshDir = /home/fnrizzi/romScaling/june12/meshes/mesh300x1200 
checkDispersion = true 
timeStep = 0.1 
finalT = 400 
numSteps = 4000 
includeMatPropInJacobian true 
exploitForcingSparsity true 

enableSnapshotMatrix = false 
enableSeimogram = false 

matModelType = prem 

signal  type= gaussianDeriv depth[km]= 640 angle[deg]= 0 period[sec]= 55 delay[sec]= 209.983 
You did not set the basisfiles so I am using dummy basis
vpRomSize_ = 512 
spRomSize_ = 512 
vpBasisFileName_ = empty 
spBasisFileName_ = empty
---------------------------------------------------

enableSampling = true 
numParams_ = 1 
paramName_ = signalPeriod 
values = 68.3067 63.8273 62.4554 61.8618 61.9008 60.717 60.6341 60.797 65.3282 66.6498 61.425 64.7269 61.9988 66.5688 61.3799 67.1503 65.8753 65.9927 64.2782 61.9576 60.1285 65.4286 69.1451 67.9923 62.3586 68.9314 66.7385 67.7572 64.7124 63.6807 69.3901 65.3792 64.8131 68.1301 64.5778 62.5553 62.6836 66.9086 63.1944 64.3304 61.5526 61.5566 65.0935 66.8781 68.9729 67.7387 62.4989 61.1881 60.2086 69.4811 62.4142 66.8937 60.7669 68.2129 66.5078 68.9587 69.161 64.7487 67.9337 60.8559 68.0316 60.3836 63.3089 63.3408 62.9001 67.1038 63.4735 60.3427 67.7877 67.1967 65.3878 65.2347 60.5621 64.2176 62.0041 64.7661 65.3194 69.599 66.2956 69.0981 62.4778 66.3157 61.5678 67.4924 61.2596 65.8423 65.5263 66.5539 67.3505 60.5408 63.9336 68.3999 67.5787 63.7135 62.9608 64.0726 64.6266 65.732 68.1855 67.4848 65.029 64.7382 60.9916 68.4713 60.4307 62.3962 62.3681 68.892 60.6252 69.339 65.4523 64.5475 62.3711 69.9857 65.5207 66.4272 67.3989 64.9678 67.447 60.5152 69.9715 67.0535 65.274 65.5522 69.7568 65.4641 64.9081 60.8984 68.9818 61.4269 62.9136 61.284 62.0207 68.5339 60.4205 61.5196 68.8617 64.1622 63.2005 65.9463 63.318 65.431 62.3303 61.2118 64.4078 69.2063 67.5212 65.9311 67.664 60.1364 65.8453 62.0388 69.2698 62.1987 61.1004 60.1586 69.161 60.8511 67.646 61.4241 61.0264 65.5149 61.2773 62.1946 66.1379 62.5235 66.8869 69.9379 68.2968 64.5473 69.1718 67.944 67.7443 65.2504 66.5177 66.292 63.1435 68.0739 60.5716 60.2095 60.1596 68.0028 63.4855 62.8654 68.9626 65.4559 63.3282 65.4843 62.176 69.5101 68.3148 65.4051 66.5408 65.6076 67.1634 62.3144 66.6798 64.7444 64.3376 63.4738 65.4892 62.6473 61.9748 64.4339 68.2552 64.8939 63.5407 67.0636 65.6403 67.6847 61.2656 66.8285 69.1125 65.5153 66.8851 64.0967 65.9344 67.7589 69.7645 64.2324 60.5518 60.5712 69.3081 69.1052 68.7891 64.5573 64.7018 67.7498 62.9369 60.9864 69.6168 63.0494 69.6103 60.3114 60.8122 66.1301 69.476 63.3469 66.8335 63.3273 63.9949 64.5734 69.9943 64.5573 63.4487 65.4436 66.0973 69.987 67.7515 67.7232 68.6081 69.918 66.0451 62.7486 68.2594 66.8468 68.9705 67.4733 63.2578 68.7928 62.0577 69.105 66.2518 69.5719 60.4792 62.9309 64.2003 61.4031 69.0026 68.0539 64.0577 62.051 62.132 64.9571 60.1585 68.0343 62.5315 62.1184 68.6105 60.2675 60.5012 63.7881 68.4431 69.1556 60.7268 64.8439 60.3344 67.9729 65.1461 68.9689 64.1997 67.3965 64.3124 66.4923 63.8165 67.9077 63.4867 60.0557 61.9208 66.1808 69.3161 65.5365 67.4792 67.5693 66.2925 65.0657 63.7974 61.0765 66.1925 67.6106 67.1666 63.2215 60.8954 68.2399 62.9455 68.3608 63.14 64.8598 69.8684 64.2978 63.2275 61.1531 62.6967 66.833 63.0194 60.0194 60.0683 69.9774 66.6027 65.1089 66.897 66.9982 68.1969 67.4438 60.3464 67.2334 65.8399 60.33 62.854 61.1205 69.8792 64.1549 68.5801 65.2486 69.9943 67.4403 68.9416 67.9718 60.251 67.1558 60.6619 60.3056 66.9411 63.0157 63.3379 67.6727 63.0825 60.2681 60.4021 61.2574 67.1549 62.6926 65.5113 67.7343 67.0788 65.862 63.3485 64.8427 65.7158 65.4128 64.7048 61.2496 67.5463 60.7201 69.0671 67.0741 63.8234 64.8427 66.8143 66.1246 64.7251 65.7401 69.408 66.1607 68.1114 62.0246 68.214 67.2609 61.919 65.6996 68.9014 68.113 64.8047 69.6431 62.8451 63.7616 66.505 62.2318 65.0854 60.9722 68.4233 69.7193 64.8318 62.6475 60.0788 68.9706 62.1141 62.932 65.1111 60.5078 64.803 62.1375 65.7046 65.9963 61.9444 69.6841 68.4547 67.7159 65.7282 62.7003 64.1797 62.9642 65.3692 62.8206 63.1912 60.9459 63.004 68.0683 68.0504 63.7964 67.1928 67.224 60.4583 64.8134 66.3889 63.4023 61.7305 64.2143 60.4983 66.4297 66.3508 63.3893 69.5105 66.0634 66.8904 60.6284 69.974 61.3663 63.3475 66.6798 67.6102 69.5549 69.7447 68.9918 63.3804 61.7884 65.1383 69.1477 60.2561 65.9656 63.2885 69.3456 67.7086 67.3441 64.8123 65.3015 64.8033 64.5917 62.3537 68.239 65.5528 68.3911 68.932 62.8305 65.4275 63.0002 61.958 64.9365 68.3353 66.1022 68.6612 60.9662 60.9009 62.877 62.383 69.1976 66.8579 62.314 61.843 66.0678 61.1498 62.3931 67.5493 67.7909 65.2216 65.3149 60.3465 69.1577 60.2285 68.8217 67.3371 67.5802 64.1629 61.0344 65.8059 64.4619 68.2432 62.0034 67.9123 63.8685 66.5372 64.3949 61.7154 63.4459 61.9352 65.0984 62.2809 68.4553 65.3993 66.7908 64.9027 64.0768 64.1504 66.5677 65.3937 61.6182 62.7375 67.1262 60.5701 65.0542 60.3084 66.9643 69.4188 65.6563 69.7225 63.1037 67.2937 61.8757 62.5801 61.3742 69.6398 65.4509 65.03 63.222 63.3252 65.0242 64.5991 65.0001 61.8884 62.429 68.5921 60.7741 67.9375 69.3686 61.2186 67.3331 62.0057 67.3654 62.074 60.1045 62.2519 63.0602 64.4858 63.005 65.6934 69.1772 67.4269 63.8103 66.1113 66.8655 61.5156 66.8826 69.0222 64.6778 69.0675 61.7194 62.6063 62.7906 67.2717 64.116 62.5449 68.0034 64.9752 69.958 62.5436 68.5691 69.0182 60.2343 67.3845 60.8034 60.1375 63.4052 62.3768 63.1398 67.1673 62.2487 65.9583 60.8986 65.8591 61.4386 60.9255 67.1254 66.1806 64.9707 69.039 60.2919 63.839 62.4927 61.7555 61.4139 68.7358 63.9822 61.3354 65.895 63.3523 64.2787 60.3888 67.7835 61.2339 68.1937 67.1147 66.332 68.5749 65.4034 62.5558 60.7545 68.208 64.7078 62.1844 67.5836 61.601 69.8913 65.9962 65.8012 64.7784 65.9809 66.95 68.7728 68.6512 62.3083 65.81 62.5724 65.6218 64.1639 63.006 61.9518 65.2935 65.8998 62.451 60.8424 61.5493 62.4839 60.4569 61.736 64.1508 64.4516 67.3323 68.858 64.3673 61.4182 63.7987 60.1226 68.2185 60.3931 62.3233 63.3133 67.1779 65.6097 67.8986 68.5231 65.3653 63.4597 64.6449 69.6466 68.6519 66.498 61.4828 69.1338 69.7117 62.6215 67.4603 69.3388 63.0335 62.2585 60.8923 64.3744 64.158 68.8733 69.3933 65.0953 64.5844 60.7814 67.4889 61.9394 69.9011 60.5775 63.4671 65.4232 68.1074 61.8539 62.6831 64.1802 68.805 68.766 63.0634 65.8688 63.1347 67.2181 67.2691 63.6333 62.9678 62.17 68.6695 68.1212 64.4259 61.1531 69.3492 64.026 65.9799 61.3168 66.2936 61.0971 67.8215 64.2903 60.8448 64.209 67.3748 64.9832 65.1259 65.633 65.6958 65.2319 61.3254 69.3401 67.118 66.314 67.5232 62.5324 62.811 61.6775 68.6154 69.7316 68.9511 60.6892 60.2965 62.9429 62.9247 61.737 67.3221 63.6064 67.9497 65.8822 65.462 64.5487 65.1215 67.7866 63.243 69.76 66.2881 67.9233 69.1755 65.4009 64.3195 67.6879 62.0029 62.1878 60.5557 61.1736 66.7665 68.8144 65.9157 66.9899 67.5288 64.4315 60.6164 64.9262 67.464 69.3251 60.1642 63.8853 68.9167 65.3706 61.4478 68.1336 63.5604 68.1992 68.5274 68.088 67.3178 62.7804 61.816 67.9247 66.6748 62.5695 65.4292 64.5179 67.4123 67.5128 61.2556 65.2381 66.1464 60.6576 60.7022 66.7139 61.8026 62.0747 61.6014 64.8695 68.8379 65.137 62.7527 67.7155 61.5313 63.8227 63.6233 65.1611 65.2715 64.4083 66.4302 63.0828 65.9684 66.353 68.3469 63.4263 63.6455 65.055 67.0713 67.1366 61.9716 69.7794 65.8427 64.8077 66.6417 65.4207 60.2951 62.5581 67.0098 64.1791 60.315 63.2149 67.4706 66.2236 66.7172 63.2683 65.6314 62.6057 64.6987 65.4453 65.4779 64.7163 63.8058 63.4698 67.586 69.0777 65.471 69.8112 62.4606 66.0965 61.7623 61.713 67.755 65.1638 64.9053 65.1261 66.5596 61.7689 67.768 69.9525 66.3454 66.2681 69.3796 61.4474 66.0227 62.0466 67.0689 64.7151 64.7317 61.2603 60.6734 62.6066 65.5331 63.4354 69.2751 62.339 69.1572 67.3469 66.9237 68.2031 68.0019 61.1087 66.4739 65.7362 64.9086 69.7475 69.3836 60.7994 65.4853 62.629 60.579 65.3601 63.5201 64.1726 66.3762 62.7227 63.8893 67.3574 61.9695 60.0586 60.7758 63.5178 68.9418 60.262 62.8014 62.5721 62.5513 65.2345 69.7052 65.3205 68.0657 68.883 61.5296 61.3999 69.8705 69.5028 64.7307 66.5865 67.2554 68.7002 68.7079 66.404 68.667 60.4787 69.2063 64.1046 69.1613 61.0196 63.3882 67.958 66.8092 62.2797 66.2904 61.3508 60.6136 65.6762 63.1486 67.8038 64.861 65.8131 67.6819 61.6391 64.0933 68.5908 62.083 67.2007 65.892 68.5271 68.3812 63.4107 60.0975 64.6827 62.9774 63.7988 69.374 66.5253 63.434 68.0374 63.5728 61.319 61.314 68.3328 66.3772 66.7634 62.8276 66.0673 68.2634 66.3258 65.0504 69.3381 68.6833 63.5737 62.2859 68.9784 64.3536 68.5162 65.2796 66.2118 60.642 63.5183 68.1833 68.4331 60.5101 66.9159 63.4018 66.0556 61.0222 61.28 64.1545 60.5157 68.5095 60.4139 67.8883 65.0978 68.5775 64.4726 67.7798 68.7551 63.1479 60.5402 66.6075 64.9615 69.2171 61.9634 64.0011 68.2786 61.8214 64.5939 69.6973 64.6438 66.75 63.8456 65.4271 67.2488 66.9691 64.672 
enableRankTwoF_ = true 
forcingSize_ = 1024 

*** Reading meshfile info ***

thetaLeft (deg) = 0
thetaRight (deg) = 180
CMB radius (km) = 3480
Earth surf radius (km) = 6371
dth [rad] = 0.0026201773591240977
drr [km] = 9.6688963210702337
numGptVp = 360000
numGptSp = 718500
nth = 1200
nr = 300

*** Compute FOM Jacobians: with mat prop ***
Reading graph for vp ...Done
Reading Vp stencil coeffs for vp...Done
Reading graph for sp ...Done
jacVp:  nnz = 1437000 nrows = 360000 ncols = 718500
jacSp:  nnz = 1437000 nrows = 718500 ncols = 360000
The computation of the rom jacobians is disabled
romJac time: 0.0001611720
Target Source coords (depth [km], r [km], th [deg], th [rad]) = 640.0000000000 5731.0000000000 0.0000000000 0.0000000000
Source angle cannot be on left edge, mapping to: 0.00262017735912410
Source mapped to GID = 279601 with depth (km) = 638.14715719063485722 with angle (rad) = 0.00262017735912410 angle (deg) = 0.15012510425354461
centerFreq = 0.01916953965327214
minPeriod  = 52.16609360931133210
Numerical dispersion criterion along r: OK! 
drr = 9668.89632107023317076, ratio = 19206.22193109496947727
Numerical dispersion criterion along theta: OK! 
maxArc = 16693.14995497962445370, ratio = 19206.22193109496947727
CFL: OK! 
cfl = 0.11269344961025346
ROM-KOKKOS-B step = 2000
ROM-KOKKOS-B step = 4000

loopTime = 11.2977866130
dataCollectionTime = 0.0065701850
flops = 1076363264.0000000000
memMB = 40.0156250000
flops/bytes = 25.6524795002
aveBandwidth(GB/s) =    13.86 
minBandwidth(GB/s) =     6.36 
maxBandwidth(GB/s) =    14.27 
aveGFlop = 381.8200 
minGFlop = 175.0615 
maxGFlop = 393.1488 
totTime(se) = 11.2761 
aveTime(ms) =  2.8190 
maxTime(ms) =  6.1485 
minTime(ms) =  2.7378 
