*** Parsing input ***

meshDir = /home/fnrizzi/romScaling/june12/meshes/mesh300x1200 
checkDispersion = true 
timeStep = 0.1 
finalT = 400 
numSteps = 4000 
includeMatPropInJacobian true 
exploitForcingSparsity true 

enableSnapshotMatrix = false 
enableSeimogram = false 

matModelType = prem 

signal  type= gaussianDeriv depth[km]= 640 angle[deg]= 0 period[sec]= 55 delay[sec]= 204.921 
You did not set the basisfiles so I am using dummy basis
vpRomSize_ = 128 
spRomSize_ = 128 
vpBasisFileName_ = empty 
spBasisFileName_ = empty
---------------------------------------------------

enableSampling = true 
numParams_ = 1 
paramName_ = signalPeriod 
values = 65.9867 68.307 
enableRankTwoF_ = true 
forcingSize_ = 2 

*** Reading meshfile info ***

thetaLeft (deg) = 0
thetaRight (deg) = 180
CMB radius (km) = 3480
Earth surf radius (km) = 6371
dth [rad] = 0.0026201773591240977
drr [km] = 9.6688963210702337
numGptVp = 360000
numGptSp = 718500
nth = 1200
nr = 300

*** Compute FOM Jacobians: with mat prop ***
Reading graph for vp ...Done
Reading Vp stencil coeffs for vp...Done
Reading graph for sp ...Done
jacVp:  nnz = 1437000 nrows = 360000 ncols = 718500
jacSp:  nnz = 1437000 nrows = 718500 ncols = 360000
The computation of the rom jacobians is disabled
romJac time: 0.0000418550
Target Source coords (depth [km], r [km], th [deg], th [rad]) = 640.0000000000 5731.0000000000 0.0000000000 0.0000000000
Source angle cannot be on left edge, mapping to: 0.00262017735912410
Source mapped to GID = 279601 with depth (km) = 638.14715719063485722 with angle (rad) = 0.00262017735912410 angle (deg) = 0.15012510425354461
centerFreq = 0.01916953965327214
minPeriod  = 52.16609360931133210
Numerical dispersion criterion along r: OK! 
drr = 9668.89632107023317076, ratio = 21115.75307324574532686
Numerical dispersion criterion along theta: OK! 
maxArc = 16693.14995497962445370, ratio = 21115.75307324574532686
CFL: OK! 
cfl = 0.11269344961025346
ROM-KOKKOS-B step = 2000
ROM-KOKKOS-B step = 4000

loopTime = 0.1681765960
dataCollectionTime = 0.0054551970
flops = 132352.0000000000
memMB = 0.2676086426
flops/bytes = 0.4716615350
aveBandwidth(GB/s) =     6.88 
minBandwidth(GB/s) =     0.73 
maxBandwidth(GB/s) =     6.95 
aveGFlop =  3.4833 
minGFlop =  0.3680 
maxGFlop =  3.5180 
totTime(se) =  0.1520 
aveTime(ms) =  0.0380 
maxTime(ms) =  0.3596 
minTime(ms) =  0.0376 
