*** Parsing input ***

meshDir = /home/fnrizzi/waveRuns/fomScalingFinal/meshes/mesh1024x4096 
checkDispersion = true 
timeStep = 0.05 
finalT = 50 
numSteps = 1000 
includeMatPropInJacobian true 
exploitForcingSparsity true 

enableSnapshotMatrix = false 
enableSeimogram = false 

matModelType = unilayer 
rho(c0,c1,c2) = 2500 0 0
vs(c0,c1,c2)  = 5000 0 0

signal  type= gaussianDeriv depth[km]= 640 angle[deg]= 0 period[sec]= 60 delay[sec]= 210 

enableSampling = true 
numParams_ = 1 
paramName_ = signalPeriod 
values = 60 60.6452 61.2903 61.9355 62.5806 63.2258 63.871 64.5161 65.1613 65.8065 66.4516 67.0968 67.7419 68.3871 69.0323 69.6774 70.3226 70.9677 71.6129 72.2581 72.9032 73.5484 74.1935 74.8387 75.4839 76.129 76.7742 77.4194 78.0645 78.7097 79.3548 80 
enableRankTwoF_ = true 
forcingSize_ = 32 

*** Reading meshfile info ***

thetaLeft (deg) = 0
thetaRight (deg) = 180
CMB radius (km) = 3480
Earth surf radius (km) = 6371
dth [rad] = 0.00076717769318432067
drr [km] = 2.8260019550342133
numGptVp = 4194304
numGptSp = 8383488
nth = 4096
nr = 1024

*** Compute FOM Jacobians: with mat prop ***
Reading graph for vp ...Done
Reading Vp stencil coeffs for vp...Done
Reading graph for sp ...Done
minMaxVs = 5000 5000
jacVp:  nnz = 16766976 nrows = 4194304 ncols = 8383488
jacSp:  nnz = 16766976 nrows = 8383488 ncols = 4194304
Doing FOM with sampling of forcing period
Total number of samples 32
Target Source coords (depth [km], r [km], th [deg], th [rad]) = 640 5731 0 0
Source angle cannot be on left edge, mapping to: 0.00076717769318432067
Source mapped to GID = 3264513 with depth (km) = 638.67644183773177 with angle (rad) = 0.00076717769318432067 angle (deg) = 0.043956043956043959
centerFreq = 0.10229783267325561
minPeriod  = 9.7753781665546136
Numerical dispersion criterion along r: OK! 
drr = 2826.0019550342131, ratio = 30000
Numerical dispersion criterion along theta: OK! 
maxArc = 4887.689083277307, ratio = 30000
CFL: OK! 
cfl = 0.13242799262440194

loopTime = 230.5739729780
dataCollectionTime = 0.0022847950
flops = 2548662368.0000000000
memMB = 15960.1484375000
flops/bytes = 0.1522914308
aveBandwidth(GB/s) =    67.60 
minBandwidth(GB/s) =    63.59 
maxBandwidth(GB/s) =    68.30 
aveGFlop = 11.0540 
minGFlop = 10.3980 
maxGFlop = 11.1692 
totTime(se) = 230.5647 
aveTime(ms) = 230.5647 
maxTime(ms) = 245.1112 
minTime(ms) = 228.1858 

finalProcessTime = 0.0000021020
