*** Parsing input ***

meshDir = /home/fnrizzi/romScaling/june12/meshes/mesh300x1200 
checkDispersion = true 
timeStep = 0.1 
finalT = 400 
numSteps = 4000 
includeMatPropInJacobian true 
exploitForcingSparsity true 

enableSnapshotMatrix = false 
enableSeimogram = false 

matModelType = prem 

signal  type= gaussianDeriv depth[km]= 640 angle[deg]= 0 period[sec]= 55 delay[sec]= 209.834 
You did not set the basisfiles so I am using dummy basis
vpRomSize_ = 512 
spRomSize_ = 512 
vpBasisFileName_ = empty 
spBasisFileName_ = empty
---------------------------------------------------

enableSampling = true 
numParams_ = 1 
paramName_ = signalPeriod 
values = 62.535 66.0138 60.591 67.02 60.6346 66.1911 69.766 69.9389 69.503 63.4365 68.9102 63.7501 63.3513 67.836 62.5495 66.6902 66.3159 64.9228 62.603 66.6662 61.9605 61.6061 68.4015 62.5865 66.5538 62.7586 60.1501 64.9516 61.3649 63.1611 65.9972 63.2723 67.3269 67.3419 69.6609 60.3394 64.9372 65.2459 63.7147 69.0668 63.4952 64.7184 68.8828 61.3768 62.3628 65.6307 65.2132 63.8351 67.0552 68.0497 60.3012 64.3994 65.5611 60.3767 60.709 65.852 66.9391 64.7616 67.1011 68.1198 62.0928 60.4602 60.9322 60.1408 63.4859 64.9284 61.3085 64.9536 65.9105 61.3252 61.7808 67.1646 61.9046 62.1451 60.7915 67.2341 60.5105 69.6118 60.7981 69.6298 62.3833 60.702 67.8096 68.5834 64.6792 69.2448 62.578 66.6297 65.3369 65.2929 65.04 66.7296 68.6366 64.26 64.6657 66.1364 69.7673 64.1922 65.8736 69.1164 64.5713 69.8727 61.3739 65.3081 60.7921 60.728 66.8205 69.129 65.0115 65.9073 61.9405 67.2884 65.3972 68.8217 65.0994 65.5792 61.0282 67.9039 69.2357 65.0452 66.1834 69.9429 63.4968 65.8508 68.1214 64.0956 66.9045 69.2826 62.6396 66.5651 62.7064 62.564 65.6593 65.5843 64.6312 69.4904 66.82 60.2595 64.9985 65.5565 65.1808 62.079 60.9031 68.6916 65.53 61.1772 60.4915 68.3515 64.8938 61.2496 69.5868 60.9741 61.2752 65.1598 66.6327 64.5288 69.9159 68.1049 61.6054 64.1518 66.4196 60.7304 63.9064 69.5149 60.8489 64.5108 65.6895 62.7835 69.692 61.0063 62.8051 65.4651 63.2709 67.4501 61.3567 69.3899 60.8535 67.4963 60.5754 61.5168 63.1816 68.6139 60.6901 60.4491 65.0869 67.0665 64.8014 67.8787 67.1825 67.8159 63.1349 69.0146 68.9875 65.9214 62.7866 65.1857 65.6661 69.3365 60.291 68.2841 67.9116 61.8893 63.9573 61.6603 66.6206 60.3627 65.5297 69.9387 61.2793 64.382 68.6351 62.1378 66.0963 60.3915 61.9903 64.22 63.3727 67.6385 66.7168 62.418 66.4716 69.044 69.8626 60.0804 62.4084 67.6874 63.3271 66.8044 63.955 66.0105 60.5325 64.8627 65.0355 66.4099 66.8726 65.3389 66.8753 64.8186 66.6406 60.3937 63.7043 68.5719 69.9448 67.5477 62.7612 62.265 66.3529 66.1397 61.2075 61.2405 64.5579 63.6062 63.2544 68.1757 64.0377 69.7264 66.9138 65.1758 66.3725 64.8547 61.7284 64.5226 67.9027 64.301 66.0979 62.3619 65.8707 66.7344 65.6934 67.1705 61.0457 67.491 69.069 63.9446 65.8757 61.9506 65.156 61.8599 68.7706 63.9677 66.9292 68.2788 69.4652 66.9214 68.4452 68.1559 65.6862 63.2036 63.894 63.1418 64.8206 64.1908 64.181 60.0354 69.3113 63.4956 60.564 69.0598 64.5625 63.461 61.1449 69.5517 60.5986 64.2752 63.8409 69.041 64.3322 67.7892 69.7843 61.2386 61.729 67.7709 69.9007 64.2143 64.2811 67.5413 67.5563 63.524 62.6682 68.9391 63.1301 64.9296 61.7714 64.1496 69.1447 60.0416 66.903 62.736 67.9218 67.4669 65.0106 63.0618 62.9699 65.6284 69.3151 62.9732 63.6302 63.9107 63.0996 66.2689 61.9597 60.1072 67.0363 66.0229 65.9814 64.1961 60.4112 60.2645 67.9838 63.7738 60.6739 62.9567 67.6207 65.8546 63.7575 62.8438 66.0897 65.7127 63.679 66.2737 64.6012 67.7919 65.5005 64.3408 66.7985 62.8051 68.6739 67.2211 61.6982 69.1447 64.858 61.0709 64.7818 64.8673 60.9863 61.7736 65.0943 61.4308 66.2169 63.8997 68.3089 64.2753 60.2327 60.6779 65.9721 68.9998 66.8509 66.769 62.5391 64.9847 60.5701 66.8952 63.2304 66.3909 60.1678 61.5992 60.4382 63.4948 66.4772 62.7962 61.8584 63.3086 64.0041 65.3559 66.9568 68.3245 64.7347 65.3197 67.4321 67.9072 69.0357 68.3401 60.8448 60.4647 67.2048 66.7895 63.4095 65.8757 60.9996 60.741 62.0307 66.72 61.8414 63.0718 62.0746 64.4713 67.4908 61.6424 62.8844 68.8241 62.9 61.2194 69.363 65.3589 68.3785 68.7427 66.7942 60.9195 64.1627 61.7854 67.8663 66.2868 64.375 64.7053 67.1198 61.8382 63.5464 64.6359 66.6231 60.0859 60.3124 65.0545 69.0995 68.7323 61.2124 68.2547 64.579 68.3323 65.0462 63.9145 62.306 64.2119 65.7607 64.5854 69.732 65.7049 60.0529 67.5817 61.5072 65.9613 60.954 62.9624 61.2073 68.632 62.1088 65.5497 63.9445 63.8991 69.0889 64.9202 67.0876 64.2575 66.5488 64.0528 69.8602 63.8114 61.0592 61.419 67.2751 69.6831 67.9859 67.4858 63.3952 67.9652 64.6854 69.7777 64.0716 61.748 67.6004 61.9494 63.3528 69.4532 61.0308 68.6937 69.3534 63.0425 60.1154 65.5213 62.4205 62.3984 67.2458 61.5348 
enableRankTwoF_ = true 
forcingSize_ = 512 

*** Reading meshfile info ***

thetaLeft (deg) = 0
thetaRight (deg) = 180
CMB radius (km) = 3480
Earth surf radius (km) = 6371
dth [rad] = 0.0026201773591240977
drr [km] = 9.6688963210702337
numGptVp = 360000
numGptSp = 718500
nth = 1200
nr = 300

*** Compute FOM Jacobians: with mat prop ***
Reading graph for vp ...Done
Reading Vp stencil coeffs for vp...Done
Reading graph for sp ...Done
jacVp:  nnz = 1437000 nrows = 360000 ncols = 718500
jacSp:  nnz = 1437000 nrows = 718500 ncols = 360000
The computation of the rom jacobians is disabled
romJac time: 0.0005326980
Target Source coords (depth [km], r [km], th [deg], th [rad]) = 640.0000000000 5731.0000000000 0.0000000000 0.0000000000
Source angle cannot be on left edge, mapping to: 0.00262017735912410
Source mapped to GID = 279601 with depth (km) = 638.14715719063485722 with angle (rad) = 0.00262017735912410 angle (deg) = 0.15012510425354461
centerFreq = 0.01916953965327214
minPeriod  = 52.16609360931133210
Numerical dispersion criterion along r: OK! 
drr = 9668.89632107023317076, ratio = 19211.32986404707480688
Numerical dispersion criterion along theta: OK! 
maxArc = 16693.14995497962445370, ratio = 19211.32986404707480688
CFL: OK! 
cfl = 0.11269344961025346
ROM-KOKKOS-B step = 2000
ROM-KOKKOS-B step = 4000

loopTime = 10.5408215630
dataCollectionTime = 0.0066758450
flops = 538181632.0000000000
memMB = 22.0078125000
flops/bytes = 23.3212637558
aveBandwidth(GB/s) =     8.17 
minBandwidth(GB/s) =     4.43 
maxBandwidth(GB/s) =     8.33 
aveGFlop = 204.6335 
minGFlop = 110.9618 
maxGFlop = 208.6352 
totTime(se) = 10.5199 
aveTime(ms) =  2.6300 
maxTime(ms) =  4.8502 
minTime(ms) =  2.5795 
