*** Parsing input ***

meshDir = /home/fnrizzi/waveRuns/fomScalingFinal/meshes/mesh1024x4096 
checkDispersion = true 
timeStep = 0.05 
finalT = 50 
numSteps = 1000 
includeMatPropInJacobian true 
exploitForcingSparsity true 

enableSnapshotMatrix = false 
enableSeimogram = false 

matModelType = unilayer 
rho(c0,c1,c2) = 2500 0 0
vs(c0,c1,c2)  = 5000 0 0

signal  type= gaussianDeriv depth[km]= 640 angle[deg]= 0 period[sec]= 60 delay[sec]= 210 

enableSampling = true 
numParams_ = 1 
paramName_ = signalPeriod 
values = 60 61.3333 62.6667 64 65.3333 66.6667 68 69.3333 70.6667 72 73.3333 74.6667 76 77.3333 78.6667 80 
enableRankTwoF_ = true 
forcingSize_ = 16 

*** Reading meshfile info ***

thetaLeft (deg) = 0
thetaRight (deg) = 180
CMB radius (km) = 3480
Earth surf radius (km) = 6371
dth [rad] = 0.00076717769318432067
drr [km] = 2.8260019550342133
numGptVp = 4194304
numGptSp = 8383488
nth = 4096
nr = 1024

*** Compute FOM Jacobians: with mat prop ***
Reading graph for vp ...Done
Reading Vp stencil coeffs for vp...Done
Reading graph for sp ...Done
minMaxVs = 5000 5000
jacVp:  nnz = 16766976 nrows = 4194304 ncols = 8383488
jacSp:  nnz = 16766976 nrows = 8383488 ncols = 4194304
Doing FOM with sampling of forcing period
Total number of samples 16
Target Source coords (depth [km], r [km], th [deg], th [rad]) = 640 5731 0 0
Source angle cannot be on left edge, mapping to: 0.00076717769318432067
Source mapped to GID = 3264513 with depth (km) = 638.67644183773177 with angle (rad) = 0.00076717769318432067 angle (deg) = 0.043956043956043959
centerFreq = 0.10229783267325561
minPeriod  = 9.7753781665546136
Numerical dispersion criterion along r: OK! 
drr = 2826.0019550342131, ratio = 30000
Numerical dispersion criterion along theta: OK! 
maxArc = 4887.689083277307, ratio = 30000
CFL: OK! 
cfl = 0.13242799262440194

loopTime = 125.8168347030
dataCollectionTime = 0.0017840440
flops = 1274331184.0000000000
memMB = 8283.8984375000
flops/bytes = 0.1467059175
aveBandwidth(GB/s) =    64.30 
minBandwidth(GB/s) =    63.76 
maxBandwidth(GB/s) =    65.55 
aveGFlop = 10.1293 
minGFlop = 10.0439 
maxGFlop = 10.3253 
totTime(se) = 125.8068 
aveTime(ms) = 125.8068 
maxTime(ms) = 126.8756 
minTime(ms) = 123.4177 

finalProcessTime = 0.0000009840
