*** Parsing input ***

meshDir = /home/fnrizzi/waveRuns/uqForcing//meshes/mesh512x2048 
checkDispersion = true 
timeStep = 0.1 
finalT = 2000 
numSteps = 20000 
includeMatPropInJacobian true 
exploitForcingSparsity true 

enableSnapshotMatrix = true 
mode = binary 
vpSnapshotsFileName_ = snaps_vp 
spSnapshotsFileName_ = snaps_sp 
vpSnapshotsFreq_ = 10 
spSnapshotsFreq_ = 10 
enableSeimogram = false 

matModelType = prem 

signal  type= ricker depth[km]= 150 angle[deg]= 0 period[sec]= 31.9878 delay[sec]= 90 
vpRomSize_ = 436 
spRomSize_ = 417 
vpBasisFileName_ = /home/fnrizzi/waveRuns/romAccuracyScenario2/train2/pod/lsv_vp 
spBasisFileName_ = /home/fnrizzi/waveRuns/romAccuracyScenario2/train2/pod/lsv_sp
---------------------------------------------------

enableSampling = false 

*** Reading meshfile info ***

thetaLeft (deg) = 0
thetaRight (deg) = 180
CMB radius (km) = 3480
Earth surf radius (km) = 6371
dth [rad] = 0.0015347301678504119
drr [km] = 5.6575342465753433
numGptVp = 1048576
numGptSp = 2094592
nth = 2048
nr = 512

*** Constructing observer ***
Observer: Vp snaps [GB] = 0.0064969062805175781
Observer: Sp snaps [GB] = 0.0062137842178344727
Loading basis... 16777216000 bytes read
33513472000 bytes read
Done

*** Compute FOM Jacobians: with mat prop ***
Reading graph for vp ...Done
Reading Vp stencil coeffs for vp...Done
Reading graph for sp ...Done
minMaxVs = 3200 7265.9705493409283
jacVp:  nnz = 4189184 nrows = 1048576 ncols = 2094592
jacSp:  nnz = 4189184 nrows = 2094592 ncols = 1048576
romJac time: 386.2503362290
Target Source coords (depth [km], r [km], th [deg], th [rad]) = 150.0000000000 6221.0000000000 0.0000000000 0.0000000000
Source angle cannot be on left edge, mapping to: 0.00153473016785041
Source mapped to GID = 991233 with depth (km) = 152.75342465753388410 with angle (rad) = 0.00153473016785041 angle (deg) = 0.08793356130923302
centerFreq = 0.03272731248561141
minPeriod  = 30.55551843554679081
Numerical dispersion criterion along r: OK! 
drr = 5657.53424657534287689, ratio = 10236.09935093067542766
Numerical dispersion criterion along theta: OK! 
maxArc = 9777.76589937497374194, ratio = 10236.09935093067542766
CFL: OK! 
cfl = 0.19239658409449523
ROM-KOKKOS step = 2000
ROM-KOKKOS step = 4000
ROM-KOKKOS step = 6000
ROM-KOKKOS step = 8000
ROM-KOKKOS step = 10000
ROM-KOKKOS step = 12000
ROM-KOKKOS step = 14000
ROM-KOKKOS step = 16000
ROM-KOKKOS step = 18000
ROM-KOKKOS step = 20000

loopTime = 7.8706725350
dataCollectionTime = 0.0364952610
flops = 728973.0000000000
memMB = 2.8037338257
flops/bytes = 0.2479560724
aveBandwidth(GB/s) =     7.04 
minBandwidth(GB/s) =     0.85 
maxBandwidth(GB/s) =     7.28 
aveGFlop =  1.8740 
minGFlop =  0.2263 
maxGFlop =  1.9386 
totTime(se) =  7.7797 
aveTime(ms) =  0.3890 
maxTime(ms) =  3.2211 
minTime(ms) =  0.3760 
Writing snapshots vp... Done
Writing snapshots sp... Done

finalProcessTime = 0.0064103250
