*** Parsing input ***

meshDir = /home/fnrizzi/shavePerf/fomscaling/meshes/mesh2048x8192 
checkDispersion = true 
timeStep = 0.05 
finalT = 50 
numSteps = 1000 
includeMatPropInJacobian true 
exploitForcingSparsity true 

enableSnapshotMatrix = false 
enableSeimogram = false 

matModelType = unilayer 
rho(c0,c1,c2) = 2500 0 0
vs(c0,c1,c2)  = 5000 0 0

signal  type= gaussianDeriv depth[km]= 640 angle[deg]= 0 period[sec]= 60 delay[sec]= 210 

enableSampling = true 
numParams_ = 1 
paramName_ = signalPeriod 
values = 60 66.6667 73.3333 80 
enableRankTwoF_ = true 
forcingSize_ = 4 

*** Reading meshfile info ***

thetaLeft (deg) = 0
thetaRight (deg) = 180
CMB radius (km) = 3480
Earth surf radius (km) = 6371
dth [rad] = 0.00038354201606516825
drr [km] = 1.4123106985832927
numGptVp = 16777216
numGptSp = 33544192
nth = 8192
nr = 2048

*** Compute FOM Jacobians: with mat prop ***
Reading graph for vp ...Done
Reading Vp stencil coeffs for vp...Done
Reading graph for sp ...Done
minMaxVs = 5000 5000
jacVp:  nnz = 67088384 nrows = 16777216 ncols = 33544192
jacSp:  nnz = 67088384 nrows = 33544192 ncols = 16777216
Doing FOM with sampling of forcing period
Total number of samples 4
Target Source coords (depth [km], r [km], th [deg], th [rad]) = 640 5731 0 0
Source angle cannot be on left edge, mapping to: 0.00038354201606516825
Source mapped to GID = 13058049 with depth (km) = 639.77674645823151 with angle (rad) = 0.00038354201606516825 angle (deg) = 0.021975338786472957
centerFreq = 0.20462064650223113
minPeriod  = 4.8870923687023744
Numerical dispersion criterion along r: OK! 
drr = 1412.3106985832928, ratio = 30000
Numerical dispersion criterion along theta: OK! 
maxArc = 2443.5461843511871, ratio = 30000
CFL: OK! 
cfl = 0.26488832419694175

loopTime = 357.9901809720
dataCollectionTime = 0.0021554290
flops = 1274699788.0000000000
memMB = 9597.4219970703
flops/bytes = 0.1266640614
aveBandwidth(GB/s) =    26.18 
minBandwidth(GB/s) =    25.91 
maxBandwidth(GB/s) =    26.37 
aveGFlop =  3.5608 
minGFlop =  3.5240 
maxGFlop =  3.5863 
totTime(se) = 357.9808 
aveTime(ms) = 357.9808 
maxTime(ms) = 361.7240 
minTime(ms) = 355.4329 

finalProcessTime = 0.0000024620
