*** Parsing input ***

meshDir = /home/fnrizzi/waveRuns/fomScalingFinal/meshes/mesh1024x4096 
checkDispersion = true 
timeStep = 0.05 
finalT = 50 
numSteps = 1000 
includeMatPropInJacobian true 
exploitForcingSparsity true 

enableSnapshotMatrix = false 
enableSeimogram = false 

matModelType = unilayer 
rho(c0,c1,c2) = 2500 0 0
vs(c0,c1,c2)  = 5000 0 0

signal  type= gaussianDeriv depth[km]= 640 angle[deg]= 0 period[sec]= 60 delay[sec]= 180 

enableSampling = false 

*** Reading meshfile info ***

thetaLeft (deg) = 0
thetaRight (deg) = 180
CMB radius (km) = 3480
Earth surf radius (km) = 6371
dth [rad] = 0.00076717769318432067
drr [km] = 2.8260019550342133
numGptVp = 4194304
numGptSp = 8383488
nth = 4096
nr = 1024

*** Compute FOM Jacobians: with mat prop ***
Reading graph for vp ...Done
Reading Vp stencil coeffs for vp...Done
Reading graph for sp ...Done
minMaxVs = 5000 5000
jacVp:  nnz = 16766976 nrows = 4194304 ncols = 8383488
jacSp:  nnz = 16766976 nrows = 8383488 ncols = 4194304
Target Source coords (depth [km], r [km], th [deg], th [rad]) = 640 5731 0 0
Source angle cannot be on left edge, mapping to: 0.00076717769318432067
Source mapped to GID = 3264513 with depth (km) = 638.67644183773177 with angle (rad) = 0.00076717769318432067 angle (deg) = 0.043956043956043959
centerFreq = 0.10229783267325561
minPeriod  = 9.7753781665546136
Numerical dispersion criterion along r: OK! 
drr = 2826.0019550342131, ratio = 30000
Numerical dispersion criterion along theta: OK! 
maxArc = 4887.689083277307, ratio = 30000
CFL: OK! 
cfl = 0.13242799262440194

loopTime = 33.6360874860
dataCollectionTime = 0.0017634610
flops = 79645699.0000000000
memMB = 1087.4140625000
flops/bytes = 0.0698501704
aveBandwidth(GB/s) =    31.58 
minBandwidth(GB/s) =    26.65 
maxBandwidth(GB/s) =    31.93 
aveGFlop =  2.3684 
minGFlop =  1.9989 
maxGFlop =  2.3944 
totTime(se) = 33.6290 
aveTime(ms) = 33.6290 
maxTime(ms) = 39.8443 
minTime(ms) = 33.2629 

finalProcessTime = 0.0000007820
