*** Parsing input ***

meshDir = /home/fnrizzi/waveRuns/uqForcing//meshes/mesh512x2048 
checkDispersion = true 
timeStep = 0.1 
finalT = 2000 
numSteps = 20000 
includeMatPropInJacobian true 
exploitForcingSparsity true 

enableSnapshotMatrix = true 
mode = binary 
vpSnapshotsFileName_ = snaps_vp 
spSnapshotsFileName_ = snaps_sp 
vpSnapshotsFreq_ = 10 
spSnapshotsFreq_ = 10 
enableSeimogram = false 

matModelType = prem 
Period for signal should be positive. 

signal  type= ricker depth[km]= 150 angle[deg]= 0 period[sec]= -1 delay[sec]= 90 
vpRomSize_ = 436 
spRomSize_ = 417 
vpBasisFileName_ = /home/fnrizzi/waveRuns/romAccuracyScenario2/train2/pod/lsv_vp 
spBasisFileName_ = /home/fnrizzi/waveRuns/romAccuracyScenario2/train2/pod/lsv_sp
---------------------------------------------------

enableSampling = true 
numParams_ = 1 
paramName_ = signalPeriod 
values = 31.9878 49.5492 49.2676 45.8431 32.6131 58.6577 51.88 51.4272 68.942 34.0864 62.2451 32.675 40.1403 61.7049 43.5947 52.5775 42.2338 57.5754 54.5606 67.1215 54.1412 46.0642 54.8965 64.3764 43.2798 63.7963 43.0997 36.2018 61.6783 49.4406 39.01 59.4028 34.1365 43.0407 62.1178 39.8334 58.1079 55.689 49.7952 36.3385 48.9065 46.1767 38.4992 51.2787 35.1745 63.32 32.7407 59.4865 67.7319 47.7992 32.1939 53.3205 39.9657 43.2449 61.9637 58.7679 39.1477 43.5511 65.4319 56.0062 36.4449 63.1864 33.8625 42.7608 45.2513 51.3184 39.2535 66.4248 62.8807 60.3174 63.7817 65.0834 35.3531 42.9519 51.8532 34.379 53.5939 32.803 38.1061 64.1901 31.2296 34.7434 54.4377 50.1885 66.1813 37.911 32.7799 56.2098 36.6521 63.3701 64.451 61.0273 37.9656 44.9121 37.1388 64.0913 56.1004 44.5143 52.7741 47.9037 50.6542 60.5363 62.4637 54.3377 55.2124 50.0444 36.6194 32.974 55.259 61.7472 33.6204 65.772 64.2381 62.9277 64.1121 31.9116 37.7066 35.942 65.9123 64.7197 63.4289 49.001 35.8857 34.791 37.983 43.5699 44.7599 35.9307 33.6961 57.8321 44.603 51.2336 35.7975 43.5499 50.712 35.456 64.5138 43.063 38.8879 57.6344 40.6165 50.3383 66.8611 46.5569 45.8499 44.3354 51.011 35.038 32.0325 44.2967 59.4296 54.0043 52.0344 62.1324 58.5976 39.4986 51.1082 46.5277 51.2046 59.9688 37.1067 38.1919 33.5524 59.3614 65.3609 50.1869 66.0184 33.1203 60.0489 36.4238 32.3384 44.9478 44.7423 46.643 67.9169 46.1544 53.8752 46.3512 66.2859 59.4561 42.9654 43.2587 65.8186 58.9238 53.5024 43.2565 57.3142 39.6103 67.3532 56.0245 68.5463 58.7381 33.8326 68.7474 67.0269 54.0331 32.2205 60.1085 66.5605 55.1314 63.0251 65.6702 39.3377 39.3371 41.7075 48.7773 35.2256 50.9743 33.6365 65.5129 58.6578 50.8401 47.2176 38.0835 38.3988 51.8451 58.2162 58.5438 66.3959 42.8817 56.8047 62.4704 46.3981 60.0506 67.8187 39.5592 61.486 66.2726 56.1492 40.1214 63.6956 63.3859 31.9998 62.6095 46.9035 33.8675 41.4563 41.8794 68.6767 60.3382 59.4021 40.8363 54.42 35.1747 48.2644 35.6176 42.1699 51.5717 62.5293 46.4848 43.9847 32.1332 43.1378 55.7941 32.113 45.1434 46.0483 50.1031 53.2131 35.0066 63.7422 35.991 57.7969 44.6033 44.1373 54.9162 56.6344 34.7533 38.5593 45.2439 59.2304 40.6715 64.3975 32.9209 47.1108 57.8299 64.4109 55.5901 34.3699 49.05 47.5608 66.2673 33.1136 61.9732 59.7055 55.4648 68.8683 37.8566 32.4938 47.9017 60.7397 56.1407 61.8473 54.9273 50.7401 56.0492 56.8014 54.5283 56.8503 61.7362 31.9929 61.4135 36.9089 45.4424 52.0674 49.0066 43.7227 67.5413 50.734 41.3519 43.3203 66.3496 34.1798 46.8259 38.0283 56.8474 54.3995 61.4376 66.5196 59.5866 51.0199 53.3443 43.029 33.9411 51.466 38.2893 34.5023 37.5135 55.0556 50.4282 35.508 33.8469 52.7251 64.5659 54.2576 53.0845 48.3249 45.3188 35.3093 49.969 64.8791 34.567 61.7862 33.1719 31.8464 59.3775 63.659 36.6821 52.8876 43.7151 45.873 64.3373 62.1889 36.3083 48.569 52.7839 39.1376 53.0752 62.6951 37.4511 43.7515 32.4968 47.4005 56.2219 31.1257 58.1931 32.4008 43.1172 51.5342 43.1796 51.1057 36.1788 63.5399 46.9509 50.4744 37.241 55.7708 59.6033 44.6104 54.9545 65.5244 65.3711 63.2176 37.2776 36.8626 40.9126 58.5102 43.4454 42.22 61.8384 52.2844 63.1 62.7456 31.5238 36.1179 58.413 54.368 35.9855 47.9232 58.3124 52.5304 58.6946 57.5565 35.6391 37.9554 34.0312 46.9189 57.8474 52.9756 62.2341 37.2108 55.0637 63.458 48.0144 53.7204 53.2959 57.9572 43.1838 35.8169 58.7763 50.5693 59.5422 51.6152 44.4256 42.156 57.4471 63.5925 34.2656 47.4148 49.5327 67.3645 59.3985 44.8362 33.7055 51.3283 48.9499 52.9159 41.4855 49.2947 67.9271 37.4784 46.3916 39.8081 54.3071 55.013 47.3607 59.5812 38.2389 50.2768 54.3653 59.0179 31.6052 37.3824 41.8094 46.7411 43.3703 62.7725 31.9595 31.8136 63.8274 65.599 54.0434 67.6085 48.202 56.3248 64.463 38.7268 39.0883 64.4021 43.2819 32.0972 47.0148 57.6549 50.1448 56.4546 39.6571 31.0719 49.7166 56.438 32.4057 33.0452 46.9166 32.8891 44.746 50.4412 31.961 62.1368 50.5266 66.8232 65.2427 42.4902 38.0673 44.8225 36.5549 32.0892 39.1121 44.3189 67.9178 54.7159 35.4469 47.1557 58.437 64.7349 46.7562 36.9598 39.0604 63.7108 48.6812 47.8906 56.5713 48.7424 39.2118 
enableRankTwoF_ = true 
forcingSize_ = 64 

*** Reading meshfile info ***

thetaLeft (deg) = 0
thetaRight (deg) = 180
CMB radius (km) = 3480
Earth surf radius (km) = 6371
dth [rad] = 0.0015347301678504119
drr [km] = 5.6575342465753433
numGptVp = 1048576
numGptSp = 2094592
nth = 2048
nr = 512

*** Constructing observer ***
Observer: Vp snaps [GB] = 0.415802001953125
Observer: Sp snaps [GB] = 0.39768218994140625
Loading basis... 16777216000 bytes read
33513472000 bytes read
Done

*** Compute FOM Jacobians: with mat prop ***
Reading graph for vp ...Done
Reading Vp stencil coeffs for vp...Done
Reading graph for sp ...Done
minMaxVs = 3200 7265.9705493409283
jacVp:  nnz = 4189184 nrows = 1048576 ncols = 2094592
jacSp:  nnz = 4189184 nrows = 2094592 ncols = 1048576
romJac time: 26.2930847830
Target Source coords (depth [km], r [km], th [deg], th [rad]) = 150.0000000000 6221.0000000000 0.0000000000 0.0000000000
Source angle cannot be on left edge, mapping to: 0.00153473016785041
Source mapped to GID = 991233 with depth (km) = 152.75342465753388410 with angle (rad) = 0.00153473016785041 angle (deg) = 0.08793356130923302
centerFreq = 0.03272731248561141
minPeriod  = 30.55551843554679081
Numerical dispersion criterion along r: OK! 
drr = 5657.53424657534287689, ratio = 10236.09935093067542766
Numerical dispersion criterion along theta: OK! 
maxArc = 9777.76589937497374194, ratio = 10236.09935093067542766
CFL: OK! 
cfl = 0.19239658409449523
ROM-KOKKOS-B step = 2000
ROM-KOKKOS-B step = 4000
ROM-KOKKOS-B step = 6000
ROM-KOKKOS-B step = 8000
ROM-KOKKOS-B step = 10000
ROM-KOKKOS-B step = 12000
ROM-KOKKOS-B step = 14000
ROM-KOKKOS-B step = 16000
ROM-KOKKOS-B step = 18000
ROM-KOKKOS-B step = 20000

loopTime = 7.1105435310
dataCollectionTime = 0.1363220770
flops = 46682176.0000000000
memMB = 4.6633911133
flops/bytes = 9.5466134415
aveBandwidth(GB/s) =    13.18 
minBandwidth(GB/s) =     3.72 
maxBandwidth(GB/s) =    14.94 
aveGFlop = 135.0858 
minGFlop = 38.0907 
maxGFlop = 153.1341 
totTime(se) =  6.9115 
aveTime(ms) =  0.3456 
maxTime(ms) =  1.2256 
minTime(ms) =  0.3048 
Writing snapshots vp... Done
Writing snapshots sp... Done

finalProcessTime = 0.3899229420
centerFreq = 0.0327273125
minPeriod  = 30.5555184355
Numerical dispersion criterion along r: OK! 
drr = 5657.5342465753, ratio = 9993.4783889620
Numerical dispersion criterion along theta: OK! 
maxArc = 9777.7658993750, ratio = 9993.4783889620
CFL: OK! 
cfl = 0.1923965841
ROM-KOKKOS-B step = 2000
ROM-KOKKOS-B step = 4000
ROM-KOKKOS-B step = 6000
ROM-KOKKOS-B step = 8000
ROM-KOKKOS-B step = 10000
ROM-KOKKOS-B step = 12000
ROM-KOKKOS-B step = 14000
ROM-KOKKOS-B step = 16000
ROM-KOKKOS-B step = 18000
ROM-KOKKOS-B step = 20000

loopTime = 7.1879895830
dataCollectionTime = 0.1357434280
flops = 46682176.0000000000
memMB = 4.6633911133
flops/bytes = 9.5466134415
aveBandwidth(GB/s) =    13.03 
minBandwidth(GB/s) =     5.84 
maxBandwidth(GB/s) =    14.89 
aveGFlop = 133.5932 
minGFlop = 59.8787 
maxGFlop = 152.6509 
totTime(se) =  6.9887 
aveTime(ms) =  0.3494 
maxTime(ms) =  0.7796 
minTime(ms) =  0.3058 
Writing snapshots vp... Done
Writing snapshots sp... Done

finalProcessTime = 0.3695944120
centerFreq = 0.0327273125
minPeriod  = 30.5555184355
Numerical dispersion criterion along r: OK! 
drr = 5657.5342465753, ratio = 10250.3953579141
Numerical dispersion criterion along theta: OK! 
maxArc = 9777.7658993750, ratio = 10250.3953579141
CFL: OK! 
cfl = 0.1923965841
ROM-KOKKOS-B step = 2000
ROM-KOKKOS-B step = 4000
ROM-KOKKOS-B step = 6000
ROM-KOKKOS-B step = 8000
ROM-KOKKOS-B step = 10000
ROM-KOKKOS-B step = 12000
ROM-KOKKOS-B step = 14000
ROM-KOKKOS-B step = 16000
ROM-KOKKOS-B step = 18000
ROM-KOKKOS-B step = 20000

loopTime = 7.3273228490
dataCollectionTime = 0.1374331100
flops = 46682176.0000000000
memMB = 4.6633911133
flops/bytes = 9.5466134415
aveBandwidth(GB/s) =    12.78 
minBandwidth(GB/s) =     4.62 
maxBandwidth(GB/s) =    14.97 
aveGFlop = 131.0322 
minGFlop = 47.3348 
maxGFlop = 153.4699 
totTime(se) =  7.1253 
aveTime(ms) =  0.3563 
maxTime(ms) =  0.9862 
minTime(ms) =  0.3042 
Writing snapshots vp... Done
Writing snapshots sp... Done

finalProcessTime = 0.3628754100
centerFreq = 0.0327273125
minPeriod  = 30.5555184355
Numerical dispersion criterion along r: OK! 
drr = 5657.5342465753, ratio = 10239.9341239221
Numerical dispersion criterion along theta: OK! 
maxArc = 9777.7658993750, ratio = 10239.9341239221
CFL: OK! 
cfl = 0.1923965841
ROM-KOKKOS-B step = 2000
ROM-KOKKOS-B step = 4000
ROM-KOKKOS-B step = 6000
ROM-KOKKOS-B step = 8000
ROM-KOKKOS-B step = 10000
ROM-KOKKOS-B step = 12000
ROM-KOKKOS-B step = 14000
ROM-KOKKOS-B step = 16000
ROM-KOKKOS-B step = 18000
ROM-KOKKOS-B step = 20000

loopTime = 7.1199825010
dataCollectionTime = 0.1357701850
flops = 46682176.0000000000
memMB = 4.6633911133
flops/bytes = 9.5466134415
aveBandwidth(GB/s) =    13.16 
minBandwidth(GB/s) =     3.42 
maxBandwidth(GB/s) =    14.90 
aveGFlop = 134.8975 
minGFlop = 35.0062 
maxGFlop = 152.6979 
totTime(se) =  6.9211 
aveTime(ms) =  0.3461 
maxTime(ms) =  1.3335 
minTime(ms) =  0.3057 
Writing snapshots vp... Done
Writing snapshots sp... Done

finalProcessTime = 0.3596352950
centerFreq = 0.0327273125
minPeriod  = 30.5555184355
Numerical dispersion criterion along r: OK! 
drr = 5657.5342465753, ratio = 10237.7338037266
Numerical dispersion criterion along theta: OK! 
maxArc = 9777.7658993750, ratio = 10237.7338037266
CFL: OK! 
cfl = 0.1923965841
ROM-KOKKOS-B step = 2000
ROM-KOKKOS-B step = 4000
ROM-KOKKOS-B step = 6000
ROM-KOKKOS-B step = 8000
ROM-KOKKOS-B step = 10000
ROM-KOKKOS-B step = 12000
ROM-KOKKOS-B step = 14000
ROM-KOKKOS-B step = 16000
ROM-KOKKOS-B step = 18000
ROM-KOKKOS-B step = 20000

loopTime = 7.1231332880
dataCollectionTime = 0.1359215340
flops = 46682176.0000000000
memMB = 4.6633911133
flops/bytes = 9.5466134415
aveBandwidth(GB/s) =    13.15 
minBandwidth(GB/s) =     6.06 
maxBandwidth(GB/s) =    14.98 
aveGFlop = 134.8402 
minGFlop = 62.1124 
maxGFlop = 153.5482 
totTime(se) =  6.9241 
aveTime(ms) =  0.3462 
maxTime(ms) =  0.7516 
minTime(ms) =  0.3040 
Writing snapshots vp... Done
Writing snapshots sp... Done

finalProcessTime = 0.3755673240
centerFreq = 0.0327273125
minPeriod  = 30.5555184355
Numerical dispersion criterion along r: OK! 
drr = 5657.5342465753, ratio = 9960.2085860685
Numerical dispersion criterion along theta: OK! 
maxArc = 9777.7658993750, ratio = 9960.2085860685
CFL: OK! 
cfl = 0.1923965841
ROM-KOKKOS-B step = 2000
ROM-KOKKOS-B step = 4000
ROM-KOKKOS-B step = 6000
ROM-KOKKOS-B step = 8000
ROM-KOKKOS-B step = 10000
ROM-KOKKOS-B step = 12000
ROM-KOKKOS-B step = 14000
ROM-KOKKOS-B step = 16000
ROM-KOKKOS-B step = 18000
ROM-KOKKOS-B step = 20000

loopTime = 7.1221168690
dataCollectionTime = 0.1354555610
flops = 46682176.0000000000
memMB = 4.6633911133
flops/bytes = 9.5466134415
aveBandwidth(GB/s) =    13.16 
minBandwidth(GB/s) =     3.65 
maxBandwidth(GB/s) =    14.92 
aveGFlop = 134.8498 
minGFlop = 37.3811 
maxGFlop = 152.9500 
totTime(se) =  6.9236 
aveTime(ms) =  0.3462 
maxTime(ms) =  1.2488 
minTime(ms) =  0.3052 
Writing snapshots vp... Done
Writing snapshots sp... Done

finalProcessTime = 0.3579858720
centerFreq = 0.0327273125
minPeriod  = 30.5555184355
Numerical dispersion criterion along r: OK! 
drr = 5657.5342465753, ratio = 10087.6152756010
Numerical dispersion criterion along theta: OK! 
maxArc = 9777.7658993750, ratio = 10087.6152756010
CFL: OK! 
cfl = 0.1923965841
ROM-KOKKOS-B step = 2000
ROM-KOKKOS-B step = 4000
ROM-KOKKOS-B step = 6000
ROM-KOKKOS-B step = 8000
ROM-KOKKOS-B step = 10000
ROM-KOKKOS-B step = 12000
ROM-KOKKOS-B step = 14000
ROM-KOKKOS-B step = 16000
ROM-KOKKOS-B step = 18000
ROM-KOKKOS-B step = 20000

loopTime = 7.1897072530
dataCollectionTime = 0.1367476310
flops = 46682176.0000000000
memMB = 4.6633911133
flops/bytes = 9.5466134415
aveBandwidth(GB/s) =    13.03 
minBandwidth(GB/s) =     5.13 
maxBandwidth(GB/s) =    14.93 
aveGFlop = 133.5820 
minGFlop = 52.6333 
maxGFlop = 153.0112 
totTime(se) =  6.9893 
aveTime(ms) =  0.3495 
maxTime(ms) =  0.8869 
minTime(ms) =  0.3051 
Writing snapshots vp... Done
Writing snapshots sp... Done

finalProcessTime = 0.3579640250
centerFreq = 0.0327273125
minPeriod  = 30.5555184355
Numerical dispersion criterion along r: OK! 
drr = 5657.5342465753, ratio = 9942.9981214319
Numerical dispersion criterion along theta: OK! 
maxArc = 9777.7658993750, ratio = 9942.9981214319
CFL: OK! 
cfl = 0.1923965841
ROM-KOKKOS-B step = 2000
ROM-KOKKOS-B step = 4000
ROM-KOKKOS-B step = 6000
ROM-KOKKOS-B step = 8000
ROM-KOKKOS-B step = 10000
ROM-KOKKOS-B step = 12000
ROM-KOKKOS-B step = 14000
ROM-KOKKOS-B step = 16000
ROM-KOKKOS-B step = 18000
ROM-KOKKOS-B step = 20000

loopTime = 7.2317287520
dataCollectionTime = 0.1377546080
flops = 46682176.0000000000
memMB = 4.6633911133
flops/bytes = 9.5466134415
aveBandwidth(GB/s) =    12.96 
minBandwidth(GB/s) =     3.15 
maxBandwidth(GB/s) =    14.94 
aveGFlop = 132.8083 
minGFlop = 32.2541 
maxGFlop = 153.1693 
totTime(se) =  7.0300 
aveTime(ms) =  0.3515 
maxTime(ms) =  1.4473 
minTime(ms) =  0.3048 
Writing snapshots vp... Done
Writing snapshots sp... Done

finalProcessTime = 0.3575999780
