shwaveRepoDir = /home/fnrizzi/ROM/gitrepos/shwave/codes/mycode/python_scripts

Training dirs:
/home/fnrizzi/waveRuns/romAccuracyScenario2/train2/fom_mesh512x2048_nThreads_36_dt_0.1_T_2000_snaps_true_seismo_true_mat_prem_fRank_1_train_0
/home/fnrizzi/waveRuns/romAccuracyScenario2/train2/fom_mesh512x2048_nThreads_36_dt_0.1_T_2000_snaps_true_seismo_true_mat_prem_fRank_1_train_1

Test dirs:
/home/fnrizzi/waveRuns/romAccuracyScenario2/train2/fom_mesh512x2048_nThreads_36_dt_0.1_T_2000_snaps_true_seismo_true_mat_prem_fRank_1_test_0
/home/fnrizzi/waveRuns/romAccuracyScenario2/train2/fom_mesh512x2048_nThreads_36_dt_0.1_T_2000_snaps_true_seismo_true_mat_prem_fRank_1_test_1
/home/fnrizzi/waveRuns/romAccuracyScenario2/train2/fom_mesh512x2048_nThreads_36_dt_0.1_T_2000_snaps_true_seismo_true_mat_prem_fRank_1_test_2
/home/fnrizzi/waveRuns/romAccuracyScenario2/train2/fom_mesh512x2048_nThreads_36_dt_0.1_T_2000_snaps_true_seismo_true_mat_prem_fRank_1_test_3
/home/fnrizzi/waveRuns/romAccuracyScenario2/train2/fom_mesh512x2048_nThreads_36_dt_0.1_T_2000_snaps_true_seismo_true_mat_prem_fRank_1_test_4
/home/fnrizzi/waveRuns/romAccuracyScenario2/train2/fom_mesh512x2048_nThreads_36_dt_0.1_T_2000_snaps_true_seismo_true_mat_prem_fRank_1_test_5
/home/fnrizzi/waveRuns/romAccuracyScenario2/train2/fom_mesh512x2048_nThreads_36_dt_0.1_T_2000_snaps_true_seismo_true_mat_prem_fRank_1_test_6
/home/fnrizzi/waveRuns/romAccuracyScenario2/train2/fom_mesh512x2048_nThreads_36_dt_0.1_T_2000_snaps_true_seismo_true_mat_prem_fRank_1_test_7
/home/fnrizzi/waveRuns/romAccuracyScenario2/train2/fom_mesh512x2048_nThreads_36_dt_0.1_T_2000_snaps_true_seismo_true_mat_prem_fRank_1_test_8
/home/fnrizzi/waveRuns/romAccuracyScenario2/train2/fom_mesh512x2048_nThreads_36_dt_0.1_T_2000_snaps_true_seismo_true_mat_prem_fRank_1_test_9
/home/fnrizzi/waveRuns/romAccuracyScenario2/train2/fom_mesh512x2048_nThreads_36_dt_0.1_T_2000_snaps_true_seismo_true_mat_prem_fRank_1_test_10
/home/fnrizzi/waveRuns/romAccuracyScenario2/train2/fom_mesh512x2048_nThreads_36_dt_0.1_T_2000_snaps_true_seismo_true_mat_prem_fRank_1_test_11
/home/fnrizzi/waveRuns/romAccuracyScenario2/train2/fom_mesh512x2048_nThreads_36_dt_0.1_T_2000_snaps_true_seismo_true_mat_prem_fRank_1_test_12
/home/fnrizzi/waveRuns/romAccuracyScenario2/train2/fom_mesh512x2048_nThreads_36_dt_0.1_T_2000_snaps_true_seismo_true_mat_prem_fRank_1_test_13

Training points [35. 65.]

Test points [51.78003645 58.80395329 58.83554562 64.08890905 46.17785622 40.08888812
 45.55167583 43.35243551 40.70883774 63.25453819 31.         69.
 35.         65.        ]
Reading /home/fnrizzi/waveRuns/romAccuracyScenario2/train2/fom_mesh512x2048_nThreads_36_dt_0.1_T_2000_snaps_true_seismo_true_mat_prem_fRank_1_train_0/state_timestep_20000_vp
Reading /home/fnrizzi/waveRuns/romAccuracyScenario2/train2/fom_mesh512x2048_nThreads_36_dt_0.1_T_2000_snaps_true_seismo_true_mat_prem_fRank_1_train_1/state_timestep_20000_vp
1048576

Interpolating
25.0 % done
50.0 % done
75.0 % done
99.99990463256836 % done

Saving interpolation results in /home/fnrizzi/waveRuns/romAccuracyScenario2/train2/interpolation_n2

Reading test data
Reading /home/fnrizzi/waveRuns/romAccuracyScenario2/train2/fom_mesh512x2048_nThreads_36_dt_0.1_T_2000_snaps_true_seismo_true_mat_prem_fRank_1_test_0/state_timestep_20000_vp
Reading /home/fnrizzi/waveRuns/romAccuracyScenario2/train2/fom_mesh512x2048_nThreads_36_dt_0.1_T_2000_snaps_true_seismo_true_mat_prem_fRank_1_test_1/state_timestep_20000_vp
Reading /home/fnrizzi/waveRuns/romAccuracyScenario2/train2/fom_mesh512x2048_nThreads_36_dt_0.1_T_2000_snaps_true_seismo_true_mat_prem_fRank_1_test_2/state_timestep_20000_vp
Reading /home/fnrizzi/waveRuns/romAccuracyScenario2/train2/fom_mesh512x2048_nThreads_36_dt_0.1_T_2000_snaps_true_seismo_true_mat_prem_fRank_1_test_3/state_timestep_20000_vp
Reading /home/fnrizzi/waveRuns/romAccuracyScenario2/train2/fom_mesh512x2048_nThreads_36_dt_0.1_T_2000_snaps_true_seismo_true_mat_prem_fRank_1_test_4/state_timestep_20000_vp
Reading /home/fnrizzi/waveRuns/romAccuracyScenario2/train2/fom_mesh512x2048_nThreads_36_dt_0.1_T_2000_snaps_true_seismo_true_mat_prem_fRank_1_test_5/state_timestep_20000_vp
Reading /home/fnrizzi/waveRuns/romAccuracyScenario2/train2/fom_mesh512x2048_nThreads_36_dt_0.1_T_2000_snaps_true_seismo_true_mat_prem_fRank_1_test_6/state_timestep_20000_vp
Reading /home/fnrizzi/waveRuns/romAccuracyScenario2/train2/fom_mesh512x2048_nThreads_36_dt_0.1_T_2000_snaps_true_seismo_true_mat_prem_fRank_1_test_7/state_timestep_20000_vp
Reading /home/fnrizzi/waveRuns/romAccuracyScenario2/train2/fom_mesh512x2048_nThreads_36_dt_0.1_T_2000_snaps_true_seismo_true_mat_prem_fRank_1_test_8/state_timestep_20000_vp
Reading /home/fnrizzi/waveRuns/romAccuracyScenario2/train2/fom_mesh512x2048_nThreads_36_dt_0.1_T_2000_snaps_true_seismo_true_mat_prem_fRank_1_test_9/state_timestep_20000_vp
Reading /home/fnrizzi/waveRuns/romAccuracyScenario2/train2/fom_mesh512x2048_nThreads_36_dt_0.1_T_2000_snaps_true_seismo_true_mat_prem_fRank_1_test_10/state_timestep_20000_vp
Reading /home/fnrizzi/waveRuns/romAccuracyScenario2/train2/fom_mesh512x2048_nThreads_36_dt_0.1_T_2000_snaps_true_seismo_true_mat_prem_fRank_1_test_11/state_timestep_20000_vp
Reading /home/fnrizzi/waveRuns/romAccuracyScenario2/train2/fom_mesh512x2048_nThreads_36_dt_0.1_T_2000_snaps_true_seismo_true_mat_prem_fRank_1_test_12/state_timestep_20000_vp
Reading /home/fnrizzi/waveRuns/romAccuracyScenario2/train2/fom_mesh512x2048_nThreads_36_dt_0.1_T_2000_snaps_true_seismo_true_mat_prem_fRank_1_test_13/state_timestep_20000_vp


nn_test0_vp_fom_minmax = -6.211123254338066e-08 5.62863979675722e-08
nn_test0_vp_rom_minmax = -3.959188791929077e-08 2.947016804189463e-08
nn_test0_vp_err_minmax = -3.5996357914965583e-08 3.295112441057307e-08
nn_test0_vp_err_abs_rel_ltwo_norms = 7.596908388391182e-07 0.48671455965772314
nn_test0_vp_err_abs_rel_linf_norms = 3.5996357914965583e-08 0.5795466687901333
linear_test0_vp_fom_minmax = -6.211123254338066e-08 5.62863979675722e-08
linear_test0_vp_rom_minmax = -6.762697196022297e-08 7.049798523858215e-08
linear_test0_vp_err_minmax = -3.332252332594674e-08 3.628130310826619e-08
linear_test0_vp_err_abs_rel_ltwo_norms = 7.396982286867852e-07 0.4739058038465162
linear_test0_vp_err_abs_rel_linf_norms = 3.628130310826619e-08 0.5841343284071211


nn_test1_vp_fom_minmax = -4.797190215602297e-08 3.7522259867295666e-08
nn_test1_vp_rom_minmax = -3.959188791929077e-08 2.947016804189463e-08
nn_test1_vp_err_minmax = -1.3999585340293974e-08 1.2084818875954927e-08
nn_test1_vp_err_abs_rel_ltwo_norms = 3.096516271357694e-07 0.2402516633916636
nn_test1_vp_err_abs_rel_linf_norms = 1.3999585340293974e-08 0.291828856290959
linear_test1_vp_fom_minmax = -4.797190215602297e-08 3.7522259867295666e-08
linear_test1_vp_rom_minmax = -4.612369199178672e-08 4.655392035977557e-08
linear_test1_vp_err_minmax = -1.7533071776003688e-08 1.972334091869662e-08
linear_test1_vp_err_abs_rel_ltwo_norms = 4.117479254328787e-07 0.3194658620022109
linear_test1_vp_err_abs_rel_linf_norms = 1.972334091869662e-08 0.4111436076590996


nn_test2_vp_fom_minmax = -4.792533511328501e-08 3.748258399512784e-08
nn_test2_vp_rom_minmax = -3.959188791929077e-08 2.947016804189463e-08
nn_test2_vp_err_minmax = -1.3915815908338321e-08 1.2020082477403318e-08
nn_test2_vp_err_abs_rel_ltwo_norms = 3.0788249233664177e-07 0.23907356373706565
nn_test2_vp_err_abs_rel_linf_norms = 1.3915815908338321e-08 0.2903644987655146
linear_test2_vp_fom_minmax = -4.792533511328501e-08 3.748258399512784e-08
linear_test2_vp_rom_minmax = -4.609038770257784e-08 4.644916121078146e-08
linear_test2_vp_err_minmax = -1.744892639645311e-08 1.9630590533542345e-08
linear_test2_vp_err_abs_rel_ltwo_norms = 4.0987683074411305e-07 0.3182730978808147
linear_test2_vp_err_abs_rel_linf_norms = 1.9630590533542345e-08 0.40960778859740726


nn_test3_vp_fom_minmax = -4.0715528577268895e-08 3.066340105088159e-08
nn_test3_vp_rom_minmax = -3.959188791929077e-08 2.947016804189463e-08
nn_test3_vp_err_minmax = -1.7724104975644703e-09 1.6619536081762043e-09
nn_test3_vp_err_abs_rel_ltwo_norms = 4.1107978749038944e-08 0.03636420804180566
nn_test3_vp_err_abs_rel_linf_norms = 1.7724104975644703e-09 0.04353156054945559
linear_test3_vp_fom_minmax = -4.0715528577268895e-08 3.066340105088159e-08
linear_test3_vp_rom_minmax = -4.055234994726782e-08 2.9891805229980266e-08
linear_test3_vp_err_minmax = -2.6715624455688292e-09 3.0344821052218182e-09
linear_test3_vp_err_abs_rel_ltwo_norms = 6.530567298053994e-08 0.05776954136014291
linear_test3_vp_err_abs_rel_linf_norms = 3.0344821052218182e-09 0.0745288643241621


nn_test4_vp_fom_minmax = -8.389318122707831e-08 7.931851793649922e-08
nn_test4_vp_rom_minmax = -1.203220505688684e-07 1.3162000284543027e-07
nn_test4_vp_err_minmax = -7.07335899265722e-08 7.284701884115441e-08
nn_test4_vp_err_abs_rel_ltwo_norms = 1.5898894976160125e-06 0.8587136855664558
nn_test4_vp_err_abs_rel_linf_norms = 7.284701884115441e-08 0.8683306292078179
linear_test4_vp_fom_minmax = -8.389318122707831e-08 7.931851793649922e-08
linear_test4_vp_rom_minmax = -8.521974231009496e-08 9.084365209611095e-08
linear_test4_vp_err_minmax = -3.791136542248026e-08 3.966146143380247e-08
linear_test4_vp_err_abs_rel_ltwo_norms = 8.155419572964281e-07 0.44048158122573894
linear_test4_vp_err_abs_rel_linf_norms = 3.966146143380247e-08 0.4727614432268172


nn_test5_vp_fom_minmax = -1.0764616464143212e-07 1.0947607022853834e-07
nn_test5_vp_rom_minmax = -1.203220505688684e-07 1.3162000284543027e-07
nn_test5_vp_err_minmax = -4.183188504894075e-08 4.17291368761212e-08
nn_test5_vp_err_abs_rel_ltwo_norms = 8.86457962466279e-07 0.3879687244802284
nn_test5_vp_err_abs_rel_linf_norms = 4.183188504894075e-08 0.38210985251492857
linear_test5_vp_fom_minmax = -1.0764616464143212e-07 1.0947607022853834e-07
linear_test5_vp_rom_minmax = -1.0434119377577112e-07 1.1305595238281984e-07
linear_test5_vp_err_minmax = -2.68890708737595e-08 2.662090990094932e-08
linear_test5_vp_err_abs_rel_ltwo_norms = 5.82868050658892e-07 0.2550990387917122
linear_test5_vp_err_abs_rel_linf_norms = 2.68890708737595e-08 0.24561596719380624


nn_test6_vp_fom_minmax = -8.643974753651675e-08 8.230998906129439e-08
nn_test6_vp_rom_minmax = -1.203220505688684e-07 1.3162000284543027e-07
nn_test6_vp_err_minmax = -6.867321989588481e-08 7.055441878131409e-08
nn_test6_vp_err_abs_rel_ltwo_norms = 1.5314167624283057e-06 0.8105047920118625
nn_test6_vp_err_abs_rel_linf_norms = 7.055441878131409e-08 0.8162265715955284
linear_test6_vp_fom_minmax = -8.643974753651675e-08 8.230998906129439e-08
linear_test6_vp_rom_minmax = -8.718616384300138e-08 9.312793190915616e-08
linear_test6_vp_err_minmax = -3.76896872677496e-08 3.922790705797379e-08
linear_test6_vp_err_abs_rel_ltwo_norms = 8.093123588699622e-07 0.42832987152263674
linear_test6_vp_err_abs_rel_linf_norms = 3.922790705797379e-08 0.4538179272377194


nn_test7_vp_fom_minmax = -9.530837765569947e-08 9.31448076279754e-08
nn_test7_vp_rom_minmax = -1.203220505688684e-07 1.3162000284543027e-07
nn_test7_vp_err_minmax = -5.990999330273336e-08 6.093241692008467e-08
nn_test7_vp_err_abs_rel_ltwo_norms = 1.3028640863434985e-06 0.6406309353644793
nn_test7_vp_err_abs_rel_linf_norms = 6.093241692008467e-08 0.6393185826769857
linear_test7_vp_fom_minmax = -9.530837765569947e-08 9.31448076279754e-08
linear_test7_vp_rom_minmax = -9.40925338926132e-08 1.0115066834778277e-07
linear_test7_vp_err_minmax = -3.5384224836589944e-08 3.613515501325823e-08
linear_test7_vp_err_abs_rel_ltwo_norms = 7.580709019573358e-07 0.3727508310989571
linear_test7_vp_err_abs_rel_linf_norms = 3.613515501325823e-08 0.37913933593325977


nn_test8_vp_fom_minmax = -1.0545110907453144e-07 1.0641232331090344e-07
nn_test8_vp_rom_minmax = -1.203220505688684e-07 1.3162000284543027e-07
nn_test8_vp_err_minmax = -4.577616655862182e-08 4.584967597705496e-08
nn_test8_vp_err_abs_rel_ltwo_norms = 9.735153230676871e-07 0.43591864733805546
nn_test8_vp_err_abs_rel_linf_norms = 4.584967597705496e-08 0.43086810390462565
linear_test8_vp_fom_minmax = -1.0545110907453144e-07 1.0641232331090344e-07
linear_test8_vp_rom_minmax = -1.0239433901678901e-07 1.1079440217577913e-07
linear_test8_vp_err_minmax = -2.9012956314182105e-08 2.8900901654065018e-08
linear_test8_vp_err_abs_rel_ltwo_norms = 6.264541581087056e-07 0.2805123275939029
linear_test8_vp_err_abs_rel_linf_norms = 2.9012956314182105e-08 0.272646582759173


nn_test9_vp_fom_minmax = -4.178010993194785e-08 3.1759270330385817e-08
nn_test9_vp_rom_minmax = -3.959188791929077e-08 2.947016804189463e-08
nn_test9_vp_err_minmax = -3.473028817873884e-09 3.2264783643051305e-09
nn_test9_vp_err_abs_rel_ltwo_norms = 8.002356841959548e-08 0.06938279562208804
nn_test9_vp_err_abs_rel_linf_norms = 3.473028817873884e-09 0.08312636858856552
linear_test9_vp_fom_minmax = -4.178010993194785e-08 3.1759270330385817e-08
linear_test9_vp_rom_minmax = -4.1431934493351186e-08 3.186377572092556e-08
linear_test9_vp_err_minmax = -5.097436487431667e-09 5.786175931710868e-09
linear_test9_vp_err_abs_rel_ltwo_norms = 1.2387801117698844e-07 0.10740589180548288
linear_test9_vp_err_abs_rel_linf_norms = 5.786175931710868e-09 0.1384911610126323


nn_test10_vp_fom_minmax = -1.240122250486767e-07 1.404439212047895e-07
nn_test10_vp_rom_minmax = -1.203220505688684e-07 1.3162000284543027e-07
nn_test10_vp_err_minmax = -3.919063003468653e-08 4.2303078445698344e-08
nn_test10_vp_err_abs_rel_ltwo_norms = 9.662248787081403e-07 0.2875546128810359
nn_test10_vp_err_abs_rel_linf_norms = 4.2303078445698344e-08 0.3012097503601722
linear_test10_vp_fom_minmax = -1.240122250486767e-07 1.404439212047895e-07
linear_test10_vp_rom_minmax = -1.3288342461732424e-07 1.462118351066381e-07
linear_test10_vp_err_minmax = -2.8716924267344014e-08 3.0557633215747014e-08
linear_test10_vp_err_abs_rel_ltwo_norms = 8.12683381351131e-07 0.24185969567635698
linear_test10_vp_err_abs_rel_linf_norms = 3.0557633215747014e-08 0.21757889521746648


nn_test11_vp_fom_minmax = -3.53420896070475e-08 2.7250806865745653e-08
nn_test11_vp_rom_minmax = -3.959188791929077e-08 2.947016804189463e-08
nn_test11_vp_err_minmax = -6.654093925183199e-09 6.791944469898745e-09
nn_test11_vp_err_abs_rel_ltwo_norms = 1.6446320658411536e-07 0.16300893881047743
nn_test11_vp_err_abs_rel_linf_norms = 6.791944469898745e-09 0.19217721830868698
linear_test11_vp_fom_minmax = -3.53420896070475e-08 2.7250806865745653e-08
linear_test11_vp_rom_minmax = -3.8183111568750514e-08 3.212612346357788e-08
linear_test11_vp_err_minmax = -1.3519314639502212e-08 1.193372696578532e-08
linear_test11_vp_err_abs_rel_ltwo_norms = 3.0049483861648036e-07 0.29783770959035394
linear_test11_vp_err_abs_rel_linf_norms = 1.3519314639502212e-08 0.382527314876321


nn_test12_vp_fom_minmax = -1.203220505688684e-07 1.3162000284543027e-07
nn_test12_vp_rom_minmax = -1.203220505688684e-07 1.3162000284543027e-07
nn_test12_vp_err_minmax = 0.0 0.0
nn_test12_vp_err_abs_rel_ltwo_norms = 0.0 0.0
nn_test12_vp_err_abs_rel_linf_norms = 0.0 0.0
linear_test12_vp_fom_minmax = -1.203220505688684e-07 1.3162000284543027e-07
linear_test12_vp_rom_minmax = -1.203220505688684e-07 1.3162000284543027e-07
linear_test12_vp_err_minmax = 0.0 0.0
linear_test12_vp_err_abs_rel_ltwo_norms = 0.0 0.0
linear_test12_vp_err_abs_rel_linf_norms = 0.0 0.0


nn_test13_vp_fom_minmax = -3.959188791929077e-08 2.947016804189463e-08
nn_test13_vp_rom_minmax = -3.959188791929077e-08 2.947016804189463e-08
nn_test13_vp_err_minmax = 0.0 0.0
nn_test13_vp_err_abs_rel_ltwo_norms = 0.0 0.0
nn_test13_vp_err_abs_rel_linf_norms = 0.0 0.0
linear_test13_vp_fom_minmax = -3.959188791929077e-08 2.947016804189463e-08
linear_test13_vp_rom_minmax = -3.959188791929077e-08 2.947016804189463e-08
linear_test13_vp_err_minmax = -9.926167350636332e-24 9.926167350636332e-24
linear_test13_vp_err_abs_rel_ltwo_norms = 1.357780225296247e-22 1.2273877438361956e-16
linear_test13_vp_err_abs_rel_linf_norms = 9.926167350636332e-24 2.507121501978162e-16
