*** Parsing input ***

meshDir = /home/fnrizzi/shavePerf/fomscaling/meshes/mesh1024x4096 
checkDispersion = true 
timeStep = 0.05 
finalT = 50 
numSteps = 1000 
includeMatPropInJacobian true 
exploitForcingSparsity true 

enableSnapshotMatrix = false 
enableSeimogram = false 

matModelType = unilayer 
rho(c0,c1,c2) = 2500 0 0
vs(c0,c1,c2)  = 5000 0 0

signal  type= gaussianDeriv depth[km]= 640 angle[deg]= 0 period[sec]= 60 delay[sec]= 210 

enableSampling = true 
numParams_ = 1 
paramName_ = signalPeriod 
values = 60 62.8571 65.7143 68.5714 71.4286 74.2857 77.1429 80 
enableRankTwoF_ = true 
forcingSize_ = 8 

*** Reading meshfile info ***

thetaLeft (deg) = 0
thetaRight (deg) = 180
CMB radius (km) = 3480
Earth surf radius (km) = 6371
dth [rad] = 0.00076717769318432067
drr [km] = 2.8260019550342133
numGptVp = 4194304
numGptSp = 8383488
nth = 4096
nr = 1024

*** Compute FOM Jacobians: with mat prop ***
Reading graph for vp ...Done
Reading Vp stencil coeffs for vp...Done
Reading graph for sp ...Done
minMaxVs = 5000 5000
jacVp:  nnz = 16766976 nrows = 4194304 ncols = 8383488
jacSp:  nnz = 16766976 nrows = 8383488 ncols = 4194304
Doing FOM with sampling of forcing period
Total number of samples 8
Target Source coords (depth [km], r [km], th [deg], th [rad]) = 640 5731 0 0
Source angle cannot be on left edge, mapping to: 0.00076717769318432067
Source mapped to GID = 3264513 with depth (km) = 638.67644183773177 with angle (rad) = 0.00076717769318432067 angle (deg) = 0.043956043956043959
centerFreq = 0.10229783267325561
minPeriod  = 9.7753781665546136
Numerical dispersion criterion along r: OK! 
drr = 2826.0019550342131, ratio = 30000
Numerical dispersion criterion along theta: OK! 
maxArc = 4887.689083277307, ratio = 30000
CFL: OK! 
cfl = 0.13242799262440194

loopTime = 284.4551951820
dataCollectionTime = 0.0022282700
flops = 637165592.0000000000
memMB = 4189.7736816406
flops/bytes = 0.1450313326
aveBandwidth(GB/s) =    14.38 
minBandwidth(GB/s) =    14.23 
maxBandwidth(GB/s) =    14.63 
aveGFlop =  2.2400 
minGFlop =  2.2166 
maxGFlop =  2.2780 
totTime(se) = 284.4463 
aveTime(ms) = 284.4463 
maxTime(ms) = 287.4546 
minTime(ms) = 279.6998 

finalProcessTime = 0.0000010400
