shwaveRepoDir = /home/fnrizzi/ROM/gitrepos/shwave/codes/mycode/python_scripts

Training dirs:
/home/fnrizzi/waveRuns/romAccuracyScenario1/train3_v2//fom_mesh256x1024_nThreads_36_dt_0.1_T_2000_snaps_true_seismo_true_mat_bilayer_fRank_1_train_0
/home/fnrizzi/waveRuns/romAccuracyScenario1/train3_v2//fom_mesh256x1024_nThreads_36_dt_0.1_T_2000_snaps_true_seismo_true_mat_bilayer_fRank_1_train_1
/home/fnrizzi/waveRuns/romAccuracyScenario1/train3_v2//fom_mesh256x1024_nThreads_36_dt_0.1_T_2000_snaps_true_seismo_true_mat_bilayer_fRank_1_train_2

Test dirs:
/home/fnrizzi/waveRuns/romAccuracyScenario1/train3_v2//fom_mesh256x1024_nThreads_36_dt_0.1_T_2000_snaps_true_seismo_true_mat_bilayer_fRank_1_test_0
/home/fnrizzi/waveRuns/romAccuracyScenario1/train3_v2//fom_mesh256x1024_nThreads_36_dt_0.1_T_2000_snaps_true_seismo_true_mat_bilayer_fRank_1_test_1
/home/fnrizzi/waveRuns/romAccuracyScenario1/train3_v2//fom_mesh256x1024_nThreads_36_dt_0.1_T_2000_snaps_true_seismo_true_mat_bilayer_fRank_1_test_2
/home/fnrizzi/waveRuns/romAccuracyScenario1/train3_v2//fom_mesh256x1024_nThreads_36_dt_0.1_T_2000_snaps_true_seismo_true_mat_bilayer_fRank_1_test_3
/home/fnrizzi/waveRuns/romAccuracyScenario1/train3_v2//fom_mesh256x1024_nThreads_36_dt_0.1_T_2000_snaps_true_seismo_true_mat_bilayer_fRank_1_test_4
/home/fnrizzi/waveRuns/romAccuracyScenario1/train3_v2//fom_mesh256x1024_nThreads_36_dt_0.1_T_2000_snaps_true_seismo_true_mat_bilayer_fRank_1_test_5
/home/fnrizzi/waveRuns/romAccuracyScenario1/train3_v2//fom_mesh256x1024_nThreads_36_dt_0.1_T_2000_snaps_true_seismo_true_mat_bilayer_fRank_1_test_6
/home/fnrizzi/waveRuns/romAccuracyScenario1/train3_v2//fom_mesh256x1024_nThreads_36_dt_0.1_T_2000_snaps_true_seismo_true_mat_bilayer_fRank_1_test_7
/home/fnrizzi/waveRuns/romAccuracyScenario1/train3_v2//fom_mesh256x1024_nThreads_36_dt_0.1_T_2000_snaps_true_seismo_true_mat_bilayer_fRank_1_test_8
/home/fnrizzi/waveRuns/romAccuracyScenario1/train3_v2//fom_mesh256x1024_nThreads_36_dt_0.1_T_2000_snaps_true_seismo_true_mat_bilayer_fRank_1_test_9
/home/fnrizzi/waveRuns/romAccuracyScenario1/train3_v2//fom_mesh256x1024_nThreads_36_dt_0.1_T_2000_snaps_true_seismo_true_mat_bilayer_fRank_1_test_10
/home/fnrizzi/waveRuns/romAccuracyScenario1/train3_v2//fom_mesh256x1024_nThreads_36_dt_0.1_T_2000_snaps_true_seismo_true_mat_bilayer_fRank_1_test_11
/home/fnrizzi/waveRuns/romAccuracyScenario1/train3_v2//fom_mesh256x1024_nThreads_36_dt_0.1_T_2000_snaps_true_seismo_true_mat_bilayer_fRank_1_test_12
/home/fnrizzi/waveRuns/romAccuracyScenario1/train3_v2//fom_mesh256x1024_nThreads_36_dt_0.1_T_2000_snaps_true_seismo_true_mat_bilayer_fRank_1_test_13

Training points [6000. 6300. 6150.]

Test points [6167.80036453 6238.03953287 6238.3554562  6290.88909048 6111.7785622
 6050.88888121 6105.51675827 6083.52435514 6057.08837738 6282.54538195
 5950.         6350.         6000.         6300.        ]
Reading /home/fnrizzi/waveRuns/romAccuracyScenario1/train3_v2//fom_mesh256x1024_nThreads_36_dt_0.1_T_2000_snaps_true_seismo_true_mat_bilayer_fRank_1_train_0/state_timestep_20000_vp
Reading /home/fnrizzi/waveRuns/romAccuracyScenario1/train3_v2//fom_mesh256x1024_nThreads_36_dt_0.1_T_2000_snaps_true_seismo_true_mat_bilayer_fRank_1_train_1/state_timestep_20000_vp
Reading /home/fnrizzi/waveRuns/romAccuracyScenario1/train3_v2//fom_mesh256x1024_nThreads_36_dt_0.1_T_2000_snaps_true_seismo_true_mat_bilayer_fRank_1_train_2/state_timestep_20000_vp
262144

Interpolating
25.0 % done
50.0 % done
75.0 % done
99.99961853027344 % done

Saving interpolation results in /home/fnrizzi/waveRuns/romAccuracyScenario1/train3_v2//interpolation_n3

Reading test data
Reading /home/fnrizzi/waveRuns/romAccuracyScenario1/train3_v2//fom_mesh256x1024_nThreads_36_dt_0.1_T_2000_snaps_true_seismo_true_mat_bilayer_fRank_1_test_0/state_timestep_20000_vp
Reading /home/fnrizzi/waveRuns/romAccuracyScenario1/train3_v2//fom_mesh256x1024_nThreads_36_dt_0.1_T_2000_snaps_true_seismo_true_mat_bilayer_fRank_1_test_1/state_timestep_20000_vp
Reading /home/fnrizzi/waveRuns/romAccuracyScenario1/train3_v2//fom_mesh256x1024_nThreads_36_dt_0.1_T_2000_snaps_true_seismo_true_mat_bilayer_fRank_1_test_2/state_timestep_20000_vp
Reading /home/fnrizzi/waveRuns/romAccuracyScenario1/train3_v2//fom_mesh256x1024_nThreads_36_dt_0.1_T_2000_snaps_true_seismo_true_mat_bilayer_fRank_1_test_3/state_timestep_20000_vp
Reading /home/fnrizzi/waveRuns/romAccuracyScenario1/train3_v2//fom_mesh256x1024_nThreads_36_dt_0.1_T_2000_snaps_true_seismo_true_mat_bilayer_fRank_1_test_4/state_timestep_20000_vp
Reading /home/fnrizzi/waveRuns/romAccuracyScenario1/train3_v2//fom_mesh256x1024_nThreads_36_dt_0.1_T_2000_snaps_true_seismo_true_mat_bilayer_fRank_1_test_5/state_timestep_20000_vp
Reading /home/fnrizzi/waveRuns/romAccuracyScenario1/train3_v2//fom_mesh256x1024_nThreads_36_dt_0.1_T_2000_snaps_true_seismo_true_mat_bilayer_fRank_1_test_6/state_timestep_20000_vp
Reading /home/fnrizzi/waveRuns/romAccuracyScenario1/train3_v2//fom_mesh256x1024_nThreads_36_dt_0.1_T_2000_snaps_true_seismo_true_mat_bilayer_fRank_1_test_7/state_timestep_20000_vp
Reading /home/fnrizzi/waveRuns/romAccuracyScenario1/train3_v2//fom_mesh256x1024_nThreads_36_dt_0.1_T_2000_snaps_true_seismo_true_mat_bilayer_fRank_1_test_8/state_timestep_20000_vp
Reading /home/fnrizzi/waveRuns/romAccuracyScenario1/train3_v2//fom_mesh256x1024_nThreads_36_dt_0.1_T_2000_snaps_true_seismo_true_mat_bilayer_fRank_1_test_9/state_timestep_20000_vp
Reading /home/fnrizzi/waveRuns/romAccuracyScenario1/train3_v2//fom_mesh256x1024_nThreads_36_dt_0.1_T_2000_snaps_true_seismo_true_mat_bilayer_fRank_1_test_10/state_timestep_20000_vp
Reading /home/fnrizzi/waveRuns/romAccuracyScenario1/train3_v2//fom_mesh256x1024_nThreads_36_dt_0.1_T_2000_snaps_true_seismo_true_mat_bilayer_fRank_1_test_11/state_timestep_20000_vp
Reading /home/fnrizzi/waveRuns/romAccuracyScenario1/train3_v2//fom_mesh256x1024_nThreads_36_dt_0.1_T_2000_snaps_true_seismo_true_mat_bilayer_fRank_1_test_12/state_timestep_20000_vp
Reading /home/fnrizzi/waveRuns/romAccuracyScenario1/train3_v2//fom_mesh256x1024_nThreads_36_dt_0.1_T_2000_snaps_true_seismo_true_mat_bilayer_fRank_1_test_13/state_timestep_20000_vp


nn_test0_vp_fom_minmax = -2.6376469243093067e-10 3.5174279155615993e-10
nn_test0_vp_rom_minmax = -2.7194373141975074e-10 3.5796086798660353e-10
nn_test0_vp_err_minmax = -4.3377600469963635e-11 5.2769334737967716e-11
nn_test0_vp_err_abs_rel_ltwo_norms = 2.4985255279543916e-09 0.18228186336423874
nn_test0_vp_err_abs_rel_linf_norms = 5.2769334737967716e-11 0.15002250509387471
linear_test0_vp_fom_minmax = -2.6376469243093067e-10 3.5174279155615993e-10
linear_test0_vp_rom_minmax = -2.4362071376935885e-10 3.319457419712645e-10
linear_test0_vp_err_minmax = -3.580756352937132e-11 4.691556892861695e-11
linear_test0_vp_err_abs_rel_ltwo_norms = 1.9665247707418465e-09 0.14346933643549292
linear_test0_vp_err_abs_rel_linf_norms = 4.691556892861695e-11 0.1333803280546442
quadratic_test0_vp_fom_minmax = -2.6376469243093067e-10 3.5174279155615993e-10
quadratic_test0_vp_rom_minmax = -2.6420410682024016e-10 3.5672952579595586e-10
quadratic_test0_vp_err_minmax = -3.546736305879404e-11 3.863114044060336e-11
quadratic_test0_vp_err_abs_rel_ltwo_norms = 1.556690162800296e-09 0.1135695354645173
quadratic_test0_vp_err_abs_rel_linf_norms = 3.863114044060336e-11 0.1098278098882815


nn_test1_vp_fom_minmax = -2.360281908877452e-10 3.2496987045308033e-10
nn_test1_vp_rom_minmax = -2.1753833977711014e-10 3.2981670943535316e-10
nn_test1_vp_err_minmax = -1.6984642465898113e-10 1.355723380253156e-10
nn_test1_vp_err_abs_rel_ltwo_norms = 7.997552352747266e-09 0.593329622024803
nn_test1_vp_err_abs_rel_linf_norms = 1.6984642465898113e-10 0.5226528367758445
linear_test1_vp_fom_minmax = -2.360281908877452e-10 3.2496987045308033e-10
linear_test1_vp_rom_minmax = -1.8579682566099754e-10 2.8575585505068947e-10
linear_test1_vp_err_minmax = -8.420318755689521e-11 1.0945897671171702e-10
linear_test1_vp_err_abs_rel_ltwo_norms = 4.585604389063543e-09 0.34020095135528905
linear_test1_vp_err_abs_rel_linf_norms = 1.0945897671171702e-10 0.33682807750486793
quadratic_test1_vp_fom_minmax = -2.360281908877452e-10 3.2496987045308033e-10
quadratic_test1_vp_rom_minmax = -2.192872649591578e-10 3.1951409322550145e-10
quadratic_test1_vp_err_minmax = -1.0594857633626585e-10 1.160735043688455e-10
quadratic_test1_vp_err_abs_rel_ltwo_norms = 4.758756502464125e-09 0.35304691640376684
quadratic_test1_vp_err_abs_rel_linf_norms = 1.160735043688455e-10 0.3571823572659619


nn_test2_vp_fom_minmax = -2.3594209813578896e-10 3.2485424311721286e-10
nn_test2_vp_rom_minmax = -2.1753833977711014e-10 3.2981670943535316e-10
nn_test2_vp_err_minmax = -1.690166967006035e-10 1.3488179252870526e-10
nn_test2_vp_err_abs_rel_ltwo_norms = 7.958774009862679e-09 0.5904982096604424
nn_test2_vp_err_abs_rel_linf_norms = 1.690166967006035e-10 0.5202847131647883
linear_test2_vp_fom_minmax = -2.3594209813578896e-10 3.2485424311721286e-10
linear_test2_vp_rom_minmax = -1.8583725417300297e-10 2.859805120399274e-10
linear_test2_vp_err_minmax = -8.404668322421903e-11 1.0926597298619492e-10
linear_test2_vp_err_abs_rel_ltwo_norms = 4.577983125916684e-09 0.33966171628438535
linear_test2_vp_err_abs_rel_linf_norms = 1.0926597298619492e-10 0.3363538426886729
quadratic_test2_vp_fom_minmax = -2.3594209813578896e-10 3.2485424311721286e-10
quadratic_test2_vp_rom_minmax = -2.1906938329581867e-10 3.192781878293919e-10
quadratic_test2_vp_err_minmax = -1.0586027422351371e-10 1.1599161689248707e-10
quadratic_test2_vp_err_abs_rel_ltwo_norms = 4.755687133338333e-09 0.3528463975056304
quadratic_test2_vp_err_abs_rel_linf_norms = 1.1599161689248707e-10 0.357057416826276


nn_test3_vp_fom_minmax = -2.19983787037272e-10 3.251192024404941e-10
nn_test3_vp_rom_minmax = -2.1753833977711014e-10 3.2981670943535316e-10
nn_test3_vp_err_minmax = -2.50195090390235e-11 1.9914963865739547e-11
nn_test3_vp_err_abs_rel_ltwo_norms = 1.2094461349298402e-09 0.09090650043821728
nn_test3_vp_err_abs_rel_linf_norms = 2.50195090390235e-11 0.07695487947563716
linear_test3_vp_fom_minmax = -2.19983787037272e-10 3.251192024404941e-10
linear_test3_vp_rom_minmax = -2.1114240903775148e-10 3.2333782900859797e-10
linear_test3_vp_err_minmax = -1.8596495666086314e-11 2.4260150644009684e-11
linear_test3_vp_err_abs_rel_ltwo_norms = 1.0445758047226918e-09 0.07851422904028965
linear_test3_vp_err_abs_rel_linf_norms = 2.4260150644009684e-11 0.07461924876138305
quadratic_test3_vp_fom_minmax = -2.19983787037272e-10 3.251192024404941e-10
quadratic_test3_vp_rom_minmax = -2.1372993531110931e-10 3.234908111385936e-10
quadratic_test3_vp_err_minmax = -2.688481964018789e-11 2.978931635163841e-11
quadratic_test3_vp_err_abs_rel_ltwo_norms = 1.2597185520401027e-09 0.09468516356018378
quadratic_test3_vp_err_abs_rel_linf_norms = 2.978931635163841e-11 0.09162582870536749


nn_test4_vp_fom_minmax = -2.915331540457937e-10 3.6731199196009454e-10
nn_test4_vp_rom_minmax = -2.7194373141975074e-10 3.5796086798660353e-10
nn_test4_vp_err_minmax = -1.1402823934413984e-10 9.481124339042582e-11
nn_test4_vp_err_abs_rel_ltwo_norms = 5.376614778361173e-09 0.38728332497510887
nn_test4_vp_err_abs_rel_linf_norms = 1.1402823934413984e-10 0.31043974016652326
linear_test4_vp_fom_minmax = -2.915331540457937e-10 3.6731199196009454e-10
linear_test4_vp_rom_minmax = -2.4626653792260166e-10 3.1504850970460366e-10
linear_test4_vp_err_minmax = -7.463964739529735e-11 9.741641933247069e-11
linear_test4_vp_err_abs_rel_ltwo_norms = 3.8588433877020566e-09 0.2779566250054069
linear_test4_vp_err_abs_rel_linf_norms = 9.741641933247069e-11 0.26521437215437876
quadratic_test4_vp_fom_minmax = -2.915331540457937e-10 3.6731199196009454e-10
quadratic_test4_vp_rom_minmax = -2.8219794200714057e-10 3.503172838263141e-10
quadratic_test4_vp_err_minmax = -7.835569157076777e-11 7.483131729313799e-11
quadratic_test4_vp_err_abs_rel_ltwo_norms = 3.1721657867607697e-09 0.22849450144974978
quadratic_test4_vp_err_abs_rel_linf_norms = 7.835569157076777e-11 0.21332189878320248


nn_test5_vp_fom_minmax = -3.2456747360796656e-10 3.7239022130469186e-10
nn_test5_vp_rom_minmax = -3.483618281468883e-10 3.6712963356963777e-10
nn_test5_vp_err_minmax = -1.3977136334767698e-10 1.6265509393680325e-10
nn_test5_vp_err_abs_rel_ltwo_norms = 7.50968725518388e-09 0.533901250939015
nn_test5_vp_err_abs_rel_linf_norms = 1.6265509393680325e-10 0.43678669479271287
linear_test5_vp_fom_minmax = -3.2456747360796656e-10 3.7239022130469186e-10
linear_test5_vp_rom_minmax = -2.684998927802168e-10 3.196612799528415e-10
linear_test5_vp_err_minmax = -9.01838582821737e-11 1.1937260142183284e-10
linear_test5_vp_err_abs_rel_ltwo_norms = 4.656467917183835e-09 0.3310516086040344
linear_test5_vp_err_abs_rel_linf_norms = 1.1937260142183284e-10 0.3205578304489405
quadratic_test5_vp_fom_minmax = -3.2456747360796656e-10 3.7239022130469186e-10
quadratic_test5_vp_rom_minmax = -2.897592960444395e-10 3.414160830465642e-10
quadratic_test5_vp_err_minmax = -1.1625817256968539e-10 1.1249969889025614e-10
quadratic_test5_vp_err_abs_rel_ltwo_norms = 4.7454761518028336e-09 0.33737964946541016
quadratic_test5_vp_err_abs_rel_linf_norms = 1.1625817256968539e-10 0.31219448287972706


nn_test6_vp_fom_minmax = -2.9530628690412415e-10 3.686647024980612e-10
nn_test6_vp_rom_minmax = -2.7194373141975074e-10 3.5796086798660353e-10
nn_test6_vp_err_minmax = -1.327064243431064e-10 1.1022508808366086e-10
nn_test6_vp_err_abs_rel_ltwo_norms = 6.2389145809001024e-09 0.4487730813104719
nn_test6_vp_err_abs_rel_linf_norms = 1.327064243431064e-10 0.3599650941462298
linear_test6_vp_fom_minmax = -2.9530628690412415e-10 3.686647024980612e-10
linear_test6_vp_rom_minmax = -2.4462186433151137e-10 3.1221237006965317e-10
linear_test6_vp_err_minmax = -8.244662058035462e-11 1.0765022140269745e-10
linear_test6_vp_err_abs_rel_ltwo_norms = 4.259882090669292e-09 0.3064187507393546
linear_test6_vp_err_abs_rel_linf_norms = 1.0765022140269745e-10 0.2920003479401817
quadratic_test6_vp_fom_minmax = -2.9530628690412415e-10 3.686647024980612e-10
quadratic_test6_vp_rom_minmax = -2.832995207034391e-10 3.488581764805959e-10
quadratic_test6_vp_err_minmax = -8.859964006084001e-11 8.493971988567329e-11
quadratic_test6_vp_err_abs_rel_ltwo_norms = 3.5923109666853123e-09 0.25839950854274746
quadratic_test6_vp_err_abs_rel_linf_norms = 8.859964006084001e-11 0.24032580135958623


nn_test7_vp_fom_minmax = -3.0716946780546993e-10 3.71225311503799e-10
nn_test7_vp_rom_minmax = -2.7194373141975074e-10 3.5796086798660353e-10
nn_test7_vp_err_minmax = -1.9768816288477273e-10 1.6173369612361817e-10
nn_test7_vp_err_abs_rel_ltwo_norms = 9.182306512107235e-09 0.6573340357903453
nn_test7_vp_err_abs_rel_linf_norms = 1.9768816288477273e-10 0.5325287817362359
linear_test7_vp_fom_minmax = -3.0716946780546993e-10 3.71225311503799e-10
linear_test7_vp_rom_minmax = -2.442195554256365e-10 3.081389667720467e-10
linear_test7_vp_err_minmax = -9.897144318788356e-11 1.3019905153706165e-10
linear_test7_vp_err_abs_rel_ltwo_norms = 5.102563724415504e-09 0.36527737354715395
linear_test7_vp_err_abs_rel_linf_norms = 1.3019905153706165e-10 0.35072783967676524
quadratic_test7_vp_fom_minmax = -3.0716946780546993e-10 3.71225311503799e-10
quadratic_test7_vp_rom_minmax = -2.8478203277920523e-10 3.4311466166712126e-10
quadratic_test7_vp_err_minmax = -1.1526127753241995e-10 1.1053109918128259e-10
quadratic_test7_vp_err_abs_rel_ltwo_norms = 4.674586979141697e-09 0.33463979018786266
quadratic_test7_vp_err_abs_rel_linf_norms = 1.1526127753241995e-10 0.31048873544076855


nn_test8_vp_fom_minmax = -3.2162516863651766e-10 3.723770933164741e-10
nn_test8_vp_rom_minmax = -3.483618281468883e-10 3.6712963356963777e-10
nn_test8_vp_err_minmax = -1.5472903964403413e-10 1.801881602976085e-10
nn_test8_vp_err_abs_rel_ltwo_norms = 8.360180792368286e-09 0.595133412565711
nn_test8_vp_err_abs_rel_linf_norms = 1.801881602976085e-10 0.4838862634992186
linear_test8_vp_fom_minmax = -3.2162516863651766e-10 3.723770933164741e-10
linear_test8_vp_rom_minmax = -2.6115317676128404e-10 3.161482280427825e-10
linear_test8_vp_err_minmax = -9.486966939970648e-11 1.256083483580445e-10
linear_test8_vp_err_abs_rel_ltwo_norms = 4.899157150173752e-09 0.34875467240376
linear_test8_vp_err_abs_rel_linf_norms = 1.256083483580445e-10 0.33731491708941685
quadratic_test8_vp_fom_minmax = -3.2162516863651766e-10 3.723770933164741e-10
quadratic_test8_vp_rom_minmax = -2.8795490664007246e-10 3.4063826064315963e-10
quadratic_test8_vp_err_minmax = -1.2002663566635424e-10 1.1607941596721053e-10
quadratic_test8_vp_err_abs_rel_ltwo_norms = 4.899012703592537e-09 0.3487443897329725
quadratic_test8_vp_err_abs_rel_linf_norms = 1.2002663566635424e-10 0.3223255077195271


nn_test9_vp_fom_minmax = -2.2241950298866584e-10 3.204729129877815e-10
nn_test9_vp_rom_minmax = -2.1753833977711014e-10 3.2981670943535316e-10
nn_test9_vp_err_minmax = -4.8089180451561435e-11 3.8217775402063945e-11
nn_test9_vp_err_abs_rel_ltwo_norms = 2.3029186315027254e-09 0.17273662275701265
nn_test9_vp_err_abs_rel_linf_norms = 4.8089180451561435e-11 0.15005692681863225
linear_test9_vp_fom_minmax = -2.2241950298866584e-10 3.204729129877815e-10
linear_test9_vp_rom_minmax = -2.0548513511569514e-10 3.17404514693925e-10
linear_test9_vp_err_minmax = -3.398054819152494e-11 4.43976261300655e-11
linear_test9_vp_err_abs_rel_ltwo_norms = 1.8865684064554436e-09 0.14150715126159108
linear_test9_vp_err_abs_rel_linf_norms = 4.43976261300655e-11 0.13853784307742173
quadratic_test9_vp_fom_minmax = -2.2241950298866584e-10 3.204729129877815e-10
quadratic_test9_vp_rom_minmax = -2.1092799499187287e-10 3.1768023995392373e-10
quadratic_test9_vp_err_minmax = -4.80833838842082e-11 5.329998129766254e-11
quadratic_test9_vp_err_abs_rel_ltwo_norms = 2.2303565585886724e-09 0.1672939087835525
quadratic_test9_vp_err_abs_rel_linf_norms = 5.329998129766254e-11 0.16631664998063247


nn_test10_vp_fom_minmax = -3.6123257051610133e-10 3.53189916651468e-10
nn_test10_vp_rom_minmax = -3.483618281468883e-10 3.6712963356963777e-10
nn_test10_vp_err_minmax = -1.6860080429747743e-10 1.4622993362156595e-10
nn_test10_vp_err_abs_rel_ltwo_norms = 7.615512310086833e-09 0.5310759755368859
nn_test10_vp_err_abs_rel_linf_norms = 1.6860080429747743e-10 0.46673754821331187
linear_test10_vp_fom_minmax = -3.6123257051610133e-10 3.53189916651468e-10
linear_test10_vp_rom_minmax = -4.5199317902503257e-10 4.3658136909702055e-10
linear_test10_vp_err_minmax = -2.119252929119212e-10 1.558908888376789e-10
linear_test10_vp_err_abs_rel_ltwo_norms = 8.395864291004256e-09 0.5854946636898746
linear_test10_vp_err_abs_rel_linf_norms = 2.119252929119212e-10 0.5866727150576113
quadratic_test10_vp_fom_minmax = -3.6123257051610133e-10 3.53189916651468e-10
quadratic_test10_vp_rom_minmax = -4.808913444889338e-10 4.391945175243529e-10
quadratic_test10_vp_err_minmax = -2.5729537287868514e-10 2.594805624163833e-10
quadratic_test10_vp_err_abs_rel_ltwo_norms = 1.1033882216390334e-08 0.7694596927204992
quadratic_test10_vp_err_abs_rel_linf_norms = 2.594805624163833e-10 0.7183199511762115


nn_test11_vp_fom_minmax = -2.336509731008229e-10 3.559504912376944e-10
nn_test11_vp_rom_minmax = -2.1753833977711014e-10 3.2981670943535316e-10
nn_test11_vp_err_minmax = -1.0457977182306002e-10 1.330213611477194e-10
nn_test11_vp_err_abs_rel_ltwo_norms = 6.3632525241808855e-09 0.4853944289776618
nn_test11_vp_err_abs_rel_linf_norms = 1.330213611477194e-10 0.3737074801756383
linear_test11_vp_fom_minmax = -2.336509731008229e-10 3.559504912376944e-10
linear_test11_vp_rom_minmax = -2.574453426943033e-10 3.9128603463604257e-10
linear_test11_vp_err_minmax = -1.639855253754283e-10 1.287869749393412e-10
linear_test11_vp_err_abs_rel_ltwo_norms = 7.298356250431477e-09 0.5567249533460495
linear_test11_vp_err_abs_rel_linf_norms = 1.639855253754283e-10 0.46069756725219146
quadratic_test11_vp_fom_minmax = -2.336509731008229e-10 3.559504912376944e-10
quadratic_test11_vp_rom_minmax = -2.70648725833517e-10 4.2447014234229993e-10
quadratic_test11_vp_err_minmax = -2.3562569452834326e-10 2.129186116012141e-10
quadratic_test11_vp_err_abs_rel_ltwo_norms = 1.0227577818818544e-08 0.7801685185877602
quadratic_test11_vp_err_abs_rel_linf_norms = 2.3562569452834326e-10 0.66196198721074


nn_test12_vp_fom_minmax = -3.483618281468883e-10 3.6712963356963777e-10
nn_test12_vp_rom_minmax = -3.483618281468883e-10 3.6712963356963777e-10
nn_test12_vp_err_minmax = 0.0 0.0
nn_test12_vp_err_abs_rel_ltwo_norms = 0.0 0.0
nn_test12_vp_err_abs_rel_linf_norms = 0.0 0.0
linear_test12_vp_fom_minmax = -3.483618281468883e-10 3.6712963356963777e-10
linear_test12_vp_rom_minmax = -3.483618281468883e-10 3.6712963356963777e-10
linear_test12_vp_err_minmax = 0.0 0.0
linear_test12_vp_err_abs_rel_ltwo_norms = 0.0 0.0
linear_test12_vp_err_abs_rel_linf_norms = 0.0 0.0
quadratic_test12_vp_fom_minmax = -3.483618281468883e-10 3.6712963356963777e-10
quadratic_test12_vp_rom_minmax = -3.483618281468883e-10 3.6712963356963777e-10
quadratic_test12_vp_err_minmax = 0.0 0.0
quadratic_test12_vp_err_abs_rel_ltwo_norms = 0.0 0.0
quadratic_test12_vp_err_abs_rel_linf_norms = 0.0 0.0


nn_test13_vp_fom_minmax = -2.1753833977711014e-10 3.2981670943535316e-10
nn_test13_vp_rom_minmax = -2.1753833977711014e-10 3.2981670943535316e-10
nn_test13_vp_err_minmax = 0.0 0.0
nn_test13_vp_err_abs_rel_ltwo_norms = 0.0 0.0
nn_test13_vp_err_abs_rel_linf_norms = 0.0 0.0
linear_test13_vp_fom_minmax = -2.1753833977711014e-10 3.2981670943535316e-10
linear_test13_vp_rom_minmax = -2.1753833977711014e-10 3.2981670943535316e-10
linear_test13_vp_err_minmax = -7.754818242684634e-26 7.754818242684634e-26
linear_test13_vp_err_abs_rel_ltwo_norms = 1.2255568633812187e-24 9.232713408305958e-17
linear_test13_vp_err_abs_rel_linf_norms = 7.754818242684634e-26 2.3512508677807437e-16
quadratic_test13_vp_fom_minmax = -2.1753833977711014e-10 3.2981670943535316e-10
quadratic_test13_vp_rom_minmax = -2.1753833977711014e-10 3.2981670943535316e-10
quadratic_test13_vp_err_minmax = 0.0 0.0
quadratic_test13_vp_err_abs_rel_ltwo_norms = 0.0 0.0
quadratic_test13_vp_err_abs_rel_linf_norms = 0.0 0.0
