shwaveRepoDir = /home/fnrizzi/ROM/gitrepos/shwave/codes/mycode/python_scripts

Training dirs:
/home/fnrizzi/waveRuns/romAccuracyScenario1/train3_v2//fom_mesh256x1024_nThreads_36_dt_0.1_T_2000_snaps_true_seismo_true_mat_bilayer_fRank_1_train_0
/home/fnrizzi/waveRuns/romAccuracyScenario1/train3_v2//fom_mesh256x1024_nThreads_36_dt_0.1_T_2000_snaps_true_seismo_true_mat_bilayer_fRank_1_train_1
/home/fnrizzi/waveRuns/romAccuracyScenario1/train3_v2//fom_mesh256x1024_nThreads_36_dt_0.1_T_2000_snaps_true_seismo_true_mat_bilayer_fRank_1_train_2

Test dirs:
/home/fnrizzi/waveRuns/romAccuracyScenario1/train3_v2//fom_mesh256x1024_nThreads_36_dt_0.1_T_2000_snaps_true_seismo_true_mat_bilayer_fRank_1_test_0
/home/fnrizzi/waveRuns/romAccuracyScenario1/train3_v2//fom_mesh256x1024_nThreads_36_dt_0.1_T_2000_snaps_true_seismo_true_mat_bilayer_fRank_1_test_1
/home/fnrizzi/waveRuns/romAccuracyScenario1/train3_v2//fom_mesh256x1024_nThreads_36_dt_0.1_T_2000_snaps_true_seismo_true_mat_bilayer_fRank_1_test_2
/home/fnrizzi/waveRuns/romAccuracyScenario1/train3_v2//fom_mesh256x1024_nThreads_36_dt_0.1_T_2000_snaps_true_seismo_true_mat_bilayer_fRank_1_test_3
/home/fnrizzi/waveRuns/romAccuracyScenario1/train3_v2//fom_mesh256x1024_nThreads_36_dt_0.1_T_2000_snaps_true_seismo_true_mat_bilayer_fRank_1_test_4
/home/fnrizzi/waveRuns/romAccuracyScenario1/train3_v2//fom_mesh256x1024_nThreads_36_dt_0.1_T_2000_snaps_true_seismo_true_mat_bilayer_fRank_1_test_5
/home/fnrizzi/waveRuns/romAccuracyScenario1/train3_v2//fom_mesh256x1024_nThreads_36_dt_0.1_T_2000_snaps_true_seismo_true_mat_bilayer_fRank_1_test_6
/home/fnrizzi/waveRuns/romAccuracyScenario1/train3_v2//fom_mesh256x1024_nThreads_36_dt_0.1_T_2000_snaps_true_seismo_true_mat_bilayer_fRank_1_test_7
/home/fnrizzi/waveRuns/romAccuracyScenario1/train3_v2//fom_mesh256x1024_nThreads_36_dt_0.1_T_2000_snaps_true_seismo_true_mat_bilayer_fRank_1_test_8
/home/fnrizzi/waveRuns/romAccuracyScenario1/train3_v2//fom_mesh256x1024_nThreads_36_dt_0.1_T_2000_snaps_true_seismo_true_mat_bilayer_fRank_1_test_9
/home/fnrizzi/waveRuns/romAccuracyScenario1/train3_v2//fom_mesh256x1024_nThreads_36_dt_0.1_T_2000_snaps_true_seismo_true_mat_bilayer_fRank_1_test_10
/home/fnrizzi/waveRuns/romAccuracyScenario1/train3_v2//fom_mesh256x1024_nThreads_36_dt_0.1_T_2000_snaps_true_seismo_true_mat_bilayer_fRank_1_test_11
/home/fnrizzi/waveRuns/romAccuracyScenario1/train3_v2//fom_mesh256x1024_nThreads_36_dt_0.1_T_2000_snaps_true_seismo_true_mat_bilayer_fRank_1_test_12
/home/fnrizzi/waveRuns/romAccuracyScenario1/train3_v2//fom_mesh256x1024_nThreads_36_dt_0.1_T_2000_snaps_true_seismo_true_mat_bilayer_fRank_1_test_13
/home/fnrizzi/waveRuns/romAccuracyScenario1/train3_v2//fom_mesh256x1024_nThreads_36_dt_0.1_T_2000_snaps_true_seismo_true_mat_bilayer_fRank_1_test_14

Training points [6000. 6300. 6150.]

Test points [6167.80036453 6238.03953287 6238.3554562  6290.88909048 6111.7785622
 6050.88888121 6105.51675827 6083.52435514 6057.08837738 6282.54538195
 5950.         6350.         6000.         6300.         6150.        ]
Reading /home/fnrizzi/waveRuns/romAccuracyScenario1/train3_v2//fom_mesh256x1024_nThreads_36_dt_0.1_T_2000_snaps_true_seismo_true_mat_bilayer_fRank_1_train_0/state_timestep_20000_sp
Reading /home/fnrizzi/waveRuns/romAccuracyScenario1/train3_v2//fom_mesh256x1024_nThreads_36_dt_0.1_T_2000_snaps_true_seismo_true_mat_bilayer_fRank_1_train_1/state_timestep_20000_sp
Reading /home/fnrizzi/waveRuns/romAccuracyScenario1/train3_v2//fom_mesh256x1024_nThreads_36_dt_0.1_T_2000_snaps_true_seismo_true_mat_bilayer_fRank_1_train_2/state_timestep_20000_sp
523008

Interpolating
25.0 % done
50.0 % done
75.0 % done
99.99980879833578 % done

Saving interpolation results in /home/fnrizzi/waveRuns/romAccuracyScenario1/train3_v2//interpolation_n3

Reading test data
Reading /home/fnrizzi/waveRuns/romAccuracyScenario1/train3_v2//fom_mesh256x1024_nThreads_36_dt_0.1_T_2000_snaps_true_seismo_true_mat_bilayer_fRank_1_test_0/state_timestep_20000_sp
Reading /home/fnrizzi/waveRuns/romAccuracyScenario1/train3_v2//fom_mesh256x1024_nThreads_36_dt_0.1_T_2000_snaps_true_seismo_true_mat_bilayer_fRank_1_test_1/state_timestep_20000_sp
Reading /home/fnrizzi/waveRuns/romAccuracyScenario1/train3_v2//fom_mesh256x1024_nThreads_36_dt_0.1_T_2000_snaps_true_seismo_true_mat_bilayer_fRank_1_test_2/state_timestep_20000_sp
Reading /home/fnrizzi/waveRuns/romAccuracyScenario1/train3_v2//fom_mesh256x1024_nThreads_36_dt_0.1_T_2000_snaps_true_seismo_true_mat_bilayer_fRank_1_test_3/state_timestep_20000_sp
Reading /home/fnrizzi/waveRuns/romAccuracyScenario1/train3_v2//fom_mesh256x1024_nThreads_36_dt_0.1_T_2000_snaps_true_seismo_true_mat_bilayer_fRank_1_test_4/state_timestep_20000_sp
Reading /home/fnrizzi/waveRuns/romAccuracyScenario1/train3_v2//fom_mesh256x1024_nThreads_36_dt_0.1_T_2000_snaps_true_seismo_true_mat_bilayer_fRank_1_test_5/state_timestep_20000_sp
Reading /home/fnrizzi/waveRuns/romAccuracyScenario1/train3_v2//fom_mesh256x1024_nThreads_36_dt_0.1_T_2000_snaps_true_seismo_true_mat_bilayer_fRank_1_test_6/state_timestep_20000_sp
Reading /home/fnrizzi/waveRuns/romAccuracyScenario1/train3_v2//fom_mesh256x1024_nThreads_36_dt_0.1_T_2000_snaps_true_seismo_true_mat_bilayer_fRank_1_test_7/state_timestep_20000_sp
Reading /home/fnrizzi/waveRuns/romAccuracyScenario1/train3_v2//fom_mesh256x1024_nThreads_36_dt_0.1_T_2000_snaps_true_seismo_true_mat_bilayer_fRank_1_test_8/state_timestep_20000_sp
Reading /home/fnrizzi/waveRuns/romAccuracyScenario1/train3_v2//fom_mesh256x1024_nThreads_36_dt_0.1_T_2000_snaps_true_seismo_true_mat_bilayer_fRank_1_test_9/state_timestep_20000_sp
Reading /home/fnrizzi/waveRuns/romAccuracyScenario1/train3_v2//fom_mesh256x1024_nThreads_36_dt_0.1_T_2000_snaps_true_seismo_true_mat_bilayer_fRank_1_test_10/state_timestep_20000_sp
Reading /home/fnrizzi/waveRuns/romAccuracyScenario1/train3_v2//fom_mesh256x1024_nThreads_36_dt_0.1_T_2000_snaps_true_seismo_true_mat_bilayer_fRank_1_test_11/state_timestep_20000_sp
Reading /home/fnrizzi/waveRuns/romAccuracyScenario1/train3_v2//fom_mesh256x1024_nThreads_36_dt_0.1_T_2000_snaps_true_seismo_true_mat_bilayer_fRank_1_test_12/state_timestep_20000_sp
Reading /home/fnrizzi/waveRuns/romAccuracyScenario1/train3_v2//fom_mesh256x1024_nThreads_36_dt_0.1_T_2000_snaps_true_seismo_true_mat_bilayer_fRank_1_test_13/state_timestep_20000_sp
Reading /home/fnrizzi/waveRuns/romAccuracyScenario1/train3_v2//fom_mesh256x1024_nThreads_36_dt_0.1_T_2000_snaps_true_seismo_true_mat_bilayer_fRank_1_test_14/state_timestep_20000_sp


nn_test0_sp_fom_minmax = -0.009213783202542989 0.006689449546627719
nn_test0_sp_rom_minmax = -0.009317773022010752 0.006890094461210206
nn_test0_sp_err_minmax = -0.0013420862626682527 0.0011074361600984482
nn_test0_sp_err_abs_rel_ltwo_norms = 0.06884481273591894 0.18248805044511054
nn_test0_sp_err_abs_rel_linf_norms = 0.0013420862626682527 0.14566071646854456
linear_test0_sp_fom_minmax = -0.009213783202542989 0.006689449546627719
linear_test0_sp_rom_minmax = -0.008661256344875643 0.006196466606902495
linear_test0_sp_err_minmax = -0.0011996449621945278 0.0009148747415248289
linear_test0_sp_err_abs_rel_ltwo_norms = 0.054569098065668856 0.14464718436740534
linear_test0_sp_err_abs_rel_linf_norms = 0.0011996449621945278 0.13020112757411392
quadratic_test0_sp_fom_minmax = -0.009213783202542989 0.006689449546627719
quadratic_test0_sp_rom_minmax = -0.009284058125693906 0.006687953746421996
quadratic_test0_sp_err_minmax = -0.000979880539776988 0.0008944813811697326
quadratic_test0_sp_err_abs_rel_ltwo_norms = 0.04291179482778443 0.11374698351292467
quadratic_test0_sp_err_abs_rel_linf_norms = 0.000979880539776988 0.10634942436094465


nn_test1_sp_fom_minmax = -0.008585311102855478 0.006068857766502909
nn_test1_sp_rom_minmax = -0.007890712083200184 0.00563839536579213
nn_test1_sp_err_minmax = -0.0035446734347718846 0.004390588987651818
nn_test1_sp_err_abs_rel_ltwo_norms = 0.22375082645963107 0.5986926521832857
nn_test1_sp_err_abs_rel_linf_norms = 0.004390588987651818 0.5114070923057764
linear_test1_sp_fom_minmax = -0.008585311102855478 0.006068857766502909
linear_test1_sp_rom_minmax = -0.007055889956226776 0.004839847540783088
linear_test1_sp_err_minmax = -0.002811279493372884 0.002160853901827316
linear_test1_sp_err_abs_rel_ltwo_norms = 0.12776758903548885 0.34186920313575603
linear_test1_sp_err_abs_rel_linf_norms = 0.002811279493372884 0.3274522564986435
quadratic_test1_sp_fom_minmax = -0.008585311102855478 0.006068857766502909
quadratic_test1_sp_rom_minmax = -0.008386499464877451 0.005643862151952239
quadratic_test1_sp_err_minmax = -0.0029530406766433205 0.002684545703426646
quadratic_test1_sp_err_abs_rel_ltwo_norms = 0.13165775309295097 0.35227815971411436
quadratic_test1_sp_err_abs_rel_linf_norms = 0.0029530406766433205 0.3439643178056923


nn_test2_sp_fom_minmax = -0.0085811839429736 0.006066039159128929
nn_test2_sp_rom_minmax = -0.007890712083200184 0.00563839536579213
nn_test2_sp_err_minmax = -0.0035264276530839063 0.004368966133764321
nn_test2_sp_err_abs_rel_ltwo_norms = 0.22267102812126816 0.595830599571209
nn_test2_sp_err_abs_rel_linf_norms = 0.004368966133764321 0.509133257461716
linear_test2_sp_fom_minmax = -0.0085811839429736 0.006066039159128929
linear_test2_sp_rom_minmax = -0.007054366287829646 0.004840257439317809
linear_test2_sp_err_minmax = -0.0028068252710489934 0.002157127396707389
linear_test2_sp_err_abs_rel_ltwo_norms = 0.12755749825087317 0.3413226287401414
linear_test2_sp_err_abs_rel_linf_norms = 0.0028068252710489934 0.32709067766194005
quadratic_test2_sp_fom_minmax = -0.0085811839429736 0.006066039159128929
quadratic_test2_sp_rom_minmax = -0.008379767167657912 0.0056383511070508706
quadratic_test2_sp_err_minmax = -0.0029508591932156333 0.002682072354978444
quadratic_test2_sp_err_abs_rel_ltwo_norms = 0.13157483182715676 0.3520723445591702
quadratic_test2_sp_err_abs_rel_linf_norms = 0.0029508591932156333 0.34387553195755005


nn_test3_sp_fom_minmax = -0.008017887323481075 0.005703603903273843
nn_test3_sp_rom_minmax = -0.007890712083200184 0.00563839536579213
nn_test3_sp_err_minmax = -0.0005226206434342027 0.0006457615398663547
nn_test3_sp_err_abs_rel_ltwo_norms = 0.03395849853162513 0.09159057491264813
nn_test3_sp_err_abs_rel_linf_norms = 0.0006457615398663547 0.08054011160461014
linear_test3_sp_fom_minmax = -0.008017887323481075 0.005703603903273843
linear_test3_sp_rom_minmax = -0.0077310572213103775 0.00547488731730005
linear_test3_sp_err_minmax = -0.0006260382860536948 0.00047943800069799223
linear_test3_sp_err_abs_rel_ltwo_norms = 0.029187758045799136 0.07872325501483468
linear_test3_sp_err_abs_rel_linf_norms = 0.0006260382860536948 0.07808020502112666
quadratic_test3_sp_fom_minmax = -0.008017887323481075 0.005703603903273843
quadratic_test3_sp_rom_minmax = -0.007735540257122039 0.0055425425181765044
quadratic_test3_sp_err_minmax = -0.0007639060880756019 0.0006842525440899662
quadratic_test3_sp_err_abs_rel_ltwo_norms = 0.03493776158930872 0.09423177727206426
quadratic_test3_sp_err_abs_rel_linf_norms = 0.0007639060880756019 0.09527523364395968


nn_test4_sp_fom_minmax = -0.009470906279489572 0.007348611935646899
nn_test4_sp_rom_minmax = -0.009317773022010752 0.006890094461210206
nn_test4_sp_err_minmax = -0.002407871830502043 0.002869889664630123
nn_test4_sp_err_abs_rel_ltwo_norms = 0.14757133036082284 0.3887089966421271
nn_test4_sp_err_abs_rel_linf_norms = 0.002869889664630123 0.3030216517763698
linear_test4_sp_fom_minmax = -0.009470906279489572 0.007348611935646899
linear_test4_sp_rom_minmax = -0.008207777652691695 0.006286099534231765
linear_test4_sp_err_minmax = -0.002441123463372242 0.00186421691195059
linear_test4_sp_err_abs_rel_ltwo_norms = 0.10532519842615065 0.27743093527217344
linear_test4_sp_err_abs_rel_linf_norms = 0.002441123463372242 0.2577497222899142
quadratic_test4_sp_fom_minmax = -0.009470906279489572 0.007348611935646899
quadratic_test4_sp_rom_minmax = -0.009137556928726285 0.007174077698167935
quadratic_test4_sp_err_minmax = -0.001880995339293904 0.00197657213034155
quadratic_test4_sp_err_abs_rel_ltwo_norms = 0.08717936507917613 0.2296340586275602
quadratic_test4_sp_err_abs_rel_linf_norms = 0.00197657213034155 0.208699365405195


nn_test5_sp_fom_minmax = -0.009473877919240956 0.008082417909518549
nn_test5_sp_rom_minmax = -0.009224853803041584 0.008569853232973768
nn_test5_sp_err_minmax = -0.004018796825679486 0.003481408706443055
nn_test5_sp_err_abs_rel_ltwo_norms = 0.20321224371624783 0.5321941854755963
nn_test5_sp_err_abs_rel_linf_norms = 0.004018796825679486 0.42419765801684206
linear_test5_sp_fom_minmax = -0.009473877919240956 0.008082417909518549
linear_test5_sp_rom_minmax = -0.008141246431532204 0.006744588534716607
linear_test5_sp_err_minmax = -0.002974725130198826 0.0022385574684818717
linear_test5_sp_err_abs_rel_ltwo_norms = 0.12665415248231907 0.331695582336806
linear_test5_sp_err_abs_rel_linf_norms = 0.002974725130198826 0.3139923435320306
quadratic_test5_sp_fom_minmax = -0.009473877919240956 0.008082417909518549
quadratic_test5_sp_rom_minmax = -0.008798266912451435 0.007343855673075182
quadratic_test5_sp_err_minmax = -0.0028157074198553126 0.002919180858435064
quadratic_test5_sp_err_abs_rel_ltwo_norms = 0.12999326119957103 0.34044040111098245
quadratic_test5_sp_err_abs_rel_linf_norms = 0.002919180858435064 0.3081294569467017


nn_test6_sp_fom_minmax = -0.00948057775187075 0.007412992481106251
nn_test6_sp_rom_minmax = -0.009317773022010752 0.006890094461210206
nn_test6_sp_err_minmax = -0.002792653968190475 0.003336505768502941
nn_test6_sp_err_abs_rel_ltwo_norms = 0.17116295473835394 0.45056105556430787
nn_test6_sp_err_abs_rel_linf_norms = 0.003336505768502941 0.35193063712225414
linear_test6_sp_fom_minmax = -0.00948057775187075 0.007412992481106251
linear_test6_sp_rom_minmax = -0.008093793564776706 0.006224630355687666
linear_test6_sp_err_minmax = -0.0027015283716798257 0.0020609676000817407
linear_test6_sp_err_abs_rel_ltwo_norms = 0.1162294526738128 0.30595677063665583
linear_test6_sp_err_abs_rel_linf_norms = 0.0027015283716798257 0.28495398090551477
quadratic_test6_sp_fom_minmax = -0.00948057775187075 0.007412992481106251
quadratic_test6_sp_rom_minmax = -0.00908558961832215 0.007192443112474627
quadratic_test6_sp_err_minmax = -0.00212744843874489 0.0022365612846300172
quadratic_test6_sp_err_abs_rel_ltwo_norms = 0.09869161677356182 0.25979102251896424
quadratic_test6_sp_err_abs_rel_linf_norms = 0.0022365612846300172 0.23590980878656778


nn_test7_sp_fom_minmax = -0.009497401743999287 0.007676364185175282
nn_test7_sp_rom_minmax = -0.009317773022010752 0.006890094461210206
nn_test7_sp_err_minmax = -0.004094867416193713 0.004958021111231045
nn_test7_sp_err_abs_rel_ltwo_norms = 0.2515253495128862 0.6606734393220199
nn_test7_sp_err_abs_rel_linf_norms = 0.004958021111231045 0.5220397372748453
linear_test7_sp_fom_minmax = -0.009497401743999287 0.007676364185175282
linear_test7_sp_rom_minmax = -0.007947319535931877 0.006210351221669764
linear_test7_sp_err_minmax = -0.0032506984784515247 0.0024707831946991247
linear_test7_sp_err_abs_rel_ltwo_norms = 0.1390486061364586 0.3652344426795064
linear_test7_sp_err_abs_rel_linf_norms = 0.0032506984784515247 0.34227239892272676
quadratic_test7_sp_fom_minmax = -0.009497401743999287 0.007676364185175282
quadratic_test7_sp_rom_minmax = -0.008924572385019442 0.007247496331521725
quadratic_test7_sp_err_minmax = -0.0027759492060950397 0.0028951044682720005
quadratic_test7_sp_err_abs_rel_ltwo_norms = 0.1282735759727701 0.33693202206532535
quadratic_test7_sp_err_abs_rel_linf_norms = 0.0028951044682720005 0.30483121029403704


nn_test8_sp_fom_minmax = -0.009476625053456955 0.007998136268528435
nn_test8_sp_rom_minmax = -0.009224853803041584 0.008569853232973768
nn_test8_sp_err_minmax = -0.004459238876586549 0.003860690041128622
nn_test8_sp_err_abs_rel_ltwo_norms = 0.22631895120536058 0.5930288111488343
nn_test8_sp_err_abs_rel_linf_norms = 0.004459238876586549 0.4705513673309122
linear_test8_sp_fom_minmax = -0.009476625053456955 0.007998136268528435
linear_test8_sp_rom_minmax = -0.008048162908302353 0.0066045605618153085
linear_test8_sp_err_minmax = -0.0031249998213795575 0.00236237572050072
linear_test8_sp_err_abs_rel_ltwo_norms = 0.1333029205546872 0.34929674284095585
linear_test8_sp_err_abs_rel_linf_norms = 0.0031249998213795575 0.32975872779092347
quadratic_test8_sp_fom_minmax = -0.009476625053456955 0.007998136268528435
quadratic_test8_sp_rom_minmax = -0.008806501413137892 0.007303825774529733
quadratic_test8_sp_err_minmax = -0.0029106091020745526 0.0030225016533207832
quadratic_test8_sp_err_abs_rel_ltwo_norms = 0.1342427463470481 0.3517593902214002
quadratic_test8_sp_err_abs_rel_linf_norms = 0.0030225016533207832 0.318942834212715


nn_test9_sp_fom_minmax = -0.008091522011671912 0.0057444553018969734
nn_test9_sp_rom_minmax = -0.007890712083200184 0.00563839536579213
nn_test9_sp_err_minmax = -0.0010032659280028492 0.0012389783831107733
nn_test9_sp_err_abs_rel_ltwo_norms = 0.06463128046701139 0.17409253167743052
nn_test9_sp_err_abs_rel_linf_norms = 0.0012389783831107733 0.1531205601768819
linear_test9_sp_fom_minmax = -0.008091522011671912 0.0057444553018969734
linear_test9_sp_rom_minmax = -0.007595328866126889 0.005341187271160617
linear_test9_sp_err_minmax = -0.001141482621737425 0.0008732403871494765
linear_test9_sp_err_abs_rel_ltwo_norms = 0.052694738890330876 0.1419399466204489
linear_test9_sp_err_abs_rel_linf_norms = 0.001141482621737425 0.1410714350267912
quadratic_test9_sp_fom_minmax = -0.008091522011671912 0.0057444553018969734
quadratic_test9_sp_rom_minmax = -0.007701939816255718 0.005482604913300466
quadratic_test9_sp_err_minmax = -0.0013609098874490882 0.001223511578652474
quadratic_test9_sp_err_abs_rel_ltwo_norms = 0.06183418688041063 0.16655820618810996
quadratic_test9_sp_err_abs_rel_linf_norms = 0.0013609098874490882 0.168189604562157


nn_test10_sp_fom_minmax = -0.008965573843383558 0.00881978720381134
nn_test10_sp_rom_minmax = -0.009224853803041584 0.008569853232973768
nn_test10_sp_err_minmax = -0.003617569304530632 0.004128119015353838
nn_test10_sp_err_abs_rel_ltwo_norms = 0.20472002743140452 0.5321309362161009
nn_test10_sp_err_abs_rel_linf_norms = 0.004128119015353838 0.4604411371169867
linear_test10_sp_fom_minmax = -0.008965573843383558 0.00881978720381134
linear_test10_sp_rom_minmax = -0.010963001160896423 0.01102749642078848
linear_test10_sp_err_minmax = -0.003846317445506793 0.005235793343515748
linear_test10_sp_err_abs_rel_ltwo_norms = 0.22710083437010276 0.5903056048061186
linear_test10_sp_err_abs_rel_linf_norms = 0.005235793343515748 0.5839886475732587
quadratic_test10_sp_fom_minmax = -0.008965573843383558 0.00881978720381134
quadratic_test10_sp_rom_minmax = -0.01101829367340874 0.011562386107654357
quadratic_test10_sp_err_minmax = -0.006494118843588288 0.006402074363444825
quadratic_test10_sp_err_abs_rel_ltwo_norms = 0.3008646169691307 0.7820405864088043
quadratic_test10_sp_err_abs_rel_linf_norms = 0.006494118843588288 0.7243394518891657


nn_test11_sp_fom_minmax = -0.008419269717898732 0.0056689331623171885
nn_test11_sp_rom_minmax = -0.007890712083200184 0.00563839536579213
nn_test11_sp_err_minmax = -0.003464632138203362 0.0027634557409965893
nn_test11_sp_err_abs_rel_ltwo_norms = 0.17934857486616804 0.48837096032648974
nn_test11_sp_err_abs_rel_linf_norms = 0.003464632138203362 0.41151219218429547
linear_test11_sp_fom_minmax = -0.008419269717898732 0.0056689331623171885
linear_test11_sp_rom_minmax = -0.010328649718797565 0.006629794397377336
linear_test11_sp_err_minmax = -0.003325442135804836 0.004247666549975829
linear_test11_sp_err_abs_rel_ltwo_norms = 0.20452251441907857 0.5569202702043631
linear_test11_sp_err_abs_rel_linf_norms = 0.004247666549975829 0.5045172196996625
quadratic_test11_sp_fom_minmax = -0.008419269717898732 0.0056689331623171885
quadratic_test11_sp_rom_minmax = -0.01112749464399226 0.0070028420103392655
quadratic_test11_sp_err_minmax = -0.0054335335159689776 0.0060446749889875185
quadratic_test11_sp_err_abs_rel_ltwo_norms = 0.28421188357065996 0.773916551158427
quadratic_test11_sp_err_abs_rel_linf_norms = 0.0060446749889875185 0.7179571615501278


nn_test12_sp_fom_minmax = -0.009224853803041584 0.008569853232973768
nn_test12_sp_rom_minmax = -0.009224853803041584 0.008569853232973768
nn_test12_sp_err_minmax = 0.0 0.0
nn_test12_sp_err_abs_rel_ltwo_norms = 0.0 0.0
nn_test12_sp_err_abs_rel_linf_norms = 0.0 0.0
linear_test12_sp_fom_minmax = -0.009224853803041584 0.008569853232973768
linear_test12_sp_rom_minmax = -0.009224853803041584 0.008569853232973768
linear_test12_sp_err_minmax = 0.0 0.0
linear_test12_sp_err_abs_rel_ltwo_norms = 0.0 0.0
linear_test12_sp_err_abs_rel_linf_norms = 0.0 0.0
quadratic_test12_sp_fom_minmax = -0.009224853803041584 0.008569853232973768
quadratic_test12_sp_rom_minmax = -0.009224853803041584 0.008569853232973768
quadratic_test12_sp_err_minmax = 0.0 0.0
quadratic_test12_sp_err_abs_rel_ltwo_norms = 0.0 0.0
quadratic_test12_sp_err_abs_rel_linf_norms = 0.0 0.0


nn_test13_sp_fom_minmax = -0.007890712083200184 0.00563839536579213
nn_test13_sp_rom_minmax = -0.007890712083200184 0.00563839536579213
nn_test13_sp_err_minmax = 0.0 0.0
nn_test13_sp_err_abs_rel_ltwo_norms = 0.0 0.0
nn_test13_sp_err_abs_rel_linf_norms = 0.0 0.0
linear_test13_sp_fom_minmax = -0.007890712083200184 0.00563839536579213
linear_test13_sp_rom_minmax = -0.007890712083200184 0.00563839536579213
linear_test13_sp_err_minmax = -2.6020852139652106e-18 2.6020852139652106e-18
linear_test13_sp_err_abs_rel_ltwo_norms = 3.456250088358828e-17 9.33536016313984e-17
linear_test13_sp_err_abs_rel_linf_norms = 2.6020852139652106e-18 3.2976557584773773e-16
quadratic_test13_sp_fom_minmax = -0.007890712083200184 0.00563839536579213
quadratic_test13_sp_rom_minmax = -0.007890712083200184 0.00563839536579213
quadratic_test13_sp_err_minmax = 0.0 0.0
quadratic_test13_sp_err_abs_rel_ltwo_norms = 0.0 0.0
quadratic_test13_sp_err_abs_rel_linf_norms = 0.0 0.0


nn_test14_sp_fom_minmax = -0.009317773022010752 0.006890094461210206
nn_test14_sp_rom_minmax = -0.009317773022010752 0.006890094461210206
nn_test14_sp_err_minmax = 0.0 0.0
nn_test14_sp_err_abs_rel_ltwo_norms = 0.0 0.0
nn_test14_sp_err_abs_rel_linf_norms = 0.0 0.0
linear_test14_sp_fom_minmax = -0.009317773022010752 0.006890094461210206
linear_test14_sp_rom_minmax = -0.009317773022010752 0.006890094461210206
linear_test14_sp_err_minmax = -2.6020852139652106e-18 2.6020852139652106e-18
linear_test14_sp_err_abs_rel_ltwo_norms = 3.5926296381629195e-17 9.502882266765681e-17
linear_test14_sp_err_abs_rel_linf_norms = 2.6020852139652106e-18 2.792604206840496e-16
quadratic_test14_sp_fom_minmax = -0.009317773022010752 0.006890094461210206
quadratic_test14_sp_rom_minmax = -0.009317773022010752 0.006890094461210206
quadratic_test14_sp_err_minmax = -1.734723475976807e-18 1.734723475976807e-18
quadratic_test14_sp_err_abs_rel_ltwo_norms = 2.9155008319703734e-17 7.711805542259863e-17
quadratic_test14_sp_err_abs_rel_linf_norms = 1.734723475976807e-18 1.861736137893664e-16
