*** Parsing input ***

meshDir = /home/fnrizzi/shavePerf/fomscaling/meshes/mesh256x1024 
checkDispersion = true 
timeStep = 0.05 
finalT = 50 
numSteps = 1000 
includeMatPropInJacobian true 
exploitForcingSparsity true 

enableSnapshotMatrix = false 
enableSeimogram = false 

matModelType = unilayer 
rho(c0,c1,c2) = 2500 0 0
vs(c0,c1,c2)  = 5000 0 0

signal  type= gaussianDeriv depth[km]= 640 angle[deg]= 0 period[sec]= 60 delay[sec]= 210 

enableSampling = true 
numParams_ = 1 
paramName_ = signalPeriod 
values = 60 60.4255 60.8511 61.2766 61.7021 62.1277 62.5532 62.9787 63.4043 63.8298 64.2553 64.6809 65.1064 65.5319 65.9574 66.383 66.8085 67.234 67.6596 68.0851 68.5106 68.9362 69.3617 69.7872 70.2128 70.6383 71.0638 71.4894 71.9149 72.3404 72.766 73.1915 73.617 74.0426 74.4681 74.8936 75.3191 75.7447 76.1702 76.5957 77.0213 77.4468 77.8723 78.2979 78.7234 79.1489 79.5745 80 
enableRankTwoF_ = true 
forcingSize_ = 48 

*** Reading meshfile info ***

thetaLeft (deg) = 0
thetaRight (deg) = 180
CMB radius (km) = 3480
Earth surf radius (km) = 6371
dth [rad] = 0.0030709605606938349
drr [km] = 11.337254901960785
numGptVp = 262144
numGptSp = 523008
nth = 1024
nr = 256

*** Compute FOM Jacobians: with mat prop ***
Reading graph for vp ...Done
Reading Vp stencil coeffs for vp...Done
Reading graph for sp ...Done
minMaxVs = 5000 5000
jacVp:  nnz = 1046016 nrows = 262144 ncols = 523008
jacSp:  nnz = 1046016 nrows = 523008 ncols = 262144
Doing FOM with sampling of forcing period
Total number of samples 48
Target Source coords (depth [km], r [km], th [deg], th [rad]) = 640 5731 0 0
Source angle cannot be on left edge, mapping to: 0.0030709605606938349
Source mapped to GID = 203777 with depth (km) = 634.88627450980437 with angle (rad) = 0.0030709605606938349 angle (deg) = 0.17595307917888561
centerFreq = 0.025555722301523927
minPeriod  = 39.130179464360843
Numerical dispersion criterion along r: OK! 
drr = 11337.254901960785, ratio = 30000
Numerical dispersion criterion along theta: OK! 
maxArc = 19565.089732180422, ratio = 30000
CFL: OK! 
cfl = 0.03308274394499712

loopTime = 22.1102903710
dataCollectionTime = 0.0020734030
flops = 238522512.0000000000
memMB = 1379.1010742188
flops/bytes = 0.1649428007
aveBandwidth(GB/s) =    60.94 
minBandwidth(GB/s) =    58.59 
maxBandwidth(GB/s) =    61.96 
aveGFlop = 10.7921 
minGFlop = 10.3775 
maxGFlop = 10.9739 
totTime(se) = 22.1016 
aveTime(ms) = 22.1016 
maxTime(ms) = 22.9846 
minTime(ms) = 21.7354 

finalProcessTime = 0.0000010230
