*** Parsing input ***

meshDir = /home/fnrizzi/waveRuns/uqForcing//meshes/mesh512x2048 
checkDispersion = true 
timeStep = 0.1 
finalT = 2000 
numSteps = 20000 
includeMatPropInJacobian true 
exploitForcingSparsity true 

enableSnapshotMatrix = true 
mode = binary 
vpSnapshotsFileName_ = snaps_vp 
spSnapshotsFileName_ = snaps_sp 
vpSnapshotsFreq_ = 10 
spSnapshotsFreq_ = 10 
enableSeimogram = false 

matModelType = prem 
Period for signal should be positive. 

signal  type= ricker depth[km]= 150 angle[deg]= 0 period[sec]= -1 delay[sec]= 90 
vpRomSize_ = 436 
spRomSize_ = 436 
vpBasisFileName_ = /home/fnrizzi/waveRuns/romAccuracyScenario2/train2/pod/lsv_vp 
spBasisFileName_ = /home/fnrizzi/waveRuns/romAccuracyScenario2/train2/pod/lsv_sp
---------------------------------------------------

enableSampling = true 
numParams_ = 1 
paramName_ = signalPeriod 
values = 31.9878 49.5492 49.2676 45.8431 32.6131 58.6577 51.88 51.4272 
enableRankTwoF_ = true 
forcingSize_ = 8 

*** Reading meshfile info ***

thetaLeft (deg) = 0
thetaRight (deg) = 180
CMB radius (km) = 3480
Earth surf radius (km) = 6371
dth [rad] = 0.0015347301678504119
drr [km] = 5.6575342465753433
numGptVp = 1048576
numGptSp = 2094592
nth = 2048
nr = 512

*** Constructing observer ***
Observer: Vp snaps [GB] = 0.051975250244140625
Observer: Sp snaps [GB] = 0.051975250244140625
Loading basis... 16777216000 bytes read
33513472000 bytes read
Done

*** Compute FOM Jacobians: with mat prop ***
Reading graph for vp ...Done
Reading Vp stencil coeffs for vp...Done
Reading graph for sp ...Done
minMaxVs = 3200 7265.9705493409283
jacVp:  nnz = 4189184 nrows = 1048576 ncols = 2094592
jacSp:  nnz = 4189184 nrows = 2094592 ncols = 1048576
romJac time: 29.5290692620
Target Source coords (depth [km], r [km], th [deg], th [rad]) = 150.0000000000 6221.0000000000 0.0000000000 0.0000000000
Source angle cannot be on left edge, mapping to: 0.00153473016785041
Source mapped to GID = 991233 with depth (km) = 152.75342465753388410 with angle (rad) = 0.00153473016785041 angle (deg) = 0.08793356130923302
centerFreq = 0.03272731248561141
minPeriod  = 30.55551843554679081
Numerical dispersion criterion along r: OK! 
drr = 5657.53424657534287689, ratio = 10236.09935093067542766
Numerical dispersion criterion along theta: OK! 
maxArc = 9777.76589937497374194, ratio = 10236.09935093067542766
CFL: OK! 
cfl = 0.19239658409449523
ROM-KOKKOS-B step = 2000
ROM-KOKKOS-B step = 4000
ROM-KOKKOS-B step = 6000
ROM-KOKKOS-B step = 8000
ROM-KOKKOS-B step = 10000
ROM-KOKKOS-B step = 12000
ROM-KOKKOS-B step = 14000
ROM-KOKKOS-B step = 16000
ROM-KOKKOS-B step = 18000
ROM-KOKKOS-B step = 20000

loopTime = 4.0365606920
dataCollectionTime = 0.0509696000
flops = 6100512.0000000000
memMB = 3.1402587891
flops/bytes = 1.8526822157
aveBandwidth(GB/s) =    15.63 
minBandwidth(GB/s) =     2.75 
maxBandwidth(GB/s) =    19.89 
aveGFlop = 31.0869 
minGFlop =  5.4641 
maxGFlop = 39.5765 
totTime(se) =  3.9248 
aveTime(ms) =  0.1962 
maxTime(ms) =  1.1165 
minTime(ms) =  0.1541 
Writing snapshots vp... Done
Writing snapshots sp... Done

finalProcessTime = 0.0470147120
