*** Parsing input ***

meshDir = /home/fnrizzi/waveRuns/fomScalingFinal/meshes/mesh512x2048 
checkDispersion = true 
timeStep = 0.05 
finalT = 50 
numSteps = 1000 
includeMatPropInJacobian true 
exploitForcingSparsity true 

enableSnapshotMatrix = false 
enableSeimogram = false 

matModelType = unilayer 
rho(c0,c1,c2) = 2500 0 0
vs(c0,c1,c2)  = 5000 0 0

signal  type= gaussianDeriv depth[km]= 640 angle[deg]= 0 period[sec]= 60 delay[sec]= 210 

enableSampling = true 
numParams_ = 1 
paramName_ = signalPeriod 
values = 60 61.3333 62.6667 64 65.3333 66.6667 68 69.3333 70.6667 72 73.3333 74.6667 76 77.3333 78.6667 80 
enableRankTwoF_ = true 
forcingSize_ = 16 

*** Reading meshfile info ***

thetaLeft (deg) = 0
thetaRight (deg) = 180
CMB radius (km) = 3480
Earth surf radius (km) = 6371
dth [rad] = 0.0015347301678504119
drr [km] = 5.6575342465753433
numGptVp = 1048576
numGptSp = 2094592
nth = 2048
nr = 512

*** Compute FOM Jacobians: with mat prop ***
Reading graph for vp ...Done
Reading Vp stencil coeffs for vp...Done
Reading graph for sp ...Done
minMaxVs = 5000 5000
jacVp:  nnz = 4189184 nrows = 1048576 ncols = 2094592
jacSp:  nnz = 4189184 nrows = 2094592 ncols = 1048576
Doing FOM with sampling of forcing period
Total number of samples 16
Target Source coords (depth [km], r [km], th [deg], th [rad]) = 640 5731 0 0
Source angle cannot be on left edge, mapping to: 0.0015347301678504119
Source mapped to GID = 815105 with depth (km) = 639.30136986301375 with angle (rad) = 0.0015347301678504119 angle (deg) = 0.087933561309233021
centerFreq = 0.051136425758767819
minPeriod  = 19.555531798749946
Numerical dispersion criterion along r: OK! 
drr = 5657.5342465753429, ratio = 30000
Numerical dispersion criterion along theta: OK! 
maxArc = 9777.7658993749737, ratio = 30000
CFL: OK! 
cfl = 0.066197826838132051

loopTime = 27.8854557980
dataCollectionTime = 0.0018102120
flops = 318398512.0000000000
memMB = 2453.9492187500
flops/bytes = 0.1237386988
aveBandwidth(GB/s) =    85.97 
minBandwidth(GB/s) =    59.03 
maxBandwidth(GB/s) =    86.83 
aveGFlop = 11.4218 
minGFlop =  7.8424 
maxGFlop = 11.5362 
totTime(se) = 27.8763 
aveTime(ms) = 27.8763 
maxTime(ms) = 40.5994 
minTime(ms) = 27.5999 

finalProcessTime = 0.0000009070
