shwaveRepoDir = /home/fnrizzi/ROM/gitrepos/shwave/codes/mycode/python_scripts

Training dirs:
/home/fnrizzi/waveRuns/romAccuracyScenario1/train3/fom_mesh256x1024_nThreads_36_dt_0.1_T_2000_snaps_true_seismo_true_mat_bilayer_fRank_1_train_0
/home/fnrizzi/waveRuns/romAccuracyScenario1/train3/fom_mesh256x1024_nThreads_36_dt_0.1_T_2000_snaps_true_seismo_true_mat_bilayer_fRank_1_train_1
/home/fnrizzi/waveRuns/romAccuracyScenario1/train3/fom_mesh256x1024_nThreads_36_dt_0.1_T_2000_snaps_true_seismo_true_mat_bilayer_fRank_1_train_2

Test dirs:
/home/fnrizzi/waveRuns/romAccuracyScenario1/train3/fom_mesh256x1024_nThreads_36_dt_0.1_T_2000_snaps_true_seismo_true_mat_bilayer_fRank_1_test_0
/home/fnrizzi/waveRuns/romAccuracyScenario1/train3/fom_mesh256x1024_nThreads_36_dt_0.1_T_2000_snaps_true_seismo_true_mat_bilayer_fRank_1_test_1
/home/fnrizzi/waveRuns/romAccuracyScenario1/train3/fom_mesh256x1024_nThreads_36_dt_0.1_T_2000_snaps_true_seismo_true_mat_bilayer_fRank_1_test_2
/home/fnrizzi/waveRuns/romAccuracyScenario1/train3/fom_mesh256x1024_nThreads_36_dt_0.1_T_2000_snaps_true_seismo_true_mat_bilayer_fRank_1_test_3
/home/fnrizzi/waveRuns/romAccuracyScenario1/train3/fom_mesh256x1024_nThreads_36_dt_0.1_T_2000_snaps_true_seismo_true_mat_bilayer_fRank_1_test_4
/home/fnrizzi/waveRuns/romAccuracyScenario1/train3/fom_mesh256x1024_nThreads_36_dt_0.1_T_2000_snaps_true_seismo_true_mat_bilayer_fRank_1_test_5
/home/fnrizzi/waveRuns/romAccuracyScenario1/train3/fom_mesh256x1024_nThreads_36_dt_0.1_T_2000_snaps_true_seismo_true_mat_bilayer_fRank_1_test_6
/home/fnrizzi/waveRuns/romAccuracyScenario1/train3/fom_mesh256x1024_nThreads_36_dt_0.1_T_2000_snaps_true_seismo_true_mat_bilayer_fRank_1_test_7
/home/fnrizzi/waveRuns/romAccuracyScenario1/train3/fom_mesh256x1024_nThreads_36_dt_0.1_T_2000_snaps_true_seismo_true_mat_bilayer_fRank_1_test_8
/home/fnrizzi/waveRuns/romAccuracyScenario1/train3/fom_mesh256x1024_nThreads_36_dt_0.1_T_2000_snaps_true_seismo_true_mat_bilayer_fRank_1_test_9
/home/fnrizzi/waveRuns/romAccuracyScenario1/train3/fom_mesh256x1024_nThreads_36_dt_0.1_T_2000_snaps_true_seismo_true_mat_bilayer_fRank_1_test_10
/home/fnrizzi/waveRuns/romAccuracyScenario1/train3/fom_mesh256x1024_nThreads_36_dt_0.1_T_2000_snaps_true_seismo_true_mat_bilayer_fRank_1_test_11
/home/fnrizzi/waveRuns/romAccuracyScenario1/train3/fom_mesh256x1024_nThreads_36_dt_0.1_T_2000_snaps_true_seismo_true_mat_bilayer_fRank_1_test_12
/home/fnrizzi/waveRuns/romAccuracyScenario1/train3/fom_mesh256x1024_nThreads_36_dt_0.1_T_2000_snaps_true_seismo_true_mat_bilayer_fRank_1_test_13

Training points [6000. 6200. 6100.]

Test points [6111.86690969 6158.69302191 6158.90363747 6193.92606032 6074.51904146
 6033.9259208  6070.34450551 6055.68290343 6038.05891825 6188.36358797
 5550.         6250.         6000.         6200.        ]
Reading /home/fnrizzi/waveRuns/romAccuracyScenario1/train3/fom_mesh256x1024_nThreads_36_dt_0.1_T_2000_snaps_true_seismo_true_mat_bilayer_fRank_1_train_0/state_timestep_20000_vp
Reading /home/fnrizzi/waveRuns/romAccuracyScenario1/train3/fom_mesh256x1024_nThreads_36_dt_0.1_T_2000_snaps_true_seismo_true_mat_bilayer_fRank_1_train_1/state_timestep_20000_vp
Reading /home/fnrizzi/waveRuns/romAccuracyScenario1/train3/fom_mesh256x1024_nThreads_36_dt_0.1_T_2000_snaps_true_seismo_true_mat_bilayer_fRank_1_train_2/state_timestep_20000_vp
262144

Interpolating
25.0 % done
50.0 % done
75.0 % done
99.99961853027344 % done

Saving interpolation results in /home/fnrizzi/waveRuns/romAccuracyScenario1/train3/interpolation_n3

Reading test data
Reading /home/fnrizzi/waveRuns/romAccuracyScenario1/train3/fom_mesh256x1024_nThreads_36_dt_0.1_T_2000_snaps_true_seismo_true_mat_bilayer_fRank_1_test_0/state_timestep_20000_vp
Reading /home/fnrizzi/waveRuns/romAccuracyScenario1/train3/fom_mesh256x1024_nThreads_36_dt_0.1_T_2000_snaps_true_seismo_true_mat_bilayer_fRank_1_test_1/state_timestep_20000_vp
Reading /home/fnrizzi/waveRuns/romAccuracyScenario1/train3/fom_mesh256x1024_nThreads_36_dt_0.1_T_2000_snaps_true_seismo_true_mat_bilayer_fRank_1_test_2/state_timestep_20000_vp
Reading /home/fnrizzi/waveRuns/romAccuracyScenario1/train3/fom_mesh256x1024_nThreads_36_dt_0.1_T_2000_snaps_true_seismo_true_mat_bilayer_fRank_1_test_3/state_timestep_20000_vp
Reading /home/fnrizzi/waveRuns/romAccuracyScenario1/train3/fom_mesh256x1024_nThreads_36_dt_0.1_T_2000_snaps_true_seismo_true_mat_bilayer_fRank_1_test_4/state_timestep_20000_vp
Reading /home/fnrizzi/waveRuns/romAccuracyScenario1/train3/fom_mesh256x1024_nThreads_36_dt_0.1_T_2000_snaps_true_seismo_true_mat_bilayer_fRank_1_test_5/state_timestep_20000_vp
Reading /home/fnrizzi/waveRuns/romAccuracyScenario1/train3/fom_mesh256x1024_nThreads_36_dt_0.1_T_2000_snaps_true_seismo_true_mat_bilayer_fRank_1_test_6/state_timestep_20000_vp
Reading /home/fnrizzi/waveRuns/romAccuracyScenario1/train3/fom_mesh256x1024_nThreads_36_dt_0.1_T_2000_snaps_true_seismo_true_mat_bilayer_fRank_1_test_7/state_timestep_20000_vp
Reading /home/fnrizzi/waveRuns/romAccuracyScenario1/train3/fom_mesh256x1024_nThreads_36_dt_0.1_T_2000_snaps_true_seismo_true_mat_bilayer_fRank_1_test_8/state_timestep_20000_vp
Reading /home/fnrizzi/waveRuns/romAccuracyScenario1/train3/fom_mesh256x1024_nThreads_36_dt_0.1_T_2000_snaps_true_seismo_true_mat_bilayer_fRank_1_test_9/state_timestep_20000_vp
Reading /home/fnrizzi/waveRuns/romAccuracyScenario1/train3/fom_mesh256x1024_nThreads_36_dt_0.1_T_2000_snaps_true_seismo_true_mat_bilayer_fRank_1_test_10/state_timestep_20000_vp
Reading /home/fnrizzi/waveRuns/romAccuracyScenario1/train3/fom_mesh256x1024_nThreads_36_dt_0.1_T_2000_snaps_true_seismo_true_mat_bilayer_fRank_1_test_11/state_timestep_20000_vp
Reading /home/fnrizzi/waveRuns/romAccuracyScenario1/train3/fom_mesh256x1024_nThreads_36_dt_0.1_T_2000_snaps_true_seismo_true_mat_bilayer_fRank_1_test_12/state_timestep_20000_vp
Reading /home/fnrizzi/waveRuns/romAccuracyScenario1/train3/fom_mesh256x1024_nThreads_36_dt_0.1_T_2000_snaps_true_seismo_true_mat_bilayer_fRank_1_test_13/state_timestep_20000_vp


nn_test0_vp_fom_minmax = -2.9149490631310344e-10 3.672894543694797e-10
nn_test0_vp_rom_minmax = -2.9842701603547127e-10 3.69101197967144e-10
nn_test0_vp_err_minmax = -3.0669592174473335e-11 3.633132150427803e-11
nn_test0_vp_err_abs_rel_ltwo_norms = 1.7193631418803386e-09 0.12385000018978512
nn_test0_vp_err_abs_rel_linf_norms = 3.633132150427803e-11 0.09891740988492977
linear_test0_vp_fom_minmax = -2.9149490631310344e-10 3.672894543694797e-10
linear_test0_vp_rom_minmax = -2.813354135452043e-10 3.5624425823149887e-10
linear_test0_vp_err_minmax = -1.9060658322767725e-11 2.4978596575541508e-11
linear_test0_vp_err_abs_rel_ltwo_norms = 1.0048269433976278e-09 0.07238018199831721
linear_test0_vp_err_abs_rel_linf_norms = 2.4978596575541508e-11 0.06800793292152069
quadratic_test0_vp_fom_minmax = -2.9149490631310344e-10 3.672894543694797e-10
quadratic_test0_vp_rom_minmax = -2.9242819441103894e-10 3.685467578985523e-10
quadratic_test0_vp_err_minmax = -1.460190783445479e-11 1.5703931442834316e-11
quadratic_test0_vp_err_abs_rel_ltwo_norms = 6.183125339190503e-10 0.04453858849124408
quadratic_test0_vp_err_abs_rel_linf_norms = 1.5703931442834316e-11 0.04275628188071182


nn_test1_vp_fom_minmax = -2.6789588453674096e-10 3.5561590732223824e-10
nn_test1_vp_rom_minmax = -2.5007619759604187e-10 3.4131847806780713e-10
nn_test1_vp_err_minmax = -1.2089338903849147e-10 9.762716772651237e-11
nn_test1_vp_err_abs_rel_ltwo_norms = 5.660541208695418e-09 0.41209710360788565
nn_test1_vp_err_abs_rel_linf_norms = 1.2089338903849147e-10 0.33995495294012534
linear_test1_vp_fom_minmax = -2.6789588453674096e-10 3.5561590732223824e-10
linear_test1_vp_rom_minmax = -2.444432800674804e-10 3.261540606177252e-10
linear_test1_vp_err_minmax = -4.4603143453017694e-11 5.778568807865286e-11
linear_test1_vp_err_abs_rel_ltwo_norms = 2.301050338523518e-09 0.16752040923310066
linear_test1_vp_err_abs_rel_linf_norms = 5.778568807865286e-11 0.16249466598323697
quadratic_test1_vp_fom_minmax = -2.6789588453674096e-10 3.5561590732223824e-10
quadratic_test1_vp_rom_minmax = -2.665508066952302e-10 3.5486266781479516e-10
quadratic_test1_vp_err_minmax = -4.53192162574294e-11 4.887737274956742e-11
quadratic_test1_vp_err_abs_rel_ltwo_norms = 1.8835857310662237e-09 0.13712827016913948
quadratic_test1_vp_err_abs_rel_linf_norms = 4.887737274956742e-11 0.13744428115606655


nn_test2_vp_fom_minmax = -2.6781294098337526e-10 3.5554227693485403e-10
nn_test2_vp_rom_minmax = -2.5007619759604187e-10 3.4131847806780713e-10
nn_test2_vp_err_minmax = -1.2028629516277515e-10 9.713419914671631e-11
nn_test2_vp_err_abs_rel_ltwo_norms = 5.632248029034313e-09 0.4100572881688004
nn_test2_vp_err_abs_rel_linf_norms = 1.2028629516277515e-10 0.3383178400042007
linear_test2_vp_fom_minmax = -2.6781294098337526e-10 3.5554227693485403e-10
linear_test2_vp_rom_minmax = -2.443958616599161e-10 3.2610851520052494e-10
linear_test2_vp_err_minmax = -4.452995172630863e-11 5.7687977497021654e-11
linear_test2_vp_err_abs_rel_ltwo_norms = 2.2973870575376357e-09 0.1672618645044837
linear_test2_vp_err_abs_rel_linf_norms = 5.7687977497021654e-11 0.16225349624903204
quadratic_test2_vp_fom_minmax = -2.6781294098337526e-10 3.5554227693485403e-10
quadratic_test2_vp_rom_minmax = -2.664387577040482e-10 3.5478199607635624e-10
quadratic_test2_vp_err_minmax = -4.53028576475433e-11 4.885349288929101e-11
quadratic_test2_vp_err_abs_rel_ltwo_norms = 1.882806098553594e-09 0.13707818955070777
quadratic_test2_vp_err_abs_rel_linf_norms = 4.885349288929101e-11 0.13740558031652148


nn_test3_vp_fom_minmax = -2.5237124345143444e-10 3.4328387696801826e-10
nn_test3_vp_rom_minmax = -2.5007619759604187e-10 3.4131847806780713e-10
nn_test3_vp_err_minmax = -1.779640295614624e-11 1.4357419284644073e-11
nn_test3_vp_err_abs_rel_ltwo_norms = 8.465270160903674e-10 0.062139580542331645
nn_test3_vp_err_abs_rel_linf_norms = 1.779640295614624e-11 0.05184165103624785
linear_test3_vp_fom_minmax = -2.5237124345143444e-10 3.4328387696801826e-10
linear_test3_vp_rom_minmax = -2.472323966583944e-10 3.3567066192275025e-10
linear_test3_vp_err_minmax = -1.018182837179303e-11 1.313978130208958e-11
linear_test3_vp_err_abs_rel_ltwo_norms = 5.428901297059519e-10 0.039851019872115506
linear_test3_vp_err_abs_rel_linf_norms = 1.313978130208958e-11 0.03827672134836014
quadratic_test3_vp_fom_minmax = -2.5237124345143444e-10 3.4328387696801826e-10
quadratic_test3_vp_rom_minmax = -2.507975233966029e-10 3.412514845725899e-10
quadratic_test3_vp_err_minmax = -1.2469423618480811e-11 1.3283834068364443e-11
quadratic_test3_vp_err_abs_rel_ltwo_norms = 5.311022033311026e-10 0.03898572344746031
quadratic_test3_vp_err_abs_rel_linf_norms = 1.3283834068364443e-11 0.038696352959221615


nn_test4_vp_fom_minmax = -3.1207237740661305e-10 3.716253074700303e-10
nn_test4_vp_rom_minmax = -2.9842701603547127e-10 3.69101197967144e-10
nn_test4_vp_err_minmax = -7.876676771627013e-11 6.682749381374142e-11
nn_test4_vp_err_abs_rel_ltwo_norms = 3.695363409407944e-09 0.2640297786262568
nn_test4_vp_err_abs_rel_linf_norms = 7.876676771627013e-11 0.21195210910823742
linear_test4_vp_fom_minmax = -3.1207237740661305e-10 3.716253074700303e-10
linear_test4_vp_rom_minmax = -2.885907809846929e-10 3.4822704579802236e-10
linear_test4_vp_err_minmax = -3.8394709617220234e-11 4.975472922866293e-11
linear_test4_vp_err_abs_rel_ltwo_norms = 1.9083172402674556e-09 0.13634723372909374
linear_test4_vp_err_abs_rel_linf_norms = 4.975472922866293e-11 0.13388412529648672
quadratic_test4_vp_fom_minmax = -3.1207237740661305e-10 3.716253074700303e-10
quadratic_test4_vp_rom_minmax = -3.078163427895108e-10 3.6783954638319253e-10
quadratic_test4_vp_err_minmax = -3.158066098619171e-11 3.023018986581988e-11
quadratic_test4_vp_err_abs_rel_ltwo_norms = 1.2198712733485246e-09 0.08715850285110219
quadratic_test4_vp_err_abs_rel_linf_norms = 3.158066098619171e-11 0.0849798448905112


nn_test5_vp_fom_minmax = -3.335238199830344e-10 3.7148689687324867e-10
nn_test5_vp_rom_minmax = -3.483618281468883e-10 3.6712963356963777e-10
nn_test5_vp_err_minmax = -9.594059773756603e-11 1.1139804720509349e-10
nn_test5_vp_err_abs_rel_ltwo_norms = 5.097044879077323e-09 0.36111919044412844
nn_test5_vp_err_abs_rel_linf_norms = 1.1139804720509349e-10 0.2998707306844863
linear_test5_vp_fom_minmax = -3.335238199830344e-10 3.7148689687324867e-10
linear_test5_vp_rom_minmax = -3.048300098652624e-10 3.4582513922902155e-10
linear_test5_vp_err_minmax = -4.5637562534713367e-11 5.966589299490564e-11
linear_test5_vp_err_abs_rel_ltwo_norms = 2.280069453669314e-09 0.16154004031734132
linear_test5_vp_err_abs_rel_linf_norms = 5.966589299490564e-11 0.16061372149894063
quadratic_test5_vp_fom_minmax = -3.335238199830344e-10 3.7148689687324867e-10
quadratic_test5_vp_rom_minmax = -3.223719051394839e-10 3.624107767706639e-10
quadratic_test5_vp_err_minmax = -4.854062515525976e-11 4.616503160764751e-11
quadratic_test5_vp_err_abs_rel_ltwo_norms = 1.8612787897822166e-09 0.13186925085082907
quadratic_test5_vp_err_abs_rel_linf_norms = 4.854062515525976e-11 0.13066578004182425


nn_test6_vp_fom_minmax = -3.139035594411086e-10 3.7138037374264543e-10
nn_test6_vp_rom_minmax = -2.9842701603547127e-10 3.69101197967144e-10
nn_test6_vp_err_minmax = -9.151677050397595e-11 7.777456097235009e-11
nn_test6_vp_err_abs_rel_ltwo_norms = 4.29538813547706e-09 0.3066284991491952
nn_test6_vp_err_abs_rel_linf_norms = 9.151677050397595e-11 0.24642328182747242
linear_test6_vp_fom_minmax = -3.139035594411086e-10 3.7138037374264543e-10
linear_test6_vp_rom_minmax = -2.882697244964767e-10 3.459375472583878e-10
linear_test6_vp_err_minmax = -4.2316596902236023e-11 5.478770393040678e-11
linear_test6_vp_err_abs_rel_ltwo_norms = 2.100064309593929e-09 0.14991417470497323
linear_test6_vp_err_abs_rel_linf_norms = 5.478770393040678e-11 0.14752449995748262
quadratic_test6_vp_fom_minmax = -3.139035594411086e-10 3.7138037374264543e-10
quadratic_test6_vp_rom_minmax = -3.087367887632176e-10 3.670632198366111e-10
quadratic_test6_vp_err_minmax = -3.576001722414792e-11 3.427382928543584e-11
quadratic_test6_vp_err_abs_rel_ltwo_norms = 1.3793027051178715e-09 0.09846223554271318
quadratic_test6_vp_err_abs_rel_linf_norms = 3.576001722414792e-11 0.0962894642594346


nn_test7_vp_fom_minmax = -3.2233503147477926e-10 3.724589498060381e-10
nn_test7_vp_rom_minmax = -2.9842701603547127e-10 3.69101197967144e-10
nn_test7_vp_err_minmax = -1.3562834448387432e-10 1.1567658785844234e-10
nn_test7_vp_err_abs_rel_ltwo_norms = 6.382793038612641e-09 0.4542366499157917
nn_test7_vp_err_abs_rel_linf_norms = 1.3562834448387432e-10 0.36414306745616987
linear_test7_vp_fom_minmax = -3.2233503147477926e-10 3.724589498060381e-10
linear_test7_vp_rom_minmax = -2.910140169918162e-10 3.4309574178384335e-10
linear_test7_vp_err_minmax = -5.025243919059362e-11 6.535645959570991e-11
linear_test7_vp_err_abs_rel_ltwo_norms = 2.499950690119551e-09 0.17791102101618556
linear_test7_vp_err_abs_rel_linf_norms = 6.535645959570991e-11 0.1754729202499899
quadratic_test7_vp_fom_minmax = -3.2233503147477926e-10 3.724589498060381e-10
quadratic_test7_vp_rom_minmax = -3.139534936918073e-10 3.651234016965073e-10
quadratic_test7_vp_err_minmax = -4.6733559611868235e-11 4.4575626758236955e-11
quadratic_test7_vp_err_abs_rel_ltwo_norms = 1.8036953771120285e-09 0.12836144625269752
quadratic_test7_vp_err_abs_rel_linf_norms = 4.6733559611868235e-11 0.12547304779816737


nn_test8_vp_fom_minmax = -3.316282419542549e-10 3.710817387922208e-10
nn_test8_vp_rom_minmax = -3.483618281468883e-10 3.6712963356963777e-10
nn_test8_vp_err_minmax = -1.0670916287133071e-10 1.2414683497419007e-10
nn_test8_vp_err_abs_rel_ltwo_norms = 5.695837846106297e-09 0.40388117178419786
nn_test8_vp_err_abs_rel_linf_norms = 1.2414683497419007e-10 0.3345538785558602
linear_test8_vp_fom_minmax = -3.316282419542549e-10 3.710817387922208e-10
linear_test8_vp_rom_minmax = -3.0176670421165385e-10 3.4399211628707797e-10
linear_test8_vp_err_minmax = -4.805420485039271e-11 6.275299199935367e-11
linear_test8_vp_err_abs_rel_ltwo_norms = 2.3976367526424858e-09 0.17001192227269638
linear_test8_vp_err_abs_rel_linf_norms = 6.275299199935367e-11 0.16910827302792944
quadratic_test8_vp_fom_minmax = -3.316282419542549e-10 3.710817387922208e-10
quadratic_test8_vp_rom_minmax = -3.2057020569295597e-10 3.628019440800466e-10
quadratic_test8_vp_err_minmax = -4.9893151875287606e-11 4.745560120768204e-11
quadratic_test8_vp_err_abs_rel_ltwo_norms = 1.9143486051068324e-09 0.13574286676060038
quadratic_test8_vp_err_abs_rel_linf_norms = 4.9893151875287606e-11 0.13445326638189598


nn_test9_vp_fom_minmax = -2.5493725350146407e-10 3.447657973496755e-10
nn_test9_vp_rom_minmax = -2.5007619759604187e-10 3.4131847806780713e-10
nn_test9_vp_err_minmax = -3.4054185354343515e-11 2.7504704751533172e-11
nn_test9_vp_err_abs_rel_ltwo_norms = 1.6137026798258525e-09 0.118298426929562
nn_test9_vp_err_abs_rel_linf_norms = 3.4054185354343515e-11 0.09877483676202478
linear_test9_vp_fom_minmax = -2.5493725350146407e-10 3.447657973496755e-10
linear_test9_vp_rom_minmax = -2.4565531031705435e-10 3.310575710260899e-10
linear_test9_vp_err_minmax = -1.8458362753978106e-11 2.3893126430172915e-11
linear_test9_vp_err_abs_rel_ltwo_norms = 9.718129921705917e-10 0.07124233582849253
linear_test9_vp_err_abs_rel_linf_norms = 2.3893126430172915e-11 0.06930248479938261
quadratic_test9_vp_fom_minmax = -2.5493725350146407e-10 3.447657973496755e-10
quadratic_test9_vp_rom_minmax = -2.526391672198529e-10 3.425327749032916e-10
quadratic_test9_vp_err_minmax = -2.2029371159755094e-11 2.3467881427928147e-11
quadratic_test9_vp_err_abs_rel_ltwo_norms = 9.266963734156149e-10 0.06793489568241153
quadratic_test9_vp_err_abs_rel_linf_norms = 2.3467881427928147e-11 0.06806905327713254


nn_test10_vp_fom_minmax = -3.8750666631686675e-10 4.688368332535315e-10
nn_test10_vp_rom_minmax = -3.483618281468883e-10 3.6712963356963777e-10
nn_test10_vp_err_minmax = -4.2206209912221396e-10 5.009028324739413e-10
nn_test10_vp_err_abs_rel_ltwo_norms = 1.8937127245191776e-08 1.224386889290628
nn_test10_vp_err_abs_rel_linf_norms = 5.009028324739413e-10 1.068394795259334
linear_test10_vp_fom_minmax = -3.8750666631686675e-10 4.688368332535315e-10
linear_test10_vp_rom_minmax = -1.5286572776478572e-09 1.2963060922685434e-09
linear_test10_vp_err_minmax = -1.2629824377549682e-09 1.6818498227539797e-09
linear_test10_vp_err_abs_rel_ltwo_norms = 7.403388858907493e-08 4.786688148524842
linear_test10_vp_err_abs_rel_linf_norms = 1.6818498227539797e-09 3.5872817651348887
quadratic_test10_vp_fom_minmax = -3.8750666631686675e-10 4.688368332535315e-10
quadratic_test10_vp_rom_minmax = -6.088566136106219e-09 4.190889735672344e-09
quadratic_test10_vp_err_minmax = -4.148902872397879e-09 6.087618271074361e-09
quadratic_test10_vp_err_abs_rel_ltwo_norms = 2.490612247286477e-07 16.103144592105462
quadratic_test10_vp_err_abs_rel_linf_norms = 6.087618271074361e-09 12.984513671481052


nn_test11_vp_fom_minmax = -2.3192295436893545e-10 3.1914482917700973e-10
nn_test11_vp_rom_minmax = -2.5007619759604187e-10 3.4131847806780713e-10
nn_test11_vp_err_minmax = -1.1301101136576146e-10 1.4188247417702234e-10
nn_test11_vp_err_abs_rel_ltwo_norms = 6.659251325408246e-09 0.49549085996669684
nn_test11_vp_err_abs_rel_linf_norms = 1.4188247417702234e-10 0.4445708067490856
linear_test11_vp_fom_minmax = -2.3192295436893545e-10 3.1914482917700973e-10
linear_test11_vp_rom_minmax = -2.828249934250002e-10 4.1798497594243455e-10
linear_test11_vp_err_minmax = -1.5639267808356995e-10 1.2016536773986907e-10
linear_test11_vp_err_abs_rel_ltwo_norms = 6.436866611984661e-09 0.4789440159577806
linear_test11_vp_err_abs_rel_linf_norms = 1.5639267808356995e-10 0.490036697404327
quadratic_test11_vp_fom_minmax = -2.3192295436893545e-10 3.1914482917700973e-10
quadratic_test11_vp_rom_minmax = -2.616057600438469e-10 4.0271470621029667e-10
quadratic_test11_vp_err_minmax = -1.9824807182439205e-10 1.8507697027372708e-10
quadratic_test11_vp_err_abs_rel_ltwo_norms = 7.90626101989895e-09 0.5882763512654695
quadratic_test11_vp_err_abs_rel_linf_norms = 1.9824807182439205e-10 0.6211852854881638


nn_test12_vp_fom_minmax = -3.483618281468883e-10 3.6712963356963777e-10
nn_test12_vp_rom_minmax = -3.483618281468883e-10 3.6712963356963777e-10
nn_test12_vp_err_minmax = 0.0 0.0
nn_test12_vp_err_abs_rel_ltwo_norms = 0.0 0.0
nn_test12_vp_err_abs_rel_linf_norms = 0.0 0.0
linear_test12_vp_fom_minmax = -3.483618281468883e-10 3.6712963356963777e-10
linear_test12_vp_rom_minmax = -3.483618281468883e-10 3.6712963356963777e-10
linear_test12_vp_err_minmax = 0.0 0.0
linear_test12_vp_err_abs_rel_ltwo_norms = 0.0 0.0
linear_test12_vp_err_abs_rel_linf_norms = 0.0 0.0
quadratic_test12_vp_fom_minmax = -3.483618281468883e-10 3.6712963356963777e-10
quadratic_test12_vp_rom_minmax = -3.483618281468883e-10 3.6712963356963777e-10
quadratic_test12_vp_err_minmax = 0.0 0.0
quadratic_test12_vp_err_abs_rel_ltwo_norms = 0.0 0.0
quadratic_test12_vp_err_abs_rel_linf_norms = 0.0 0.0


nn_test13_vp_fom_minmax = -2.5007619759604187e-10 3.4131847806780713e-10
nn_test13_vp_rom_minmax = -2.5007619759604187e-10 3.4131847806780713e-10
nn_test13_vp_err_minmax = 0.0 0.0
nn_test13_vp_err_abs_rel_ltwo_norms = 0.0 0.0
nn_test13_vp_err_abs_rel_linf_norms = 0.0 0.0
linear_test13_vp_fom_minmax = -2.5007619759604187e-10 3.4131847806780713e-10
linear_test13_vp_rom_minmax = -2.5007619759604187e-10 3.4131847806780713e-10
linear_test13_vp_err_minmax = -5.169878828456423e-26 5.169878828456423e-26
linear_test13_vp_err_abs_rel_ltwo_norms = 9.095082483858192e-25 6.685921932878865e-17
linear_test13_vp_err_abs_rel_linf_norms = 5.169878828456423e-26 1.5146788587957324e-16
quadratic_test13_vp_fom_minmax = -2.5007619759604187e-10 3.4131847806780713e-10
quadratic_test13_vp_rom_minmax = -2.5007619759604187e-10 3.4131847806780713e-10
quadratic_test13_vp_err_minmax = 0.0 0.0
quadratic_test13_vp_err_abs_rel_ltwo_norms = 0.0 0.0
quadratic_test13_vp_err_abs_rel_linf_norms = 0.0 0.0
