*** Parsing input ***

meshDir = /home/fnrizzi/shavePerf/fomscaling/meshes/mesh2048x8192 
checkDispersion = true 
timeStep = 0.05 
finalT = 50 
numSteps = 1000 
includeMatPropInJacobian true 
exploitForcingSparsity true 

enableSnapshotMatrix = false 
enableSeimogram = false 

matModelType = unilayer 
rho(c0,c1,c2) = 2500 0 0
vs(c0,c1,c2)  = 5000 0 0

signal  type= gaussianDeriv depth[km]= 640 angle[deg]= 0 period[sec]= 60 delay[sec]= 210 

enableSampling = true 
numParams_ = 1 
paramName_ = signalPeriod 
values = 60 60.4255 60.8511 61.2766 61.7021 62.1277 62.5532 62.9787 63.4043 63.8298 64.2553 64.6809 65.1064 65.5319 65.9574 66.383 66.8085 67.234 67.6596 68.0851 68.5106 68.9362 69.3617 69.7872 70.2128 70.6383 71.0638 71.4894 71.9149 72.3404 72.766 73.1915 73.617 74.0426 74.4681 74.8936 75.3191 75.7447 76.1702 76.5957 77.0213 77.4468 77.8723 78.2979 78.7234 79.1489 79.5745 80 
enableRankTwoF_ = true 
forcingSize_ = 48 

*** Reading meshfile info ***

thetaLeft (deg) = 0
thetaRight (deg) = 180
CMB radius (km) = 3480
Earth surf radius (km) = 6371
dth [rad] = 0.00038354201606516825
drr [km] = 1.4123106985832927
numGptVp = 16777216
numGptSp = 33544192
nth = 8192
nr = 2048

*** Compute FOM Jacobians: with mat prop ***
Reading graph for vp ...Done
Reading Vp stencil coeffs for vp...Done
Reading graph for sp ...Done
minMaxVs = 5000 5000
jacVp:  nnz = 67088384 nrows = 16777216 ncols = 33544192
jacSp:  nnz = 67088384 nrows = 33544192 ncols = 16777216
Doing FOM with sampling of forcing period
Total number of samples 48
Target Source coords (depth [km], r [km], th [deg], th [rad]) = 640 5731 0 0
Source angle cannot be on left edge, mapping to: 0.00038354201606516825
Source mapped to GID = 13058049 with depth (km) = 639.77674645823151 with angle (rad) = 0.00038354201606516825 angle (deg) = 0.021975338786472957
centerFreq = 0.20462064650223113
minPeriod  = 4.8870923687023744
Numerical dispersion criterion along r: OK! 
drr = 1412.3106985832928, ratio = 30000
Numerical dispersion criterion along theta: OK! 
maxArc = 2443.5461843511871, ratio = 30000
CFL: OK! 
cfl = 0.26488832419694175

loopTime = 1408.2263958070
dataCollectionTime = 0.0064496490
flops = 15296397456.0000000000
memMB = 88424.7983398438
flops/bytes = 0.1649738723
aveBandwidth(GB/s) =    61.32 
minBandwidth(GB/s) =    60.59 
maxBandwidth(GB/s) =    62.01 
aveGFlop = 10.8624 
minGFlop = 10.7328 
maxGFlop = 10.9850 
totTime(se) = 1408.2027 
aveTime(ms) = 1408.2027 
maxTime(ms) = 1425.1991 
minTime(ms) = 1392.4855 

finalProcessTime = 0.0000064730
