*** Parsing input ***

meshDir = /home/fnrizzi/romScaling/june12/meshes/mesh300x1200 
checkDispersion = true 
timeStep = 0.1 
finalT = 400 
numSteps = 4000 
includeMatPropInJacobian true 
exploitForcingSparsity true 

enableSnapshotMatrix = false 
enableSeimogram = false 

matModelType = prem 

signal  type= gaussianDeriv depth[km]= 640 angle[deg]= 0 period[sec]= 55 delay[sec]= 209.332 
You did not set the basisfiles so I am using dummy basis
vpRomSize_ = 128 
spRomSize_ = 128 
vpBasisFileName_ = empty 
spBasisFileName_ = empty
---------------------------------------------------

enableSampling = true 
numParams_ = 1 
paramName_ = signalPeriod 
values = 67.404 68.0993 67.5574 62.2263 64.5155 67.9338 69.2431 64.4092 62.7819 69.7774 66.3931 61.0678 64.8976 68.8836 66.4929 61.476 64.8291 62.3874 68.6409 61.5816 69.0035 67.7705 62.5765 69.4947 63.812 60.1269 62.4028 61.3724 60.6254 66.7362 60.4332 64.5644 
enableRankTwoF_ = true 
forcingSize_ = 32 

*** Reading meshfile info ***

thetaLeft (deg) = 0
thetaRight (deg) = 180
CMB radius (km) = 3480
Earth surf radius (km) = 6371
dth [rad] = 0.0026201773591240977
drr [km] = 9.6688963210702337
numGptVp = 360000
numGptSp = 718500
nth = 1200
nr = 300

*** Compute FOM Jacobians: with mat prop ***
Reading graph for vp ...Done
Reading Vp stencil coeffs for vp...Done
Reading graph for sp ...Done
jacVp:  nnz = 1437000 nrows = 360000 ncols = 718500
jacSp:  nnz = 1437000 nrows = 718500 ncols = 360000
The computation of the rom jacobians is disabled
romJac time: 0.0000595460
Target Source coords (depth [km], r [km], th [deg], th [rad]) = 640.0000000000 5731.0000000000 0.0000000000 0.0000000000
Source angle cannot be on left edge, mapping to: 0.00262017735912410
Source mapped to GID = 279601 with depth (km) = 638.14715719063485722 with angle (rad) = 0.00262017735912410 angle (deg) = 0.15012510425354461
centerFreq = 0.01916953965327214
minPeriod  = 52.16609360931133210
Numerical dispersion criterion along r: OK! 
drr = 9668.89632107023317076, ratio = 19240.60116611545890919
Numerical dispersion criterion along theta: OK! 
maxArc = 16693.14995497962445370, ratio = 19240.60116611545890919
CFL: OK! 
cfl = 0.11269344961025346
ROM-KOKKOS-B step = 2000
ROM-KOKKOS-B step = 4000

loopTime = 0.4853795190
dataCollectionTime = 0.0062994440
flops = 2117632.0000000000
memMB = 0.5317382812
flops/bytes = 3.7979797980
aveBandwidth(GB/s) =     4.45 
minBandwidth(GB/s) =     0.97 
maxBandwidth(GB/s) =     4.95 
aveGFlop = 18.1478 
minGFlop =  3.9647 
maxGFlop = 20.1850 
totTime(se) =  0.4668 
aveTime(ms) =  0.1167 
maxTime(ms) =  0.5341 
minTime(ms) =  0.1049 
