*** Parsing input ***

meshDir = /home/fnrizzi/waveRuns/uqForcing//meshes/mesh512x2048 
checkDispersion = true 
timeStep = 0.1 
finalT = 2000 
numSteps = 20000 
includeMatPropInJacobian true 
exploitForcingSparsity true 

enableSnapshotMatrix = true 
mode = binary 
vpSnapshotsFileName_ = snaps_vp 
spSnapshotsFileName_ = snaps_sp 
vpSnapshotsFreq_ = 40 
spSnapshotsFreq_ = 40 
enableSeimogram = false 

matModelType = prem 
Period for signal should be positive. 

signal  type= ricker depth[km]= 150 angle[deg]= 0 period[sec]= -1 delay[sec]= 90 
vpRomSize_ = 436 
spRomSize_ = 436 
vpBasisFileName_ = /home/fnrizzi/waveRuns/romAccuracyScenario2/train2/pod/lsv_vp 
spBasisFileName_ = /home/fnrizzi/waveRuns/romAccuracyScenario2/train2/pod/lsv_sp
---------------------------------------------------

enableSampling = true 
numParams_ = 1 
paramName_ = signalPeriod 
values = 31.9878 49.5492 49.2676 45.8431 32.6131 58.6577 51.88 51.4272 68.942 34.0864 62.2451 32.675 40.1403 61.7049 43.5947 52.5775 42.2338 57.5754 54.5606 67.1215 54.1412 46.0642 54.8965 64.3764 43.2798 63.7963 43.0997 36.2018 61.6783 49.4406 39.01 59.4028 34.1365 43.0407 62.1178 39.8334 58.1079 55.689 49.7952 36.3385 48.9065 46.1767 38.4992 51.2787 35.1745 63.32 32.7407 59.4865 67.7319 47.7992 32.1939 53.3205 39.9657 43.2449 61.9637 58.7679 39.1477 43.5511 65.4319 56.0062 36.4449 63.1864 33.8625 42.7608 45.2513 51.3184 39.2535 66.4248 62.8807 60.3174 63.7817 65.0834 35.3531 42.9519 51.8532 34.379 53.5939 32.803 38.1061 64.1901 31.2296 34.7434 54.4377 50.1885 66.1813 37.911 32.7799 56.2098 36.6521 63.3701 64.451 61.0273 37.9656 44.9121 37.1388 64.0913 56.1004 44.5143 52.7741 47.9037 50.6542 60.5363 62.4637 54.3377 55.2124 50.0444 36.6194 32.974 55.259 61.7472 33.6204 65.772 64.2381 62.9277 64.1121 31.9116 37.7066 35.942 65.9123 64.7197 63.4289 49.001 35.8857 34.791 37.983 43.5699 44.7599 35.9307 
enableRankTwoF_ = true 
forcingSize_ = 64 

*** Reading meshfile info ***

thetaLeft (deg) = 0
thetaRight (deg) = 180
CMB radius (km) = 3480
Earth surf radius (km) = 6371
dth [rad] = 0.0015347301678504119
drr [km] = 5.6575342465753433
numGptVp = 1048576
numGptSp = 2094592
nth = 2048
nr = 512

*** Constructing observer ***
Observer: Vp snaps [GB] = 0.10395050048828125
Observer: Sp snaps [GB] = 0.10395050048828125
Loading basis... 16777216000 bytes read
33513472000 bytes read
Done

*** Compute FOM Jacobians: with mat prop ***
Reading graph for vp ...Done
Reading Vp stencil coeffs for vp...Done
Reading graph for sp ...Done
minMaxVs = 3200 7265.9705493409283
jacVp:  nnz = 4189184 nrows = 1048576 ncols = 2094592
jacSp:  nnz = 4189184 nrows = 2094592 ncols = 1048576
romJac time: 29.0381832950
Target Source coords (depth [km], r [km], th [deg], th [rad]) = 150.0000000000 6221.0000000000 0.0000000000 0.0000000000
Source angle cannot be on left edge, mapping to: 0.00153473016785041
Source mapped to GID = 991233 with depth (km) = 152.75342465753388410 with angle (rad) = 0.00153473016785041 angle (deg) = 0.08793356130923302
centerFreq = 0.03272731248561141
minPeriod  = 30.55551843554679081
Numerical dispersion criterion along r: OK! 
drr = 5657.53424657534287689, ratio = 10236.09935093067542766
Numerical dispersion criterion along theta: OK! 
maxArc = 9777.76589937497374194, ratio = 10236.09935093067542766
CFL: OK! 
cfl = 0.19239658409449523
ROM-KOKKOS-B step = 2000
ROM-KOKKOS-B step = 4000
ROM-KOKKOS-B step = 6000
ROM-KOKKOS-B step = 8000
ROM-KOKKOS-B step = 10000
ROM-KOKKOS-B step = 12000
ROM-KOKKOS-B step = 14000
ROM-KOKKOS-B step = 16000
ROM-KOKKOS-B step = 18000
ROM-KOKKOS-B step = 20000

loopTime = 7.1587168780
dataCollectionTime = 0.0520902830
flops = 48804096.0000000000
memMB = 4.8176269531
flops/bytes = 9.6610246795
aveBandwidth(GB/s) =    13.36 
minBandwidth(GB/s) =     3.92 
maxBandwidth(GB/s) =    15.23 
aveGFlop = 138.5666 
minGFlop = 40.6720 
maxGFlop = 158.0126 
totTime(se) =  7.0441 
aveTime(ms) =  0.3522 
maxTime(ms) =  1.1999 
minTime(ms) =  0.3089 
Writing snapshots vp... Done
Writing snapshots sp... Done

finalProcessTime = 0.0953220970
centerFreq = 0.0327273125
minPeriod  = 30.5555184355
Numerical dispersion criterion along r: OK! 
drr = 5657.5342465753, ratio = 9993.4783889620
Numerical dispersion criterion along theta: OK! 
maxArc = 9777.7658993750, ratio = 9993.4783889620
CFL: OK! 
cfl = 0.1923965841
ROM-KOKKOS-B step = 2000
ROM-KOKKOS-B step = 4000
ROM-KOKKOS-B step = 6000
ROM-KOKKOS-B step = 8000
ROM-KOKKOS-B step = 10000
ROM-KOKKOS-B step = 12000
ROM-KOKKOS-B step = 14000
ROM-KOKKOS-B step = 16000
ROM-KOKKOS-B step = 18000
ROM-KOKKOS-B step = 20000

loopTime = 7.1456901830
dataCollectionTime = 0.0515456430
flops = 48804096.0000000000
memMB = 4.8176269531
flops/bytes = 9.6610246795
aveBandwidth(GB/s) =    13.38 
minBandwidth(GB/s) =     6.03 
maxBandwidth(GB/s) =    15.16 
aveGFlop = 138.8091 
minGFlop = 62.5481 
maxGFlop = 157.2297 
totTime(se) =  7.0318 
aveTime(ms) =  0.3516 
maxTime(ms) =  0.7803 
minTime(ms) =  0.3104 
Writing snapshots vp... Done
Writing snapshots sp... Done

finalProcessTime = 0.0990010230
