*** Parsing input ***

meshDir = /home/fnrizzi/romAccuracyT4/meshes/mesh512x2048 
checkDispersion = true 
timeStep = 0.1 
finalT = 2000 
numSteps = 20000 
includeMatPropInJacobian true 
exploitForcingSparsity true 

enableSnapshotMatrix = true 
mode = binary 
vpSnapshotsFileName_ = snaps_vp 
spSnapshotsFileName_ = snaps_sp 
vpSnapshotsFreq_ = 200 
spSnapshotsFreq_ = 200 
enableSeimogram = false 

matModelType = prem 

signal  type= ricker depth[km]= 150 angle[deg]= 0 period[sec]= 40 delay[sec]= 90 
vpRomSize_ = 415 
spRomSize_ = 415 
vpBasisFileName_ = /home/fnrizzi/romAccuracyT4/pod/lsv_vp 
spBasisFileName_ = /home/fnrizzi/romAccuracyT4/pod/lsv_sp
---------------------------------------------------

enableSampling = true 
numParams_ = 1 
paramName_ = signalPeriod 
values = 51.78 58.804 58.8355 64.0889 46.1779 40.0889 45.5517 43.3524 40.7088 63.2545 31 69 35 65 
enableRankTwoF_ = true 
forcingSize_ = 14 

*** Reading meshfile info ***

thetaLeft (deg) = 0
thetaRight (deg) = 180
CMB radius (km) = 3480
Earth surf radius (km) = 6371
dth [rad] = 0.0015347301678504119
drr [km] = 5.6575342465753433
numGptVp = 1048576
numGptSp = 2094592
nth = 2048
nr = 512

*** Constructing observer ***
Observer: Vp snaps [GB] = 0.00030919909477233887
Observer: Sp snaps [GB] = 0.00030919909477233887
Loading basis... 16777216000 bytes read
33513472000 bytes read
Done

*** Compute FOM Jacobians: with mat prop ***
Reading graph for vp ...Done
Reading Vp stencil coeffs for vp...Done
Reading graph for sp ...Done
jacVp:  nnz = 4189184 nrows = 1048576 ncols = 2094592
jacSp:  nnz = 4189184 nrows = 2094592 ncols = 1048576
romJac time: 10.0868080510
Target Source coords (depth [km], r [km], th [deg], th [rad]) = 150.0000000000 6221.0000000000 0.0000000000 0.0000000000
Source angle cannot be on left edge, mapping to: 0.00153473016785041
Source mapped to GID = 991233 with depth (km) = 152.75342465753388410 with angle (rad) = 0.00153473016785041 angle (deg) = 0.08793356130923302
centerFreq = 0.03272731248561141
minPeriod  = 30.55551843554679081
Numerical dispersion criterion along r: OK! 
drr = 5657.53424657534287689, ratio = 9920.00000000000000000
Numerical dispersion criterion along theta: OK! 
maxArc = 9777.76589937497374194, ratio = 9920.00000000000000000
CFL: OK! 
cfl = 0.19239658409449523
ROM-KOKKOS-B step = 2000
ROM-KOKKOS-B step = 4000
ROM-KOKKOS-B step = 6000
ROM-KOKKOS-B step = 8000
ROM-KOKKOS-B step = 10000
ROM-KOKKOS-B step = 12000
ROM-KOKKOS-B step = 14000
ROM-KOKKOS-B step = 16000
ROM-KOKKOS-B step = 18000
ROM-KOKKOS-B step = 20000

loopTime = 4.5707705950
dataCollectionTime = 0.0379440940
flops = 9673650.0000000000
memMB = 3.0270996094
flops/bytes = 3.0476405607
aveBandwidth(GB/s) =    13.25 
minBandwidth(GB/s) =     4.13 
maxBandwidth(GB/s) =    14.15 
aveGFlop = 43.3561 
minGFlop = 13.5234 
maxGFlop = 46.2952 
totTime(se) =  4.4624 
aveTime(ms) =  0.2231 
maxTime(ms) =  0.7153 
minTime(ms) =  0.2090 
Writing snapshots vp... Done
Writing snapshots sp... Done

finalProcessTime = 0.0005464520
