*** Parsing input ***

meshDir = /home/fnrizzi/shavePerf/fomscaling/meshes/mesh1024x4096 
checkDispersion = true 
timeStep = 0.05 
finalT = 50 
numSteps = 1000 
includeMatPropInJacobian true 
exploitForcingSparsity true 

enableSnapshotMatrix = false 
enableSeimogram = false 

matModelType = unilayer 
rho(c0,c1,c2) = 2500 0 0
vs(c0,c1,c2)  = 5000 0 0

signal  type= gaussianDeriv depth[km]= 640 angle[deg]= 0 period[sec]= 60 delay[sec]= 210 

enableSampling = true 
numParams_ = 1 
paramName_ = signalPeriod 
values = 60 60.4255 60.8511 61.2766 61.7021 62.1277 62.5532 62.9787 63.4043 63.8298 64.2553 64.6809 65.1064 65.5319 65.9574 66.383 66.8085 67.234 67.6596 68.0851 68.5106 68.9362 69.3617 69.7872 70.2128 70.6383 71.0638 71.4894 71.9149 72.3404 72.766 73.1915 73.617 74.0426 74.4681 74.8936 75.3191 75.7447 76.1702 76.5957 77.0213 77.4468 77.8723 78.2979 78.7234 79.1489 79.5745 80 
enableRankTwoF_ = true 
forcingSize_ = 48 

*** Reading meshfile info ***

thetaLeft (deg) = 0
thetaRight (deg) = 180
CMB radius (km) = 3480
Earth surf radius (km) = 6371
dth [rad] = 0.00076717769318432067
drr [km] = 2.8260019550342133
numGptVp = 4194304
numGptSp = 8383488
nth = 4096
nr = 1024

*** Compute FOM Jacobians: with mat prop ***
Reading graph for vp ...Done
Reading Vp stencil coeffs for vp...Done
Reading graph for sp ...Done
minMaxVs = 5000 5000
jacVp:  nnz = 16766976 nrows = 4194304 ncols = 8383488
jacSp:  nnz = 16766976 nrows = 8383488 ncols = 4194304
Doing FOM with sampling of forcing period
Total number of samples 48
Target Source coords (depth [km], r [km], th [deg], th [rad]) = 640 5731 0 0
Source angle cannot be on left edge, mapping to: 0.00076717769318432067
Source mapped to GID = 3264513 with depth (km) = 638.67644183773177 with angle (rad) = 0.00076717769318432067 angle (deg) = 0.043956043956043959
centerFreq = 0.10229783267325561
minPeriod  = 9.7753781665546136
Numerical dispersion criterion along r: OK! 
drr = 2826.0019550342131, ratio = 30000
Numerical dispersion criterion along theta: OK! 
maxArc = 4887.689083277307, ratio = 30000
CFL: OK! 
cfl = 0.13242799262440194

loopTime = 421.8931978690
dataCollectionTime = 0.0023319970
flops = 3822993552.0000000000
memMB = 22100.3999023438
flops/bytes = 0.1649694475
aveBandwidth(GB/s) =    51.16 
minBandwidth(GB/s) =    50.36 
maxBandwidth(GB/s) =    52.21 
aveGFlop =  9.0617 
minGFlop =  8.9200 
maxGFlop =  9.2484 
totTime(se) = 421.8827 
aveTime(ms) = 421.8827 
maxTime(ms) = 428.5868 
minTime(ms) = 413.3667 

finalProcessTime = 0.0000010090
