*** Parsing input ***

meshDir = /home/fnrizzi/waveRuns/fomScalingFinal/meshes/mesh512x2048 
checkDispersion = true 
timeStep = 0.05 
finalT = 50 
numSteps = 1000 
includeMatPropInJacobian true 
exploitForcingSparsity true 

enableSnapshotMatrix = false 
enableSeimogram = false 

matModelType = unilayer 
rho(c0,c1,c2) = 2500 0 0
vs(c0,c1,c2)  = 5000 0 0

signal  type= gaussianDeriv depth[km]= 640 angle[deg]= 0 period[sec]= 60 delay[sec]= 210 

enableSampling = true 
numParams_ = 1 
paramName_ = signalPeriod 
values = 60 60.6452 61.2903 61.9355 62.5806 63.2258 63.871 64.5161 65.1613 65.8065 66.4516 67.0968 67.7419 68.3871 69.0323 69.6774 70.3226 70.9677 71.6129 72.2581 72.9032 73.5484 74.1935 74.8387 75.4839 76.129 76.7742 77.4194 78.0645 78.7097 79.3548 80 
enableRankTwoF_ = true 
forcingSize_ = 32 

*** Reading meshfile info ***

thetaLeft (deg) = 0
thetaRight (deg) = 180
CMB radius (km) = 3480
Earth surf radius (km) = 6371
dth [rad] = 0.0015347301678504119
drr [km] = 5.6575342465753433
numGptVp = 1048576
numGptSp = 2094592
nth = 2048
nr = 512

*** Compute FOM Jacobians: with mat prop ***
Reading graph for vp ...Done
Reading Vp stencil coeffs for vp...Done
Reading graph for sp ...Done
minMaxVs = 5000 5000
jacVp:  nnz = 4189184 nrows = 1048576 ncols = 2094592
jacSp:  nnz = 4189184 nrows = 2094592 ncols = 1048576
Doing FOM with sampling of forcing period
Total number of samples 32
Target Source coords (depth [km], r [km], th [deg], th [rad]) = 640 5731 0 0
Source angle cannot be on left edge, mapping to: 0.0015347301678504119
Source mapped to GID = 815105 with depth (km) = 639.30136986301375 with angle (rad) = 0.0015347301678504119 angle (deg) = 0.087933561309233021
centerFreq = 0.051136425758767819
minPeriod  = 19.555531798749946
Numerical dispersion criterion along r: OK! 
drr = 5657.5342465753429, ratio = 30000
Numerical dispersion criterion along theta: OK! 
maxArc = 9777.7658993749737, ratio = 30000
CFL: OK! 
cfl = 0.066197826838132051

loopTime = 70.6933247580
dataCollectionTime = 0.0017986540
flops = 636797024.0000000000
memMB = 4756.0742187500
flops/bytes = 0.1276887068
aveBandwidth(GB/s) =    65.71 
minBandwidth(GB/s) =    64.46 
maxBandwidth(GB/s) =    68.95 
aveGFlop =  9.0092 
minGFlop =  8.8374 
maxGFlop =  9.4528 
totTime(se) = 70.6833 
aveTime(ms) = 70.6833 
maxTime(ms) = 72.0567 
minTime(ms) = 67.3657 

finalProcessTime = 0.0000009400
