*** Parsing input ***

meshDir = /home/fnrizzi/shavePerf/fomscaling/meshes/mesh2048x8192 
checkDispersion = true 
timeStep = 0.05 
finalT = 50 
numSteps = 1000 
includeMatPropInJacobian true 
exploitForcingSparsity true 

enableSnapshotMatrix = false 
enableSeimogram = false 

matModelType = unilayer 
rho(c0,c1,c2) = 2500 0 0
vs(c0,c1,c2)  = 5000 0 0

signal  type= gaussianDeriv depth[km]= 640 angle[deg]= 0 period[sec]= 60 delay[sec]= 210 

enableSampling = true 
numParams_ = 1 
paramName_ = signalPeriod 
values = 60 62.8571 65.7143 68.5714 71.4286 74.2857 77.1429 80 
enableRankTwoF_ = true 
forcingSize_ = 8 

*** Reading meshfile info ***

thetaLeft (deg) = 0
thetaRight (deg) = 180
CMB radius (km) = 3480
Earth surf radius (km) = 6371
dth [rad] = 0.00038354201606516825
drr [km] = 1.4123106985832927
numGptVp = 16777216
numGptSp = 33544192
nth = 8192
nr = 2048

*** Compute FOM Jacobians: with mat prop ***
Reading graph for vp ...Done
Reading Vp stencil coeffs for vp...Done
Reading graph for sp ...Done
minMaxVs = 5000 5000
jacVp:  nnz = 67088384 nrows = 16777216 ncols = 33544192
jacSp:  nnz = 67088384 nrows = 33544192 ncols = 16777216
Doing FOM with sampling of forcing period
Total number of samples 8
Target Source coords (depth [km], r [km], th [deg], th [rad]) = 640 5731 0 0
Source angle cannot be on left edge, mapping to: 0.00038354201606516825
Source mapped to GID = 13058049 with depth (km) = 639.77674645823151 with angle (rad) = 0.00038354201606516825 angle (deg) = 0.021975338786472957
centerFreq = 0.20462064650223113
minPeriod  = 4.8870923687023744
Numerical dispersion criterion along r: OK! 
drr = 1412.3106985832928, ratio = 30000
Numerical dispersion criterion along theta: OK! 
maxArc = 2443.5461843511871, ratio = 30000
CFL: OK! 
cfl = 0.26488832419694175

loopTime = 255.4334981150
dataCollectionTime = 0.0025922540
flops = 2549399576.0000000000
memMB = 16763.5471191406
flops/bytes = 0.1450347519
aveBandwidth(GB/s) =    64.09 
minBandwidth(GB/s) =    63.76 
maxBandwidth(GB/s) =    65.07 
aveGFlop =  9.9811 
minGFlop =  9.9287 
maxGFlop = 10.1337 
totTime(se) = 255.4227 
aveTime(ms) = 255.4227 
maxTime(ms) = 256.7720 
minTime(ms) = 251.5763 

finalProcessTime = 0.0000009870
