*** Parsing input ***

meshDir = /home/fnrizzi/waveRuns/fomScalingFinal/meshes/mesh2048x8192 
checkDispersion = true 
timeStep = 0.05 
finalT = 50 
numSteps = 1000 
includeMatPropInJacobian true 
exploitForcingSparsity true 

enableSnapshotMatrix = false 
enableSeimogram = false 

matModelType = unilayer 
rho(c0,c1,c2) = 2500 0 0
vs(c0,c1,c2)  = 5000 0 0

signal  type= gaussianDeriv depth[km]= 640 angle[deg]= 0 period[sec]= 60 delay[sec]= 210 

enableSampling = true 
numParams_ = 1 
paramName_ = signalPeriod 
values = 60 80 
enableRankTwoF_ = true 
forcingSize_ = 2 

*** Reading meshfile info ***

thetaLeft (deg) = 0
thetaRight (deg) = 180
CMB radius (km) = 3480
Earth surf radius (km) = 6371
dth [rad] = 0.00038354201606516825
drr [km] = 1.4123106985832927
numGptVp = 16777216
numGptSp = 33544192
nth = 8192
nr = 2048

*** Compute FOM Jacobians: with mat prop ***
Reading graph for vp ...Done
Reading Vp stencil coeffs for vp...Done
Reading graph for sp ...Done
minMaxVs = 5000 5000
jacVp:  nnz = 67088384 nrows = 16777216 ncols = 33544192
jacSp:  nnz = 67088384 nrows = 33544192 ncols = 16777216
Doing FOM with sampling of forcing period
Total number of samples 2
Target Source coords (depth [km], r [km], th [deg], th [rad]) = 640 5731 0 0
Source angle cannot be on left edge, mapping to: 0.00038354201606516825
Source mapped to GID = 13058049 with depth (km) = 639.77674645823151 with angle (rad) = 0.00038354201606516825 angle (deg) = 0.021975338786472957
centerFreq = 0.20462064650223113
minPeriod  = 4.8870923687023744
Numerical dispersion criterion along r: OK! 
drr = 1412.3106985832928, ratio = 30000
Numerical dispersion criterion along theta: OK! 
maxArc = 2443.5461843511871, ratio = 30000
CFL: OK! 
cfl = 0.26488832419694175

loopTime = 469.9139678070
dataCollectionTime = 0.0019689770
flops = 637349894.0000000000
memMB = 6078.3593750000
flops/bytes = 0.0999980730
aveBandwidth(GB/s) =    12.63 
minBandwidth(GB/s) =    12.30 
maxBandwidth(GB/s) =    12.89 
aveGFlop =  1.3563 
minGFlop =  1.3211 
maxGFlop =  1.3841 
totTime(se) = 469.9053 
aveTime(ms) = 469.9053 
maxTime(ms) = 482.4233 
minTime(ms) = 460.4926 

finalProcessTime = 0.0000010330
