*** Parsing input ***

meshDir = /home/fnrizzi/shavePerf/fomscaling/meshes/mesh256x1024 
checkDispersion = true 
timeStep = 0.05 
finalT = 50 
numSteps = 1000 
includeMatPropInJacobian true 
exploitForcingSparsity true 

enableSnapshotMatrix = false 
enableSeimogram = false 

matModelType = unilayer 
rho(c0,c1,c2) = 2500 0 0
vs(c0,c1,c2)  = 5000 0 0

signal  type= gaussianDeriv depth[km]= 640 angle[deg]= 0 period[sec]= 60 delay[sec]= 210 

enableSampling = true 
numParams_ = 1 
paramName_ = signalPeriod 
values = 60 60.6452 61.2903 61.9355 62.5806 63.2258 63.871 64.5161 65.1613 65.8065 66.4516 67.0968 67.7419 68.3871 69.0323 69.6774 70.3226 70.9677 71.6129 72.2581 72.9032 73.5484 74.1935 74.8387 75.4839 76.129 76.7742 77.4194 78.0645 78.7097 79.3548 80 
enableRankTwoF_ = true 
forcingSize_ = 32 

*** Reading meshfile info ***

thetaLeft (deg) = 0
thetaRight (deg) = 180
CMB radius (km) = 3480
Earth surf radius (km) = 6371
dth [rad] = 0.0030709605606938349
drr [km] = 11.337254901960785
numGptVp = 262144
numGptSp = 523008
nth = 1024
nr = 256

*** Compute FOM Jacobians: with mat prop ***
Reading graph for vp ...Done
Reading Vp stencil coeffs for vp...Done
Reading graph for sp ...Done
minMaxVs = 5000 5000
jacVp:  nnz = 1046016 nrows = 262144 ncols = 523008
jacSp:  nnz = 1046016 nrows = 523008 ncols = 262144
Doing FOM with sampling of forcing period
Total number of samples 32
Target Source coords (depth [km], r [km], th [deg], th [rad]) = 640 5731 0 0
Source angle cannot be on left edge, mapping to: 0.0030709605606938349
Source mapped to GID = 203777 with depth (km) = 634.88627450980437 with angle (rad) = 0.0030709605606938349 angle (deg) = 0.17595307917888561
centerFreq = 0.025555722301523927
minPeriod  = 39.130179464360843
Numerical dispersion criterion along r: OK! 
drr = 11337.254901960785, ratio = 30000
Numerical dispersion criterion along theta: OK! 
maxArc = 19565.089732180422, ratio = 30000
CFL: OK! 
cfl = 0.03308274394499712

loopTime = 61.8279650790
dataCollectionTime = 0.0022196170
flops = 159015008.0000000000
memMB = 932.0380859375
flops/bytes = 0.1627063651
aveBandwidth(GB/s) =    14.72 
minBandwidth(GB/s) =    13.83 
maxBandwidth(GB/s) =    16.50 
aveGFlop =  2.5723 
minGFlop =  2.4165 
maxGFlop =  2.8826 
totTime(se) = 61.8187 
aveTime(ms) = 61.8187 
maxTime(ms) = 65.8026 
minTime(ms) = 55.1642 

finalProcessTime = 0.0000009850
