*** Parsing input ***

meshDir = /home/fnrizzi/shavePerf/fomscaling/meshes/mesh256x1024 
checkDispersion = true 
timeStep = 0.05 
finalT = 50 
numSteps = 1000 
includeMatPropInJacobian true 
exploitForcingSparsity true 

enableSnapshotMatrix = false 
enableSeimogram = false 

matModelType = unilayer 
rho(c0,c1,c2) = 2500 0 0
vs(c0,c1,c2)  = 5000 0 0

signal  type= gaussianDeriv depth[km]= 640 angle[deg]= 0 period[sec]= 60 delay[sec]= 210 

enableSampling = true 
numParams_ = 1 
paramName_ = signalPeriod 
values = 60 66.6667 73.3333 80 
enableRankTwoF_ = true 
forcingSize_ = 4 

*** Reading meshfile info ***

thetaLeft (deg) = 0
thetaRight (deg) = 180
CMB radius (km) = 3480
Earth surf radius (km) = 6371
dth [rad] = 0.0030709605606938349
drr [km] = 11.337254901960785
numGptVp = 262144
numGptSp = 523008
nth = 1024
nr = 256

*** Compute FOM Jacobians: with mat prop ***
Reading graph for vp ...Done
Reading Vp stencil coeffs for vp...Done
Reading graph for sp ...Done
minMaxVs = 5000 5000
jacVp:  nnz = 1046016 nrows = 262144 ncols = 523008
jacSp:  nnz = 1046016 nrows = 523008 ncols = 262144
Doing FOM with sampling of forcing period
Total number of samples 4
Target Source coords (depth [km], r [km], th [deg], th [rad]) = 640 5731 0 0
Source angle cannot be on left edge, mapping to: 0.0030709605606938349
Source mapped to GID = 203777 with depth (km) = 634.88627450980437 with angle (rad) = 0.0030709605606938349 angle (deg) = 0.17595307917888561
centerFreq = 0.025555722301523927
minPeriod  = 39.130179464360843
Numerical dispersion criterion along r: OK! 
drr = 11337.254901960785, ratio = 30000
Numerical dispersion criterion along theta: OK! 
maxArc = 19565.089732180422, ratio = 30000
CFL: OK! 
cfl = 0.03308274394499712

loopTime = 5.2340462610
dataCollectionTime = 0.0017043390
flops = 19876876.0000000000
memMB = 149.6778564453
flops/bytes = 0.1266457616
aveBandwidth(GB/s) =    27.96 
minBandwidth(GB/s) =    14.74 
maxBandwidth(GB/s) =    30.87 
aveGFlop =  3.8024 
minGFlop =  2.0045 
maxGFlop =  4.1980 
totTime(se) =  5.2274 
aveTime(ms) =  5.2274 
maxTime(ms) =  9.9160 
minTime(ms) =  4.7348 

finalProcessTime = 0.0000010260
