*** Parsing input ***

meshDir = /home/fnrizzi/waveRuns/fomScalingFinal/meshes/mesh2048x8192 
checkDispersion = true 
timeStep = 0.05 
finalT = 50 
numSteps = 1000 
includeMatPropInJacobian true 
exploitForcingSparsity true 

enableSnapshotMatrix = false 
enableSeimogram = false 

matModelType = unilayer 
rho(c0,c1,c2) = 2500 0 0
vs(c0,c1,c2)  = 5000 0 0

signal  type= gaussianDeriv depth[km]= 640 angle[deg]= 0 period[sec]= 60 delay[sec]= 180 

enableSampling = false 

*** Reading meshfile info ***

thetaLeft (deg) = 0
thetaRight (deg) = 180
CMB radius (km) = 3480
Earth surf radius (km) = 6371
dth [rad] = 0.00038354201606516825
drr [km] = 1.4123106985832927
numGptVp = 16777216
numGptSp = 33544192
nth = 8192
nr = 2048

*** Compute FOM Jacobians: with mat prop ***
Reading graph for vp ...Done
Reading Vp stencil coeffs for vp...Done
Reading graph for sp ...Done
minMaxVs = 5000 5000
jacVp:  nnz = 67088384 nrows = 16777216 ncols = 33544192
jacSp:  nnz = 67088384 nrows = 33544192 ncols = 16777216
Target Source coords (depth [km], r [km], th [deg], th [rad]) = 640 5731 0 0
Source angle cannot be on left edge, mapping to: 0.00038354201606516825
Source mapped to GID = 13058049 with depth (km) = 639.77674645823151 with angle (rad) = 0.00038354201606516825 angle (deg) = 0.021975338786472957
centerFreq = 0.20462064650223113
minPeriod  = 4.8870923687023744
Numerical dispersion criterion along r: OK! 
drr = 1412.3106985832928, ratio = 30000
Numerical dispersion criterion along theta: OK! 
maxArc = 2443.5461843511871, ratio = 30000
CFL: OK! 
cfl = 0.26488832419694175

loopTime = 63.8292744640
dataCollectionTime = 0.0018107880
flops = 318674947.0000000000
memMB = 4254.8281250000
flops/bytes = 0.0714275884
aveBandwidth(GB/s) =    65.11 
minBandwidth(GB/s) =    59.84 
maxBandwidth(GB/s) =    65.96 
aveGFlop =  4.9934 
minGFlop =  4.5892 
maxGFlop =  5.0592 
totTime(se) = 63.8195 
aveTime(ms) = 63.8195 
maxTime(ms) = 69.4396 
minTime(ms) = 62.9897 

finalProcessTime = 0.0000007990
