*** Parsing input ***

meshDir = /home/fnrizzi/romScaling/june12/meshes/mesh300x1200 
checkDispersion = true 
timeStep = 0.1 
finalT = 400 
numSteps = 4000 
includeMatPropInJacobian true 
exploitForcingSparsity true 

enableSnapshotMatrix = false 
enableSeimogram = false 

matModelType = prem 

signal  type= gaussianDeriv depth[km]= 640 angle[deg]= 0 period[sec]= 55 delay[sec]= 209.972 
You did not set the basisfiles so I am using dummy basis
vpRomSize_ = 64 
spRomSize_ = 64 
vpBasisFileName_ = empty 
spBasisFileName_ = empty
---------------------------------------------------

enableSampling = true 
numParams_ = 1 
paramName_ = signalPeriod 
values = 63.025 61.8956 66.5208 68.9877 63.7991 66.1473 62.9837 60.6354 68.5142 67.7968 68.3623 67.9021 61.2555 60.8514 67.0694 64.6768 67.2831 64.1959 66.1087 62.8692 60.1103 64.4194 68.0714 69.189 62.107 63.0163 69.7911 68.4477 60.0777 64.6587 61.2123 68.0822 68.1209 63.647 63.1018 65.9849 64.6963 62.983 64.6916 66.908 67.7386 63.416 64.1259 63.8389 67.3377 65.0482 65.2533 61.2208 60.8079 67.7855 62.504 65.7288 60.7986 65.901 65.714 64.2428 62.4403 62.5252 63.7023 62.9663 63.511 67.1057 68.1581 69.7651 63.2438 66.5123 62.7538 65.4498 68.8646 69.0468 68.9927 66.2786 63.749 68.5605 62.7224 67.4608 69.3812 60.0028 69.3557 68.1288 65.2876 69.3604 66.3795 69.546 66.8352 60.3213 66.8704 66.9766 66.1558 66.8757 61.7633 68.5634 67.2403 67.7583 62.9773 60.9508 60.1506 64.8457 67.7089 66.2831 69.4861 61.4496 68.4663 62.7985 69.9756 66.726 60.4935 68.3158 69.6195 63.3933 62.365 69.2087 67.9739 69.9905 61.8617 60.052 66.4129 61.4418 67.2023 66.656 67.0734 67.661 69.3816 65.456 66.8287 63.69 61.3067 67.8053 67.4331 69.2625 69.7333 62.6081 63.8538 61.1208 68.7234 63.9001 65.2109 65.7379 66.3695 60.1136 65.0251 62.9527 61.8887 66.1909 62.598 65.5197 68.5797 67.8024 66.5236 65.8978 61.1238 65.3552 61.6404 68.9397 67.6075 67.1659 61.6777 60.5806 61.8561 69.0655 61.391 60.2122 61.5154 67.3807 65.0807 64.1478 67.2002 62.7763 66.0067 63.9012 68.8473 69.6105 63.9525 60.5252 63.4583 67.8626 67.3166 60.5734 65.3622 65.7157 68.556 62.3096 66.3253 65.0925 68.3473 65.0176 63.0234 65.3134 60.1773 62.5217 69.2777 64.5062 60.4578 63.5034 66.2626 62.119 60.1891 61.9925 68.0563 60.8887 67.3166 63.4697 63.6558 64.5221 65.5918 63.8925 69.8679 67.4535 64.2365 68.8281 69.5809 62.3878 65.6305 69.9178 61.288 67.6196 62.363 60.1528 67.0545 66.9468 62.2829 60.3653 69.265 68.4544 62.9692 63.8273 67.2385 64.6209 67.3153 68.9002 64.794 69.7523 64.8003 63.7965 62.5245 63.4738 65.6138 68.5738 62.0716 63.5669 63.3742 64.116 67.9968 66.2918 68.9297 62.1289 62.7584 63.1282 68.1454 62.0728 60.1704 65.3556 61.6233 64.6841 63.7304 65.0557 
enableRankTwoF_ = true 
forcingSize_ = 256 

*** Reading meshfile info ***

thetaLeft (deg) = 0
thetaRight (deg) = 180
CMB radius (km) = 3480
Earth surf radius (km) = 6371
dth [rad] = 0.0026201773591240977
drr [km] = 9.6688963210702337
numGptVp = 360000
numGptSp = 718500
nth = 1200
nr = 300

*** Compute FOM Jacobians: with mat prop ***
Reading graph for vp ...Done
Reading Vp stencil coeffs for vp...Done
Reading graph for sp ...Done
jacVp:  nnz = 1437000 nrows = 360000 ncols = 718500
jacSp:  nnz = 1437000 nrows = 718500 ncols = 360000
The computation of the rom jacobians is disabled
romJac time: 0.0002526060
Target Source coords (depth [km], r [km], th [deg], th [rad]) = 640.0000000000 5731.0000000000 0.0000000000 0.0000000000
Source angle cannot be on left edge, mapping to: 0.00262017735912410
Source mapped to GID = 279601 with depth (km) = 638.14715719063485722 with angle (rad) = 0.00262017735912410 angle (deg) = 0.15012510425354461
centerFreq = 0.01916953965327214
minPeriod  = 52.16609360931133210
Numerical dispersion criterion along r: OK! 
drr = 9668.89632107023317076, ratio = 19200.88556295238959137
Numerical dispersion criterion along theta: OK! 
maxArc = 16693.14995497962445370, ratio = 19200.88556295238959137
CFL: OK! 
cfl = 0.11269344961025346
ROM-KOKKOS-B step = 2000
ROM-KOKKOS-B step = 4000

loopTime = 1.3390022140
dataCollectionTime = 0.0073822930
flops = 4276224.0000000000
memMB = 1.1914062500
flops/bytes = 3.4229508197
aveBandwidth(GB/s) =     3.53 
minBandwidth(GB/s) =     0.78 
maxBandwidth(GB/s) =     4.06 
aveGFlop = 12.9835 
minGFlop =  2.8490 
maxGFlop = 14.9330 
totTime(se) =  1.3174 
aveTime(ms) =  0.3294 
maxTime(ms) =  1.5010 
minTime(ms) =  0.2864 
